<?xml version="1.0" encoding="UTF-8"?>
<testsuites name="Login" time="112.192" tests="4" failures="0" errors="0">
   <testsuite name="Login" tests="4" failures="0" errors="0" time="112.192" skipped="0" timestamp="2022-02-11 16:17:36" hostname="knoldus - knoldus-Latitude-3520" id="Test Suites/Login/Login">
      <properties>
         <property name="deviceName" value=""/>
         <property name="devicePlatform" value=""/>
         <property name="logFolder" value="/home/knoldus/git/Universal-Auto/Reports/20220211_161715/Login/Login/20220211_161716"/>
         <property name="logFiles" value="/home/knoldus/git/Universal-Auto/Reports/20220211_161715/Login/Login/20220211_161716/execution0.log"/>
         <property name="attachments" value="/home/knoldus/git/Universal-Auto/Reports/20220211_161715/Login/Login/20220211_161716/1644576487767.png, /home/knoldus/git/Universal-Auto/Reports/20220211_161715/Login/Login/20220211_161716/1644576509682.png, /home/knoldus/git/Universal-Auto/Reports/20220211_161715/Login/Login/20220211_161716/1644576538290.png, /home/knoldus/git/Universal-Auto/Reports/20220211_161715/Login/Login/20220211_161716/1644576567951.png"/>
         <property name="hostName" value="knoldus - knoldus-Latitude-3520"/>
         <property name="os" value="Linux 64bit"/>
         <property name="katalonVersion" value="8.2.0.208"/>
         <property name="browser" value="Firefox 96.0"/>
         <property name="hostAddress" value="127.0.1.1"/>
         <property name="sessionId" value="dedaebfc-8b9a-4a91-a4ec-ebd544e3396a"/>
         <property name="seleniumVersion" value="3.141.59"/>
         <property name="proxyInformation" value="ProxyInformation { proxyOption=NO_PROXY, proxyServerType=HTTP, username=, password=********, proxyServerAddress=, proxyServerPort=0, executionList=&quot;&quot;, isApplyToDesiredCapabilities=true }"/>
         <property name="platform" value="Linux"/>
      </properties>
      <testcase name="Test Cases/Universal/Login/TC-1 Login with Moviestar" time="31.246" classname="Test Cases/Universal/Login/TC-1 Login with Moviestar" status="PASSED">
         <system-out><![CDATA[2022-02-11 16:17:36 - [TEST_CASE][PASSED] - Test Cases/Universal/Login/TC-1 Login with Moviestar: Test Cases/Universal/Login/TC-1 Login with Moviestar

2022-02-11 16:17:37 - [TEST_STEP][PASSED] - openBrowser(""): Browser is opened with url: ''

2022-02-11 16:17:37 - [MESSAGE][INFO] - Starting 'Firefox (headless)' driver

2022-02-11 16:17:37 - [MESSAGE][INFO] - Action delay is set to 0 milliseconds

2022-02-11 16:17:39 - [MESSAGE][PASSED] - Browser is opened with url: ''

2022-02-11 16:17:39 - [TEST_STEP][PASSED] - setViewPortSize(1920, 1080): Viewport is set to new size with width = 1920 and height = 1080

2022-02-11 16:17:39 - [MESSAGE][PASSED] - Viewport is set to new size with width = 1920 and height = 1080

2022-02-11 16:17:39 - [TEST_STEP][PASSED] - navigateToUrl(url): Navigate to 'https://universal.3tlstaging.com/home' successfully

2022-02-11 16:17:58 - [MESSAGE][PASSED] - Navigate to 'https://universal.3tlstaging.com/home' successfully

2022-02-11 16:17:58 - [TEST_STEP][PASSED] - delay(5): Delayed 5 second(s)

2022-02-11 16:18:03 - [MESSAGE][PASSED] - Delayed 5 second(s)

2022-02-11 16:18:03 - [TEST_STEP][PASSED] - maximizeWindow(): Current window maximized

2022-02-11 16:18:04 - [MESSAGE][PASSED] - Current window maximized

2022-02-11 16:18:04 - [TEST_STEP][PASSED] - if (verifyTextPresent("REGISTER / LOGIN", true, STOP_ON_FAILURE)): null

2022-02-11 16:18:04 - [MESSAGE][PASSED] - Text 'REGISTER / LOGIN' is present on page  using regular expression

2022-02-11 16:18:04 - [TEST_STEP][PASSED] - click(findTestObject("Universal Staging/a_Register  Login")): Object: 'Object Repository/Universal Staging/a_Register  Login' is clicked on

2022-02-11 16:18:05 - [MESSAGE][PASSED] - Object: 'Object Repository/Universal Staging/a_Register  Login' is clicked on

2022-02-11 16:18:05 - [TEST_STEP][PASSED] - setText(findTestObject("Universal Staging/input_USERNAME OR EMAIL_mat-input-0"), Email): Text 'testing12345@yopmail.com' is set on object 'Object Repository/Universal Staging/input_USERNAME OR EMAIL_mat-input-0'

2022-02-11 16:18:05 - [MESSAGE][PASSED] - Text 'testing12345@yopmail.com' is set on object 'Object Repository/Universal Staging/input_USERNAME OR EMAIL_mat-input-0'

2022-02-11 16:18:05 - [TEST_STEP][PASSED] - setText(findTestObject("Universal Staging/input_PASSWORD_mat-input-1"), Pswrd): Text '3TL@testing' is set on object 'Object Repository/Universal Staging/input_PASSWORD_mat-input-1'

2022-02-11 16:18:05 - [MESSAGE][PASSED] - Text '3TL@testing' is set on object 'Object Repository/Universal Staging/input_PASSWORD_mat-input-1'

2022-02-11 16:18:05 - [TEST_STEP][PASSED] - click(findTestObject("Universal Staging/button_Login")): Object: 'Object Repository/Universal Staging/button_Login' is clicked on

2022-02-11 16:18:05 - [MESSAGE][PASSED] - Object: 'Object Repository/Universal Staging/button_Login' is clicked on

2022-02-11 16:18:05 - [TEST_STEP][PASSED] - delay(2): Delayed 2 second(s)

2022-02-11 16:18:07 - [MESSAGE][PASSED] - Delayed 2 second(s)

2022-02-11 16:18:07 - [TEST_STEP][PASSED] - User_name = getText(findTestObject("Object Repository/Universal Staging/Tier Name")): Text of object 'Object Repository/Universal Staging/Tier Name' is: 'Ankit Kumar'

2022-02-11 16:18:07 - [MESSAGE][PASSED] - Text of object 'Object Repository/Universal Staging/Tier Name' is: 'Ankit Kumar'

2022-02-11 16:18:07 - [TEST_STEP][PASSED] - Tier_name = getText(findTestObject("Object Repository/Universal Staging/Tier Namee"), CONTINUE_ON_FAILURE): Text of object 'Object Repository/Universal Staging/Tier Namee' is: 'MOVIE STAR'

2022-02-11 16:18:07 - [MESSAGE][PASSED] - Text of object 'Object Repository/Universal Staging/Tier Namee' is: 'MOVIE STAR'

2022-02-11 16:18:07 - [TEST_STEP][PASSED] - out.println("Welcome " + User_name): null

2022-02-11 16:18:07 - [TEST_STEP][PASSED] - out.println("you are in " + Tier_name): null

2022-02-11 16:18:07 - [TEST_STEP][PASSED] - takeScreenshot(): Taking screenshot successfully

2022-02-11 16:18:07 - [MESSAGE][PASSED] - Taking screenshot successfully
[[ATTACHMENT|/home/knoldus/git/Universal-Auto/Reports/20220211_161715/Login/Login/20220211_161716/1644576487767.png]]]]></system-out>
         <system-err><![CDATA[]]></system-err>
      </testcase>
      <testcase name="Test Cases/Universal/Login/TC-3 Login with Director" time="21.878" classname="Test Cases/Universal/Login/TC-3 Login with Director" status="PASSED">
         <system-out><![CDATA[2022-02-11 16:18:07 - [TEST_CASE][PASSED] - Test Cases/Universal/Login/TC-3 Login with Director: Test Cases/Universal/Login/TC-3 Login with Director

2022-02-11 16:18:08 - [TEST_STEP][PASSED] - openBrowser(""): Browser is opened with url: ''

2022-02-11 16:18:08 - [MESSAGE][WARNING] - A browser is already opened. Closing browser and opening a new one

2022-02-11 16:18:08 - [MESSAGE][INFO] - Starting 'Firefox (headless)' driver

2022-02-11 16:18:08 - [MESSAGE][INFO] - Action delay is set to 0 milliseconds

2022-02-11 16:18:10 - [MESSAGE][PASSED] - Browser is opened with url: ''

2022-02-11 16:18:10 - [TEST_STEP][PASSED] - setViewPortSize(1920, 1080): Viewport is set to new size with width = 1920 and height = 1080

2022-02-11 16:18:10 - [MESSAGE][PASSED] - Viewport is set to new size with width = 1920 and height = 1080

2022-02-11 16:18:10 - [TEST_STEP][PASSED] - navigateToUrl(url): Navigate to 'https://universal.3tlstaging.com/home' successfully

2022-02-11 16:18:20 - [MESSAGE][PASSED] - Navigate to 'https://universal.3tlstaging.com/home' successfully

2022-02-11 16:18:20 - [TEST_STEP][PASSED] - delay(5): Delayed 5 second(s)

2022-02-11 16:18:25 - [MESSAGE][PASSED] - Delayed 5 second(s)

2022-02-11 16:18:25 - [TEST_STEP][PASSED] - maximizeWindow(): Current window maximized

2022-02-11 16:18:26 - [MESSAGE][PASSED] - Current window maximized

2022-02-11 16:18:26 - [TEST_STEP][PASSED] - if (verifyTextPresent("REGISTER / LOGIN", true, STOP_ON_FAILURE)): null

2022-02-11 16:18:26 - [MESSAGE][PASSED] - Text 'REGISTER / LOGIN' is present on page  using regular expression

2022-02-11 16:18:26 - [TEST_STEP][PASSED] - click(findTestObject("Universal Staging/a_Register  Login")): Object: 'Object Repository/Universal Staging/a_Register  Login' is clicked on

2022-02-11 16:18:26 - [MESSAGE][PASSED] - Object: 'Object Repository/Universal Staging/a_Register  Login' is clicked on

2022-02-11 16:18:26 - [TEST_STEP][PASSED] - setText(findTestObject("Universal Staging/input_USERNAME OR EMAIL_mat-input-0"), Email): Text 'test3004@yopmail.com' is set on object 'Object Repository/Universal Staging/input_USERNAME OR EMAIL_mat-input-0'

2022-02-11 16:18:27 - [MESSAGE][PASSED] - Text 'test3004@yopmail.com' is set on object 'Object Repository/Universal Staging/input_USERNAME OR EMAIL_mat-input-0'

2022-02-11 16:18:27 - [TEST_STEP][PASSED] - setText(findTestObject("Universal Staging/input_PASSWORD_mat-input-1"), Pswrd): Text '3tl@testing' is set on object 'Object Repository/Universal Staging/input_PASSWORD_mat-input-1'

2022-02-11 16:18:27 - [MESSAGE][PASSED] - Text '3tl@testing' is set on object 'Object Repository/Universal Staging/input_PASSWORD_mat-input-1'

2022-02-11 16:18:27 - [TEST_STEP][PASSED] - click(findTestObject("Universal Staging/button_Login")): Object: 'Object Repository/Universal Staging/button_Login' is clicked on

2022-02-11 16:18:27 - [MESSAGE][PASSED] - Object: 'Object Repository/Universal Staging/button_Login' is clicked on

2022-02-11 16:18:27 - [TEST_STEP][PASSED] - delay(2): Delayed 2 second(s)

2022-02-11 16:18:29 - [MESSAGE][PASSED] - Delayed 2 second(s)

2022-02-11 16:18:29 - [TEST_STEP][PASSED] - User_name = getText(findTestObject("Object Repository/Universal Staging/Tier Name")): Text of object 'Object Repository/Universal Staging/Tier Name' is: 'Gargi Sanadhya'

2022-02-11 16:18:29 - [MESSAGE][PASSED] - Text of object 'Object Repository/Universal Staging/Tier Name' is: 'Gargi Sanadhya'

2022-02-11 16:18:29 - [TEST_STEP][PASSED] - Tier_name = getText(findTestObject("Object Repository/Universal Staging/Tier Namee"), CONTINUE_ON_FAILURE): Text of object 'Object Repository/Universal Staging/Tier Namee' is: 'DIRECTOR'

2022-02-11 16:18:29 - [MESSAGE][PASSED] - Text of object 'Object Repository/Universal Staging/Tier Namee' is: 'DIRECTOR'

2022-02-11 16:18:29 - [TEST_STEP][PASSED] - out.println("Welcome " + User_name): null

2022-02-11 16:18:29 - [TEST_STEP][PASSED] - out.println("you are in " + Tier_name): null

2022-02-11 16:18:29 - [TEST_STEP][PASSED] - takeScreenshot(): Taking screenshot successfully

2022-02-11 16:18:29 - [MESSAGE][PASSED] - Taking screenshot successfully
[[ATTACHMENT|/home/knoldus/git/Universal-Auto/Reports/20220211_161715/Login/Login/20220211_161716/1644576509682.png]]]]></system-out>
         <system-err><![CDATA[]]></system-err>
      </testcase>
      <testcase name="Test Cases/Universal/Login/TC-2 Login with Screenwriter" time="28.572" classname="Test Cases/Universal/Login/TC-2 Login with Screenwriter" status="PASSED">
         <system-out><![CDATA[2022-02-11 16:18:29 - [TEST_CASE][PASSED] - Test Cases/Universal/Login/TC-2 Login with Screenwriter: Test Cases/Universal/Login/TC-2 Login with Screenwriter

2022-02-11 16:18:30 - [TEST_STEP][PASSED] - openBrowser(""): Browser is opened with url: ''

2022-02-11 16:18:30 - [MESSAGE][WARNING] - A browser is already opened. Closing browser and opening a new one

2022-02-11 16:18:30 - [MESSAGE][INFO] - Starting 'Firefox (headless)' driver

2022-02-11 16:18:30 - [MESSAGE][INFO] - Action delay is set to 0 milliseconds

2022-02-11 16:18:32 - [MESSAGE][PASSED] - Browser is opened with url: ''

2022-02-11 16:18:32 - [TEST_STEP][PASSED] - setViewPortSize(1920, 1080): Viewport is set to new size with width = 1920 and height = 1080

2022-02-11 16:18:32 - [MESSAGE][PASSED] - Viewport is set to new size with width = 1920 and height = 1080

2022-02-11 16:18:32 - [TEST_STEP][PASSED] - navigateToUrl(url): Navigate to 'https://universal.3tlstaging.com/home' successfully

2022-02-11 16:18:49 - [MESSAGE][PASSED] - Navigate to 'https://universal.3tlstaging.com/home' successfully

2022-02-11 16:18:49 - [TEST_STEP][PASSED] - delay(5): Delayed 5 second(s)

2022-02-11 16:18:54 - [MESSAGE][PASSED] - Delayed 5 second(s)

2022-02-11 16:18:54 - [TEST_STEP][PASSED] - maximizeWindow(): Current window maximized

2022-02-11 16:18:54 - [MESSAGE][PASSED] - Current window maximized

2022-02-11 16:18:54 - [TEST_STEP][PASSED] - if (verifyTextPresent("REGISTER / LOGIN", true, STOP_ON_FAILURE)): null

2022-02-11 16:18:55 - [MESSAGE][PASSED] - Text 'REGISTER / LOGIN' is present on page  using regular expression

2022-02-11 16:18:55 - [TEST_STEP][PASSED] - click(findTestObject("Universal Staging/a_Register  Login")): Object: 'Object Repository/Universal Staging/a_Register  Login' is clicked on

2022-02-11 16:18:55 - [MESSAGE][PASSED] - Object: 'Object Repository/Universal Staging/a_Register  Login' is clicked on

2022-02-11 16:18:55 - [TEST_STEP][PASSED] - setText(findTestObject("Universal Staging/input_USERNAME OR EMAIL_mat-input-0"), Email): Text 'ankit248@yopmail.com' is set on object 'Object Repository/Universal Staging/input_USERNAME OR EMAIL_mat-input-0'

2022-02-11 16:18:55 - [MESSAGE][PASSED] - Text 'ankit248@yopmail.com' is set on object 'Object Repository/Universal Staging/input_USERNAME OR EMAIL_mat-input-0'

2022-02-11 16:18:55 - [TEST_STEP][PASSED] - setText(findTestObject("Universal Staging/input_PASSWORD_mat-input-1"), Pswrd): Text '3TL@testing' is set on object 'Object Repository/Universal Staging/input_PASSWORD_mat-input-1'

2022-02-11 16:18:55 - [MESSAGE][PASSED] - Text '3TL@testing' is set on object 'Object Repository/Universal Staging/input_PASSWORD_mat-input-1'

2022-02-11 16:18:55 - [TEST_STEP][PASSED] - click(findTestObject("Universal Staging/button_Login")): Object: 'Object Repository/Universal Staging/button_Login' is clicked on

2022-02-11 16:18:56 - [MESSAGE][PASSED] - Object: 'Object Repository/Universal Staging/button_Login' is clicked on

2022-02-11 16:18:56 - [TEST_STEP][PASSED] - delay(2): Delayed 2 second(s)

2022-02-11 16:18:58 - [MESSAGE][PASSED] - Delayed 2 second(s)

2022-02-11 16:18:58 - [TEST_STEP][PASSED] - User_name = getText(findTestObject("Object Repository/Universal Staging/Tier Name")): Text of object 'Object Repository/Universal Staging/Tier Name' is: 'Ankit Kumar'

2022-02-11 16:18:58 - [MESSAGE][PASSED] - Text of object 'Object Repository/Universal Staging/Tier Name' is: 'Ankit Kumar'

2022-02-11 16:18:58 - [TEST_STEP][PASSED] - Tier_name = getText(findTestObject("Object Repository/Universal Staging/Tier Namee"), CONTINUE_ON_FAILURE): Text of object 'Object Repository/Universal Staging/Tier Namee' is: 'SCREENWRITER'

2022-02-11 16:18:58 - [MESSAGE][PASSED] - Text of object 'Object Repository/Universal Staging/Tier Namee' is: 'SCREENWRITER'

2022-02-11 16:18:58 - [TEST_STEP][PASSED] - out.println("Welcome " + User_name): null

2022-02-11 16:18:58 - [TEST_STEP][PASSED] - out.println("you are in " + Tier_name): null

2022-02-11 16:18:58 - [TEST_STEP][PASSED] - takeScreenshot(): Taking screenshot successfully

2022-02-11 16:18:58 - [MESSAGE][PASSED] - Taking screenshot successfully
[[ATTACHMENT|/home/knoldus/git/Universal-Auto/Reports/20220211_161715/Login/Login/20220211_161716/1644576538290.png]]]]></system-out>
         <system-err><![CDATA[]]></system-err>
      </testcase>
      <testcase name="Test Cases/Universal/Login/TC-4 Login with Extra" time="30.189" classname="Test Cases/Universal/Login/TC-4 Login with Extra" status="PASSED">
         <system-out><![CDATA[2022-02-11 16:18:58 - [TEST_CASE][PASSED] - Test Cases/Universal/Login/TC-4 Login with Extra: Test Cases/Universal/Login/TC-4 Login with Extra

2022-02-11 16:18:58 - [TEST_STEP][PASSED] - openBrowser(""): Browser is opened with url: ''

2022-02-11 16:18:58 - [MESSAGE][WARNING] - A browser is already opened. Closing browser and opening a new one

2022-02-11 16:18:59 - [MESSAGE][INFO] - Starting 'Firefox (headless)' driver

2022-02-11 16:18:59 - [MESSAGE][INFO] - Action delay is set to 0 milliseconds

2022-02-11 16:19:01 - [MESSAGE][PASSED] - Browser is opened with url: ''

2022-02-11 16:19:01 - [TEST_STEP][PASSED] - setViewPortSize(1920, 1080): Viewport is set to new size with width = 1920 and height = 1080

2022-02-11 16:19:01 - [MESSAGE][PASSED] - Viewport is set to new size with width = 1920 and height = 1080

2022-02-11 16:19:01 - [TEST_STEP][PASSED] - navigateToUrl(url): Navigate to 'https://universal.3tlstaging.com/home' successfully

2022-02-11 16:19:19 - [MESSAGE][PASSED] - Navigate to 'https://universal.3tlstaging.com/home' successfully

2022-02-11 16:19:19 - [TEST_STEP][PASSED] - delay(5): Delayed 5 second(s)

2022-02-11 16:19:24 - [MESSAGE][PASSED] - Delayed 5 second(s)

2022-02-11 16:19:24 - [TEST_STEP][PASSED] - maximizeWindow(): Current window maximized

2022-02-11 16:19:24 - [MESSAGE][PASSED] - Current window maximized

2022-02-11 16:19:24 - [TEST_STEP][PASSED] - if (verifyTextPresent("REGISTER / LOGIN", true, STOP_ON_FAILURE)): null

2022-02-11 16:19:24 - [MESSAGE][PASSED] - Text 'REGISTER / LOGIN' is present on page  using regular expression

2022-02-11 16:19:24 - [TEST_STEP][PASSED] - click(findTestObject("Universal Staging/a_Register  Login")): Object: 'Object Repository/Universal Staging/a_Register  Login' is clicked on

2022-02-11 16:19:25 - [MESSAGE][PASSED] - Object: 'Object Repository/Universal Staging/a_Register  Login' is clicked on

2022-02-11 16:19:25 - [TEST_STEP][PASSED] - setText(findTestObject("Universal Staging/input_USERNAME OR EMAIL_mat-input-0"), Email): Text 'soniatest@yopmail.com' is set on object 'Object Repository/Universal Staging/input_USERNAME OR EMAIL_mat-input-0'

2022-02-11 16:19:25 - [MESSAGE][PASSED] - Text 'soniatest@yopmail.com' is set on object 'Object Repository/Universal Staging/input_USERNAME OR EMAIL_mat-input-0'

2022-02-11 16:19:25 - [TEST_STEP][PASSED] - setText(findTestObject("Universal Staging/input_PASSWORD_mat-input-1"), Pswrd): Text 'Test@123' is set on object 'Object Repository/Universal Staging/input_PASSWORD_mat-input-1'

2022-02-11 16:19:25 - [MESSAGE][PASSED] - Text 'Test@123' is set on object 'Object Repository/Universal Staging/input_PASSWORD_mat-input-1'

2022-02-11 16:19:25 - [TEST_STEP][PASSED] - click(findTestObject("Universal Staging/button_Login")): Object: 'Object Repository/Universal Staging/button_Login' is clicked on

2022-02-11 16:19:25 - [MESSAGE][PASSED] - Object: 'Object Repository/Universal Staging/button_Login' is clicked on

2022-02-11 16:19:25 - [TEST_STEP][PASSED] - delay(2): Delayed 2 second(s)

2022-02-11 16:19:27 - [MESSAGE][PASSED] - Delayed 2 second(s)

2022-02-11 16:19:27 - [TEST_STEP][PASSED] - User_name = getText(findTestObject("Object Repository/Universal Staging/Tier Name")): Text of object 'Object Repository/Universal Staging/Tier Name' is: 'Sonia Rai'

2022-02-11 16:19:27 - [MESSAGE][PASSED] - Text of object 'Object Repository/Universal Staging/Tier Name' is: 'Sonia Rai'

2022-02-11 16:19:27 - [TEST_STEP][PASSED] - Tier_name = getText(findTestObject("Object Repository/Universal Staging/Tier Namee"), CONTINUE_ON_FAILURE): Text of object 'Object Repository/Universal Staging/Tier Namee' is: 'EXTRA'

2022-02-11 16:19:27 - [MESSAGE][PASSED] - Text of object 'Object Repository/Universal Staging/Tier Namee' is: 'EXTRA'

2022-02-11 16:19:27 - [TEST_STEP][PASSED] - out.println("Welcome" + User_name): null

2022-02-11 16:19:27 - [TEST_STEP][PASSED] - out.println("you are in" + Tier_name): null

2022-02-11 16:19:27 - [TEST_STEP][PASSED] - takeScreenshot(): Taking screenshot successfully

2022-02-11 16:19:28 - [MESSAGE][PASSED] - Taking screenshot successfully
[[ATTACHMENT|/home/knoldus/git/Universal-Auto/Reports/20220211_161715/Login/Login/20220211_161716/1644576567951.png]]

2022-02-11 16:19:28 - [TEST_STEP][PASSED] - closeBrowser(): Browser is closed

2022-02-11 16:19:28 - [MESSAGE][PASSED] - Browser is closed

2022-02-11 16:19:28 - [TEST_STEP][PASSED] - closeBrowser(): Browser is closed

2022-02-11 16:19:28 - [MESSAGE][PASSED] - Browser is closed]]></system-out>
         <system-err><![CDATA[]]></system-err>
      </testcase>
      <system-out><![CDATA[2022-02-11 16:17:36 - [TEST_SUITE][PASSED] - Login: Test Cases/Universal/Login/TC-4 Login with Extra]]></system-out>
      <system-err><![CDATA[]]></system-err>
   </testsuite>
</testsuites>
