<?xml version="1.0" encoding="UTF-8"?>
<testsuites name="Digital Rewards" time="53.351" tests="1" failures="0" errors="0">
   <testsuite name="Digital Rewards" tests="1" failures="0" errors="0" time="53.351" skipped="0" timestamp="2022-02-11 16:21:51" hostname="knoldus - knoldus-Latitude-3520" id="Test Suites/Digital Rewards/Digital Rewards">
      <properties>
         <property name="deviceName" value=""/>
         <property name="devicePlatform" value=""/>
         <property name="logFolder" value="/home/knoldus/git/Universal-Auto/Reports/20220211_161715/Digital Rewards/Digital Rewards/20220211_161722"/>
         <property name="logFiles" value="/home/knoldus/git/Universal-Auto/Reports/20220211_161715/Digital Rewards/Digital Rewards/20220211_161722/execution0.log"/>
         <property name="attachments" value="/home/knoldus/git/Universal-Auto/Reports/20220211_161715/Digital Rewards/Digital Rewards/20220211_161722/1644576739663.png"/>
         <property name="hostName" value="knoldus - knoldus-Latitude-3520"/>
         <property name="os" value="Linux 64bit"/>
         <property name="katalonVersion" value="8.2.0.208"/>
         <property name="browser" value="Firefox 96.0"/>
         <property name="hostAddress" value="127.0.1.1"/>
         <property name="sessionId" value="bb5047e2-0cdf-49a7-b393-eced2f7d9347"/>
         <property name="seleniumVersion" value="3.141.59"/>
         <property name="proxyInformation" value="ProxyInformation { proxyOption=NO_PROXY, proxyServerType=HTTP, username=, password=********, proxyServerAddress=, proxyServerPort=0, executionList=&quot;&quot;, isApplyToDesiredCapabilities=true }"/>
         <property name="platform" value="Linux"/>
      </properties>
      <testcase name="Test Cases/Universal/Tc-3 Verify the Digital rewards on reward page" time="53.117" classname="Test Cases/Universal/Tc-3 Verify the Digital rewards on reward page" status="PASSED">
         <system-out><![CDATA[2022-02-11 16:21:51 - [TEST_CASE][PASSED] - Test Cases/Universal/Tc-3 Verify the Digital rewards on reward page: Test Cases/Universal/Tc-3 Verify the Digital rewards on reward page

2022-02-11 16:21:51 - [TEST_STEP][PASSED] - callTestCase(findTestCase("Universal/Login/TC-3 Login with Director"), ["Email":"test3004@yopmail.com", "Pswrd":"3tl@testing"], CONTINUE_ON_FAILURE): Call Test Case 'Test Cases/Universal/Login/TC-3 Login with Director' successfully

2022-02-11 16:21:52 - [TEST_CASE][PASSED] - Test Cases/Universal/Login/TC-3 Login with Director: Test Cases/Universal/Login/TC-3 Login with Director

2022-02-11 16:21:52 - [TEST_STEP][PASSED] - openBrowser(""): Browser is opened with url: ''

2022-02-11 16:21:52 - [MESSAGE][INFO] - Starting 'Firefox (headless)' driver

2022-02-11 16:21:52 - [MESSAGE][INFO] - Action delay is set to 0 milliseconds

2022-02-11 16:21:54 - [MESSAGE][PASSED] - Browser is opened with url: ''

2022-02-11 16:21:54 - [TEST_STEP][PASSED] - setViewPortSize(1920, 1080): Viewport is set to new size with width = 1920 and height = 1080

2022-02-11 16:21:54 - [MESSAGE][PASSED] - Viewport is set to new size with width = 1920 and height = 1080

2022-02-11 16:21:54 - [TEST_STEP][PASSED] - navigateToUrl(url): Navigate to 'https://universal.3tlstaging.com/home' successfully

2022-02-11 16:22:10 - [MESSAGE][PASSED] - Navigate to 'https://universal.3tlstaging.com/home' successfully

2022-02-11 16:22:10 - [TEST_STEP][PASSED] - delay(5): Delayed 5 second(s)

2022-02-11 16:22:15 - [MESSAGE][PASSED] - Delayed 5 second(s)

2022-02-11 16:22:15 - [TEST_STEP][PASSED] - maximizeWindow(): Current window maximized

2022-02-11 16:22:16 - [MESSAGE][PASSED] - Current window maximized

2022-02-11 16:22:16 - [TEST_STEP][PASSED] - if (verifyTextPresent("REGISTER / LOGIN", true, STOP_ON_FAILURE)): null

2022-02-11 16:22:16 - [MESSAGE][PASSED] - Text 'REGISTER / LOGIN' is present on page  using regular expression

2022-02-11 16:22:16 - [TEST_STEP][PASSED] - click(findTestObject("Universal Staging/a_Register  Login")): Object: 'Object Repository/Universal Staging/a_Register  Login' is clicked on

2022-02-11 16:22:16 - [MESSAGE][PASSED] - Object: 'Object Repository/Universal Staging/a_Register  Login' is clicked on

2022-02-11 16:22:16 - [TEST_STEP][PASSED] - setText(findTestObject("Universal Staging/input_USERNAME OR EMAIL_mat-input-0"), Email): Text 'test3004@yopmail.com' is set on object 'Object Repository/Universal Staging/input_USERNAME OR EMAIL_mat-input-0'

2022-02-11 16:22:17 - [MESSAGE][PASSED] - Text 'test3004@yopmail.com' is set on object 'Object Repository/Universal Staging/input_USERNAME OR EMAIL_mat-input-0'

2022-02-11 16:22:17 - [TEST_STEP][PASSED] - setText(findTestObject("Universal Staging/input_PASSWORD_mat-input-1"), Pswrd): Text '3tl@testing' is set on object 'Object Repository/Universal Staging/input_PASSWORD_mat-input-1'

2022-02-11 16:22:17 - [MESSAGE][PASSED] - Text '3tl@testing' is set on object 'Object Repository/Universal Staging/input_PASSWORD_mat-input-1'

2022-02-11 16:22:17 - [TEST_STEP][PASSED] - click(findTestObject("Universal Staging/button_Login")): Object: 'Object Repository/Universal Staging/button_Login' is clicked on

2022-02-11 16:22:17 - [MESSAGE][PASSED] - Object: 'Object Repository/Universal Staging/button_Login' is clicked on

2022-02-11 16:22:17 - [TEST_STEP][PASSED] - delay(2): Delayed 2 second(s)

2022-02-11 16:22:19 - [MESSAGE][PASSED] - Delayed 2 second(s)

2022-02-11 16:22:19 - [TEST_STEP][PASSED] - User_name = getText(findTestObject("Object Repository/Universal Staging/Tier Name")): Text of object 'Object Repository/Universal Staging/Tier Name' is: 'Gargi Sanadhya'

2022-02-11 16:22:19 - [MESSAGE][PASSED] - Text of object 'Object Repository/Universal Staging/Tier Name' is: 'Gargi Sanadhya'

2022-02-11 16:22:19 - [TEST_STEP][PASSED] - Tier_name = getText(findTestObject("Object Repository/Universal Staging/Tier Namee"), CONTINUE_ON_FAILURE): Text of object 'Object Repository/Universal Staging/Tier Namee' is: 'DIRECTOR'

2022-02-11 16:22:19 - [MESSAGE][PASSED] - Text of object 'Object Repository/Universal Staging/Tier Namee' is: 'DIRECTOR'

2022-02-11 16:22:19 - [TEST_STEP][PASSED] - out.println("Welcome " + User_name): null

2022-02-11 16:22:19 - [TEST_STEP][PASSED] - out.println("you are in " + Tier_name): null

2022-02-11 16:22:19 - [TEST_STEP][PASSED] - takeScreenshot(): Taking screenshot successfully

2022-02-11 16:22:19 - [MESSAGE][PASSED] - Taking screenshot successfully
[[ATTACHMENT|/home/knoldus/git/Universal-Auto/Reports/20220211_161715/Digital Rewards/Digital Rewards/20220211_161722/1644576739663.png]]

2022-02-11 16:22:19 - [MESSAGE][PASSED] - Call Test Case 'Test Cases/Universal/Login/TC-3 Login with Director' successfully

2022-02-11 16:22:19 - [TEST_STEP][PASSED] - delay(5): Delayed 5 second(s)

2022-02-11 16:22:24 - [MESSAGE][PASSED] - Delayed 5 second(s)

2022-02-11 16:22:24 - [TEST_STEP][PASSED] - click(findTestObject("Object Repository/Reward page/Page_Universal All-Access Rewards  Get Rewa_700d57/a_Rewards")): Object: 'Object Repository/Reward page/Page_Universal All-Access Rewards  Get Rewa_700d57/a_Rewards' is clicked on

2022-02-11 16:22:25 - [MESSAGE][PASSED] - Object: 'Object Repository/Reward page/Page_Universal All-Access Rewards  Get Rewa_700d57/a_Rewards' is clicked on

2022-02-11 16:22:25 - [TEST_STEP][PASSED] - scrollToElement(findTestObject("Object Repository/Reward page/Page_Universal All-Access Rewards  Get Rewa_700d57/div_Show All"), 0, STOP_ON_FAILURE): Scroll to object 'Object Repository/Reward page/Page_Universal All-Access Rewards  Get Rewa_700d57/div_Show All' successfully

2022-02-11 16:22:25 - [MESSAGE][WARNING] - Timeout '0' is invalid. Using default page load timeout: '30'

2022-02-11 16:22:25 - [MESSAGE][PASSED] - Scroll to object 'Object Repository/Reward page/Page_Universal All-Access Rewards  Get Rewa_700d57/div_Show All' successfully

2022-02-11 16:22:25 - [TEST_STEP][PASSED] - click(findTestObject("Object Repository/Reward page/Page_Universal All-Access Rewards  Get Rewa_700d57/div_Show All")): Object: 'Object Repository/Reward page/Page_Universal All-Access Rewards  Get Rewa_700d57/div_Show All' is clicked on

2022-02-11 16:22:26 - [MESSAGE][PASSED] - Object: 'Object Repository/Reward page/Page_Universal All-Access Rewards  Get Rewa_700d57/div_Show All' is clicked on

2022-02-11 16:22:26 - [TEST_STEP][PASSED] - click(findTestObject("Object Repository/Reward page/Page_Universal All-Access Rewards  Get Rewa_700d57/span_Digital")): Object: 'Object Repository/Reward page/Page_Universal All-Access Rewards  Get Rewa_700d57/span_Digital' is clicked on

2022-02-11 16:22:27 - [MESSAGE][PASSED] - Object: 'Object Repository/Reward page/Page_Universal All-Access Rewards  Get Rewa_700d57/span_Digital' is clicked on

2022-02-11 16:22:27 - [TEST_STEP][PASSED] - scrollToPosition(999, 999, STOP_ON_FAILURE): Browser is scrolled to position x = 999, y = 999

2022-02-11 16:22:27 - [MESSAGE][PASSED] - Browser is scrolled to position x = 999, y = 999

2022-02-11 16:22:27 - [TEST_STEP][PASSED] - click(findTestObject("Object Repository/Reward page/Page_Universal All-Access Rewards  Get Rewa_700d57/div_1K PointsBeethovens Big BreakDigital Mo_cf5511")): Object: 'Object Repository/Reward page/Page_Universal All-Access Rewards  Get Rewa_700d57/div_1K PointsBeethovens Big BreakDigital Mo_cf5511' is clicked on

2022-02-11 16:22:27 - [MESSAGE][PASSED] - Object: 'Object Repository/Reward page/Page_Universal All-Access Rewards  Get Rewa_700d57/div_1K PointsBeethovens Big BreakDigital Mo_cf5511' is clicked on

2022-02-11 16:22:27 - [TEST_STEP][PASSED] - delay(3): Delayed 3 second(s)

2022-02-11 16:22:30 - [MESSAGE][PASSED] - Delayed 3 second(s)

2022-02-11 16:22:30 - [TEST_STEP][PASSED] - if (verifyTextPresent(Title, true, OPTIONAL)): null

2022-02-11 16:22:31 - [MESSAGE][PASSED] - Text 'Kicking and Screaming' is present on page  using regular expression

2022-02-11 16:22:31 - [TEST_STEP][PASSED] - if (verifyTextPresent(Short_des, true, CONTINUE_ON_FAILURE)): null

2022-02-11 16:22:32 - [MESSAGE][PASSED] - Text 'Digital Movie' is present on page  using regular expression

2022-02-11 16:22:32 - [TEST_STEP][PASSED] - navigateToUrl(url + behavior_id): Navigate to 'https://universal.3tlstaging.com/reward-preview/8be1c7b396cf9d694babd31c3202f0bc-b4be01f3ba2f6de759738fb625d165da' successfully

2022-02-11 16:22:38 - [MESSAGE][PASSED] - Navigate to 'https://universal.3tlstaging.com/reward-preview/8be1c7b396cf9d694babd31c3202f0bc-b4be01f3ba2f6de759738fb625d165da' successfully

2022-02-11 16:22:38 - [TEST_STEP][PASSED] - result = getText(findTestObject("Object Repository/Universal Staging/Get movie name")): Text of object 'Object Repository/Universal Staging/Get movie name' is: 'Kicking and Screaming'

2022-02-11 16:22:38 - [MESSAGE][PASSED] - Text of object 'Object Repository/Universal Staging/Get movie name' is: 'Kicking and Screaming'

2022-02-11 16:22:38 - [TEST_STEP][PASSED] - out.println("Movie Name is" + result): null

2022-02-11 16:22:38 - [TEST_STEP][PASSED] - scrollToElement(findTestObject("Object Repository/Universal Staging/Redeem Now button"), 0, CONTINUE_ON_FAILURE): Scroll to object 'Object Repository/Universal Staging/Redeem Now button' successfully

2022-02-11 16:22:38 - [MESSAGE][WARNING] - Timeout '0' is invalid. Using default page load timeout: '30'

2022-02-11 16:22:38 - [MESSAGE][PASSED] - Scroll to object 'Object Repository/Universal Staging/Redeem Now button' successfully

2022-02-11 16:22:38 - [TEST_STEP][PASSED] - click(findTestObject("Object Repository/Universal Staging/Redeem Now button")): Object: 'Object Repository/Universal Staging/Redeem Now button' is clicked on

2022-02-11 16:22:39 - [MESSAGE][PASSED] - Object: 'Object Repository/Universal Staging/Redeem Now button' is clicked on

2022-02-11 16:22:39 - [TEST_STEP][PASSED] - delay(5): Delayed 5 second(s)

2022-02-11 16:22:44 - [MESSAGE][PASSED] - Delayed 5 second(s)

2022-02-11 16:22:44 - [TEST_STEP][PASSED] - if (verifyElementPresent(findTestObject("Object Repository/Universal Staging/Toast message"), 0, CONTINUE_ON_FAILURE)): null

2022-02-11 16:22:44 - [MESSAGE][WARNING] - Timeout '0' is invalid. Using default page load timeout: '30'

2022-02-11 16:22:44 - [MESSAGE][PASSED] - Object 'Object Repository/Universal Staging/Toast message' is present

2022-02-11 16:22:44 - [TEST_STEP][PASSED] - Toastmessage = getText(findTestObject("Object Repository/Universal Staging/Toast message"), CONTINUE_ON_FAILURE): Text of object 'Object Repository/Universal Staging/Toast message' is: 'Sorry! You’ve already redeemed this reward.'

2022-02-11 16:22:44 - [MESSAGE][PASSED] - Text of object 'Object Repository/Universal Staging/Toast message' is: 'Sorry! You’ve already redeemed this reward.'

2022-02-11 16:22:44 - [TEST_STEP][PASSED] - out.println("Already reedemed  " + Toastmessage): null

2022-02-11 16:22:44 - [TEST_STEP][PASSED] - closeBrowser(): Browser is closed

2022-02-11 16:22:44 - [MESSAGE][PASSED] - Browser is closed]]></system-out>
         <system-err><![CDATA[]]></system-err>
      </testcase>
      <system-out><![CDATA[2022-02-11 16:21:51 - [TEST_SUITE][PASSED] - Digital Rewards: Test Cases/Universal/Tc-3 Verify the Digital rewards on reward page]]></system-out>
      <system-err><![CDATA[]]></system-err>
   </testsuite>
</testsuites>
