<?xml version="1.0" encoding="UTF-8"?>
<testsuites name="Test collection 2" time="52.802" tests="1" failures="0" errors="0">
   <testsuite name="Login" tests="1" failures="0" errors="0" time="31.909" skipped="0" timestamp="2022-01-30 13:24:33" hostname="knoldus - knoldus-Latitude-3520" id="Test Suites/Login/Login">
      <properties>
         <property name="deviceName" value=""/>
         <property name="devicePlatform" value=""/>
         <property name="logFolder" value="/home/knoldus/git/Universal-Auto/Reports/20220130_132420/Login/Login/20220130_132421"/>
         <property name="logFiles" value="/home/knoldus/git/Universal-Auto/Reports/20220130_132420/Login/Login/20220130_132421/execution0.log"/>
         <property name="attachments" value="/home/knoldus/git/Universal-Auto/Reports/20220130_132420/Login/Login/20220130_132421/1643529301181.png"/>
         <property name="hostName" value="knoldus - knoldus-Latitude-3520"/>
         <property name="os" value="Linux 64bit"/>
         <property name="katalonVersion" value="8.2.0.208"/>
         <property name="browser" value="Chrome 97.0.4692.99"/>
         <property name="hostAddress" value="127.0.1.1"/>
         <property name="sessionId" value="f02ffb42002f2c8d1b2f79c742ef645a"/>
         <property name="seleniumVersion" value="3.141.59"/>
         <property name="proxyInformation" value="ProxyInformation { proxyOption=NO_PROXY, proxyServerType=HTTP, username=, password=********, proxyServerAddress=, proxyServerPort=0, executionList=&quot;&quot;, isApplyToDesiredCapabilities=true }"/>
         <property name="platform" value="Linux"/>
      </properties>
      <testcase name="Test Cases/Universal/Login/TC-1 Login with Moviestar" time="31.58" classname="Test Cases/Universal/Login/TC-1 Login with Moviestar" status="PASSED">
         <system-out><![CDATA[2022-01-30 13:24:34 - [TEST_CASE][PASSED] - Test Cases/Universal/Login/TC-1 Login with Moviestar: Test Cases/Universal/Login/TC-1 Login with Moviestar

2022-01-30 13:24:34 - [TEST_STEP][PASSED] - openBrowser(""): Browser is opened with url: ''

2022-01-30 13:24:35 - [MESSAGE][INFO] - Starting 'Chrome (headless)' driver

2022-01-30 13:24:35 - [MESSAGE][INFO] - Action delay is set to 0 milliseconds

2022-01-30 13:24:36 - [MESSAGE][PASSED] - Browser is opened with url: ''

2022-01-30 13:24:36 - [TEST_STEP][PASSED] - setViewPortSize(1920, 1080): Viewport is set to new size with width = 1920 and height = 1080

2022-01-30 13:24:36 - [MESSAGE][PASSED] - Viewport is set to new size with width = 1920 and height = 1080

2022-01-30 13:24:36 - [TEST_STEP][PASSED] - System.setProperty("webdriver.chrome.driver", "/home/knoldus/Downloads/chromedriver_linux64/chromedriver"): null

2022-01-30 13:24:36 - [TEST_STEP][PASSED] - options = new org.openqa.selenium.chrome.ChromeOptions(): null

2022-01-30 13:24:36 - [TEST_STEP][PASSED] - options.addArguments("start_maximized"): null

2022-01-30 13:24:36 - [TEST_STEP][PASSED] - options.addArguments("disable-infobars"): null

2022-01-30 13:24:36 - [TEST_STEP][PASSED] - options.addArguments("disable-extensions"): null

2022-01-30 13:24:36 - [TEST_STEP][PASSED] - options.addArguments("--headless"): null

2022-01-30 13:24:36 - [TEST_STEP][PASSED] - options.addArguments("--window-size=1920,1080"): null

2022-01-30 13:24:36 - [TEST_STEP][PASSED] - navigateToUrl(url): Navigate to 'https://universal.3tlstaging.com/home' successfully

2022-01-30 13:24:52 - [MESSAGE][PASSED] - Navigate to 'https://universal.3tlstaging.com/home' successfully

2022-01-30 13:24:52 - [TEST_STEP][PASSED] - delay(5): Delayed 5 second(s)

2022-01-30 13:24:57 - [MESSAGE][PASSED] - Delayed 5 second(s)

2022-01-30 13:24:57 - [TEST_STEP][PASSED] - maximizeWindow(): Current window maximized

2022-01-30 13:24:57 - [MESSAGE][PASSED] - Current window maximized

2022-01-30 13:24:57 - [TEST_STEP][PASSED] - if (verifyTextPresent("REGISTER / LOGIN", true, STOP_ON_FAILURE)): Browser is closed

2022-01-30 13:24:57 - [MESSAGE][PASSED] - Text 'REGISTER / LOGIN' is present on page  using regular expression

2022-01-30 13:24:57 - [TEST_STEP][PASSED] - click(findTestObject("Universal Staging/a_Register  Login")): Object: 'Object Repository/Universal Staging/a_Register  Login' is clicked on

2022-01-30 13:24:58 - [MESSAGE][PASSED] - Object: 'Object Repository/Universal Staging/a_Register  Login' is clicked on

2022-01-30 13:24:58 - [TEST_STEP][PASSED] - setText(findTestObject("Universal Staging/input_USERNAME OR EMAIL_mat-input-0"), Email): Text 'testing12345@yopmail.com' is set on object 'Object Repository/Universal Staging/input_USERNAME OR EMAIL_mat-input-0'

2022-01-30 13:24:58 - [MESSAGE][PASSED] - Text 'testing12345@yopmail.com' is set on object 'Object Repository/Universal Staging/input_USERNAME OR EMAIL_mat-input-0'

2022-01-30 13:24:58 - [TEST_STEP][PASSED] - setText(findTestObject("Universal Staging/input_PASSWORD_mat-input-1"), Pswrd): Text '3TL@testing' is set on object 'Object Repository/Universal Staging/input_PASSWORD_mat-input-1'

2022-01-30 13:24:58 - [MESSAGE][PASSED] - Text '3TL@testing' is set on object 'Object Repository/Universal Staging/input_PASSWORD_mat-input-1'

2022-01-30 13:24:58 - [TEST_STEP][PASSED] - click(findTestObject("Universal Staging/button_Login")): Object: 'Object Repository/Universal Staging/button_Login' is clicked on

2022-01-30 13:24:58 - [MESSAGE][PASSED] - Object: 'Object Repository/Universal Staging/button_Login' is clicked on

2022-01-30 13:24:58 - [TEST_STEP][PASSED] - delay(2): Delayed 2 second(s)

2022-01-30 13:25:00 - [MESSAGE][PASSED] - Delayed 2 second(s)

2022-01-30 13:25:00 - [TEST_STEP][PASSED] - result = getText(findTestObject("Object Repository/Universal Staging/Tier Name")): Text of object 'Object Repository/Universal Staging/Tier Name' is: 'Ankit Kumar'

2022-01-30 13:25:01 - [MESSAGE][PASSED] - Text of object 'Object Repository/Universal Staging/Tier Name' is: 'Ankit Kumar'

2022-01-30 13:25:01 - [TEST_STEP][PASSED] - out.println("Welcome" + result): null

2022-01-30 13:25:01 - [TEST_STEP][PASSED] - takeFullPageScreenshot(): Taking screenshot successfully

2022-01-30 13:25:04 - [MESSAGE][INFO] - 0 hidden object(s)

2022-01-30 13:25:05 - [MESSAGE][PASSED] - Taking screenshot successfully
[[ATTACHMENT|/home/knoldus/git/Universal-Auto/Reports/20220130_132420/Login/Login/20220130_132421/1643529301181.png]]

2022-01-30 13:25:05 - [TEST_STEP][PASSED] - closeBrowser(): Browser is closed

2022-01-30 13:25:05 - [MESSAGE][PASSED] - Browser is closed]]></system-out>
         <system-err><![CDATA[]]></system-err>
      </testcase>
      <system-out><![CDATA[2022-01-30 13:24:33 - [TEST_SUITE][PASSED] - Login: Test Cases/Universal/Login/TC-1 Login with Moviestar]]></system-out>
      <system-err><![CDATA[]]></system-err>
   </testsuite>
</testsuites>
