<?xml version="1.0" encoding="UTF-8"?>
<testsuites name="Login" time="113.076" tests="4" failures="0" errors="0">
   <testsuite name="Login" tests="4" failures="0" errors="0" time="113.076" skipped="0" timestamp="2022-01-30 17:20:24" hostname="knoldus - knoldus-Latitude-3520" id="Test Suites/Login/Login">
      <properties>
         <property name="deviceName" value=""/>
         <property name="devicePlatform" value=""/>
         <property name="logFolder" value="/home/knoldus/git/Universal-Auto/Reports/20220130_171958/Login/Login/20220130_171959"/>
         <property name="logFiles" value="/home/knoldus/git/Universal-Auto/Reports/20220130_171958/Login/Login/20220130_171959/execution0.log"/>
         <property name="attachments" value="/home/knoldus/git/Universal-Auto/Reports/20220130_171958/Login/Login/20220130_171959/1643543453914.png, /home/knoldus/git/Universal-Auto/Reports/20220130_171958/Login/Login/20220130_171959/1643543477569.png, /home/knoldus/Katalon Studio/Login.png, /home/knoldus/git/Universal-Auto/Reports/20220130_171958/Login/Login/20220130_171959/1643543507143.png, /home/knoldus/git/Universal-Auto/Reports/20220130_171958/Login/Login/20220130_171959/1643543531728.png, /home/knoldus/Katalon Studio/Login.png"/>
         <property name="hostName" value="knoldus - knoldus-Latitude-3520"/>
         <property name="os" value="Linux 64bit"/>
         <property name="katalonVersion" value="8.2.5.208"/>
         <property name="browser" value="Chrome 97.0.4692.99"/>
         <property name="hostAddress" value="127.0.1.1"/>
         <property name="sessionId" value="4b72f423db9bd92e64982d3b5c451bb7"/>
         <property name="seleniumVersion" value="3.141.59"/>
         <property name="proxyInformation" value="ProxyInformation { proxyOption=NO_PROXY, proxyServerType=HTTP, username=, password=********, proxyServerAddress=, proxyServerPort=0, executionList=&quot;&quot;, isApplyToDesiredCapabilities=true }"/>
         <property name="platform" value="Linux"/>
      </properties>
      <testcase name="Test Cases/Universal/Login/TC-1 Login with Moviestar" time="29.723" classname="Test Cases/Universal/Login/TC-1 Login with Moviestar" status="PASSED">
         <system-out><![CDATA[2022-01-30 17:20:24 - [TEST_CASE][PASSED] - Test Cases/Universal/Login/TC-1 Login with Moviestar: Test Cases/Universal/Login/TC-1 Login with Moviestar

2022-01-30 17:20:24 - [TEST_STEP][PASSED] - openBrowser(""): Browser is opened with url: ''

2022-01-30 17:20:24 - [MESSAGE][INFO] - Starting 'Chrome (headless)' driver

2022-01-30 17:20:24 - [MESSAGE][INFO] - Action delay is set to 0 milliseconds

2022-01-30 17:20:25 - [MESSAGE][PASSED] - Browser is opened with url: ''

2022-01-30 17:20:25 - [TEST_STEP][PASSED] - setViewPortSize(1920, 1080): Viewport is set to new size with width = 1920 and height = 1080

2022-01-30 17:20:25 - [MESSAGE][PASSED] - Viewport is set to new size with width = 1920 and height = 1080

2022-01-30 17:20:25 - [TEST_STEP][PASSED] - navigateToUrl(url): Navigate to 'https://universal.3tlstaging.com/home' successfully

2022-01-30 17:20:45 - [MESSAGE][PASSED] - Navigate to 'https://universal.3tlstaging.com/home' successfully

2022-01-30 17:20:45 - [TEST_STEP][PASSED] - delay(5): Delayed 5 second(s)

2022-01-30 17:20:50 - [MESSAGE][PASSED] - Delayed 5 second(s)

2022-01-30 17:20:50 - [TEST_STEP][PASSED] - maximizeWindow(): Current window maximized

2022-01-30 17:20:50 - [MESSAGE][PASSED] - Current window maximized

2022-01-30 17:20:50 - [TEST_STEP][PASSED] - if (verifyTextPresent("REGISTER / LOGIN", true, STOP_ON_FAILURE)): null

2022-01-30 17:20:51 - [MESSAGE][PASSED] - Text 'REGISTER / LOGIN' is present on page  using regular expression

2022-01-30 17:20:51 - [TEST_STEP][PASSED] - click(findTestObject("Universal Staging/a_Register  Login")): Object: 'Object Repository/Universal Staging/a_Register  Login' is clicked on

2022-01-30 17:20:51 - [MESSAGE][PASSED] - Object: 'Object Repository/Universal Staging/a_Register  Login' is clicked on

2022-01-30 17:20:51 - [TEST_STEP][PASSED] - setText(findTestObject("Universal Staging/input_USERNAME OR EMAIL_mat-input-0"), Email): Text 'testing12345@yopmail.com' is set on object 'Object Repository/Universal Staging/input_USERNAME OR EMAIL_mat-input-0'

2022-01-30 17:20:51 - [MESSAGE][PASSED] - Text 'testing12345@yopmail.com' is set on object 'Object Repository/Universal Staging/input_USERNAME OR EMAIL_mat-input-0'

2022-01-30 17:20:51 - [TEST_STEP][PASSED] - setText(findTestObject("Universal Staging/input_PASSWORD_mat-input-1"), Pswrd): Text '3TL@testing' is set on object 'Object Repository/Universal Staging/input_PASSWORD_mat-input-1'

2022-01-30 17:20:51 - [MESSAGE][PASSED] - Text '3TL@testing' is set on object 'Object Repository/Universal Staging/input_PASSWORD_mat-input-1'

2022-01-30 17:20:51 - [TEST_STEP][PASSED] - click(findTestObject("Universal Staging/button_Login")): Object: 'Object Repository/Universal Staging/button_Login' is clicked on

2022-01-30 17:20:51 - [MESSAGE][PASSED] - Object: 'Object Repository/Universal Staging/button_Login' is clicked on

2022-01-30 17:20:51 - [TEST_STEP][PASSED] - delay(2): Delayed 2 second(s)

2022-01-30 17:20:53 - [MESSAGE][PASSED] - Delayed 2 second(s)

2022-01-30 17:20:53 - [TEST_STEP][PASSED] - result = getText(findTestObject("Object Repository/Universal Staging/Tier Name")): Text of object 'Object Repository/Universal Staging/Tier Name' is: 'Ankit Kumar'

2022-01-30 17:20:53 - [MESSAGE][PASSED] - Text of object 'Object Repository/Universal Staging/Tier Name' is: 'Ankit Kumar'

2022-01-30 17:20:53 - [TEST_STEP][PASSED] - out.println("Welcome" + result): null

2022-01-30 17:20:53 - [TEST_STEP][PASSED] - takeScreenshot(): Taking screenshot successfully

2022-01-30 17:20:54 - [MESSAGE][PASSED] - Taking screenshot successfully
[[ATTACHMENT|/home/knoldus/git/Universal-Auto/Reports/20220130_171958/Login/Login/20220130_171959/1643543453914.png]]]]></system-out>
         <system-err><![CDATA[]]></system-err>
      </testcase>
      <testcase name="Test Cases/Universal/Login/TC-3 Login with Director" time="28.803" classname="Test Cases/Universal/Login/TC-3 Login with Director" status="PASSED">
         <system-out><![CDATA[2022-01-30 17:20:54 - [TEST_CASE][PASSED] - Test Cases/Universal/Login/TC-3 Login with Director: Test Cases/Universal/Login/TC-3 Login with Director

2022-01-30 17:20:54 - [TEST_STEP][PASSED] - openBrowser(""): Browser is opened with url: ''

2022-01-30 17:20:54 - [MESSAGE][WARNING] - A browser is already opened. Closing browser and opening a new one

2022-01-30 17:20:54 - [MESSAGE][INFO] - Starting 'Chrome (headless)' driver

2022-01-30 17:20:54 - [MESSAGE][INFO] - Action delay is set to 0 milliseconds

2022-01-30 17:20:54 - [MESSAGE][PASSED] - Browser is opened with url: ''

2022-01-30 17:20:54 - [TEST_STEP][PASSED] - setViewPortSize(1920, 1080): Viewport is set to new size with width = 1920 and height = 1080

2022-01-30 17:20:54 - [MESSAGE][PASSED] - Viewport is set to new size with width = 1920 and height = 1080

2022-01-30 17:20:54 - [TEST_STEP][PASSED] - navigateToUrl(url): Navigate to 'https://universal.3tlstaging.com/home' successfully

2022-01-30 17:21:09 - [MESSAGE][PASSED] - Navigate to 'https://universal.3tlstaging.com/home' successfully

2022-01-30 17:21:09 - [TEST_STEP][PASSED] - delay(5): Delayed 5 second(s)

2022-01-30 17:21:14 - [MESSAGE][PASSED] - Delayed 5 second(s)

2022-01-30 17:21:14 - [TEST_STEP][PASSED] - maximizeWindow(): Current window maximized

2022-01-30 17:21:14 - [MESSAGE][PASSED] - Current window maximized

2022-01-30 17:21:14 - [TEST_STEP][PASSED] - if (verifyTextPresent("REGISTER / LOGIN", true, STOP_ON_FAILURE)): null

2022-01-30 17:21:14 - [MESSAGE][PASSED] - Text 'REGISTER / LOGIN' is present on page  using regular expression

2022-01-30 17:21:14 - [TEST_STEP][PASSED] - click(findTestObject("Universal Staging/a_Register  Login")): Object: 'Object Repository/Universal Staging/a_Register  Login' is clicked on

2022-01-30 17:21:14 - [MESSAGE][PASSED] - Object: 'Object Repository/Universal Staging/a_Register  Login' is clicked on

2022-01-30 17:21:14 - [TEST_STEP][PASSED] - setText(findTestObject("Universal Staging/input_USERNAME OR EMAIL_mat-input-0"), Email): Text 'test3004@yopmail.com' is set on object 'Object Repository/Universal Staging/input_USERNAME OR EMAIL_mat-input-0'

2022-01-30 17:21:15 - [MESSAGE][PASSED] - Text 'test3004@yopmail.com' is set on object 'Object Repository/Universal Staging/input_USERNAME OR EMAIL_mat-input-0'

2022-01-30 17:21:15 - [TEST_STEP][PASSED] - setText(findTestObject("Universal Staging/input_PASSWORD_mat-input-1"), Pswrd): Text '3tl@testing' is set on object 'Object Repository/Universal Staging/input_PASSWORD_mat-input-1'

2022-01-30 17:21:15 - [MESSAGE][PASSED] - Text '3tl@testing' is set on object 'Object Repository/Universal Staging/input_PASSWORD_mat-input-1'

2022-01-30 17:21:15 - [TEST_STEP][PASSED] - click(findTestObject("Universal Staging/button_Login")): Object: 'Object Repository/Universal Staging/button_Login' is clicked on

2022-01-30 17:21:15 - [MESSAGE][PASSED] - Object: 'Object Repository/Universal Staging/button_Login' is clicked on

2022-01-30 17:21:15 - [TEST_STEP][PASSED] - delay(2): Delayed 2 second(s)

2022-01-30 17:21:17 - [MESSAGE][PASSED] - Delayed 2 second(s)

2022-01-30 17:21:17 - [TEST_STEP][PASSED] - result = getText(findTestObject("Object Repository/Universal Staging/Tier Name")): Text of object 'Object Repository/Universal Staging/Tier Name' is: 'Gargi Sanadhya'

2022-01-30 17:21:17 - [MESSAGE][PASSED] - Text of object 'Object Repository/Universal Staging/Tier Name' is: 'Gargi Sanadhya'

2022-01-30 17:21:17 - [TEST_STEP][PASSED] - out.println(result): null

2022-01-30 17:21:17 - [TEST_STEP][PASSED] - takeScreenshot(): Taking screenshot successfully

2022-01-30 17:21:17 - [MESSAGE][PASSED] - Taking screenshot successfully
[[ATTACHMENT|/home/knoldus/git/Universal-Auto/Reports/20220130_171958/Login/Login/20220130_171959/1643543477569.png]]

2022-01-30 17:21:17 - [TEST_STEP][PASSED] - delay(5): Delayed 5 second(s)

2022-01-30 17:21:22 - [MESSAGE][PASSED] - Delayed 5 second(s)

2022-01-30 17:21:22 - [TEST_STEP][PASSED] - takeScreenshot("/home/knoldus/Katalon Studio/Login.png"): Taking screenshot successfully

2022-01-30 17:21:22 - [MESSAGE][PASSED] - Taking screenshot successfully
[[ATTACHMENT|/home/knoldus/Katalon Studio/Login.png]]]]></system-out>
         <system-err><![CDATA[]]></system-err>
      </testcase>
      <testcase name="Test Cases/Universal/Login/TC-2 Login with Screenwriter" time="24.405" classname="Test Cases/Universal/Login/TC-2 Login with Screenwriter" status="PASSED">
         <system-out><![CDATA[2022-01-30 17:21:22 - [TEST_CASE][PASSED] - Test Cases/Universal/Login/TC-2 Login with Screenwriter: Test Cases/Universal/Login/TC-2 Login with Screenwriter

2022-01-30 17:21:23 - [TEST_STEP][PASSED] - openBrowser(""): Browser is opened with url: ''

2022-01-30 17:21:23 - [MESSAGE][WARNING] - A browser is already opened. Closing browser and opening a new one

2022-01-30 17:21:23 - [MESSAGE][INFO] - Starting 'Chrome (headless)' driver

2022-01-30 17:21:23 - [MESSAGE][INFO] - Action delay is set to 0 milliseconds

2022-01-30 17:21:23 - [MESSAGE][PASSED] - Browser is opened with url: ''

2022-01-30 17:21:23 - [TEST_STEP][PASSED] - setViewPortSize(1920, 1080): Viewport is set to new size with width = 1920 and height = 1080

2022-01-30 17:21:23 - [MESSAGE][PASSED] - Viewport is set to new size with width = 1920 and height = 1080

2022-01-30 17:21:23 - [TEST_STEP][PASSED] - navigateToUrl(url): Navigate to 'https://universal.3tlstaging.com/home' successfully

2022-01-30 17:21:39 - [MESSAGE][PASSED] - Navigate to 'https://universal.3tlstaging.com/home' successfully

2022-01-30 17:21:39 - [TEST_STEP][PASSED] - delay(5): Delayed 5 second(s)

2022-01-30 17:21:44 - [MESSAGE][PASSED] - Delayed 5 second(s)

2022-01-30 17:21:44 - [TEST_STEP][PASSED] - maximizeWindow(): Current window maximized

2022-01-30 17:21:44 - [MESSAGE][PASSED] - Current window maximized

2022-01-30 17:21:44 - [TEST_STEP][PASSED] - if (verifyTextPresent("REGISTER / LOGIN", true, STOP_ON_FAILURE)): null

2022-01-30 17:21:44 - [MESSAGE][PASSED] - Text 'REGISTER / LOGIN' is present on page  using regular expression

2022-01-30 17:21:44 - [TEST_STEP][PASSED] - click(findTestObject("Universal Staging/a_Register  Login")): Object: 'Object Repository/Universal Staging/a_Register  Login' is clicked on

2022-01-30 17:21:44 - [MESSAGE][PASSED] - Object: 'Object Repository/Universal Staging/a_Register  Login' is clicked on

2022-01-30 17:21:44 - [TEST_STEP][PASSED] - setText(findTestObject("Universal Staging/input_USERNAME OR EMAIL_mat-input-0"), Email): Text 'ankit248@yopmail.com' is set on object 'Object Repository/Universal Staging/input_USERNAME OR EMAIL_mat-input-0'

2022-01-30 17:21:44 - [MESSAGE][PASSED] - Text 'ankit248@yopmail.com' is set on object 'Object Repository/Universal Staging/input_USERNAME OR EMAIL_mat-input-0'

2022-01-30 17:21:44 - [TEST_STEP][PASSED] - setText(findTestObject("Universal Staging/input_PASSWORD_mat-input-1"), Pswrd): Text '3TL@testing' is set on object 'Object Repository/Universal Staging/input_PASSWORD_mat-input-1'

2022-01-30 17:21:44 - [MESSAGE][PASSED] - Text '3TL@testing' is set on object 'Object Repository/Universal Staging/input_PASSWORD_mat-input-1'

2022-01-30 17:21:44 - [TEST_STEP][PASSED] - click(findTestObject("Universal Staging/button_Login")): Object: 'Object Repository/Universal Staging/button_Login' is clicked on

2022-01-30 17:21:45 - [MESSAGE][PASSED] - Object: 'Object Repository/Universal Staging/button_Login' is clicked on

2022-01-30 17:21:45 - [TEST_STEP][PASSED] - delay(2): Delayed 2 second(s)

2022-01-30 17:21:47 - [MESSAGE][PASSED] - Delayed 2 second(s)

2022-01-30 17:21:47 - [TEST_STEP][PASSED] - result = getText(findTestObject("Object Repository/Universal Staging/Tier Name")): Text of object 'Object Repository/Universal Staging/Tier Name' is: 'Ankit Kumar'

2022-01-30 17:21:47 - [MESSAGE][PASSED] - Text of object 'Object Repository/Universal Staging/Tier Name' is: 'Ankit Kumar'

2022-01-30 17:21:47 - [TEST_STEP][PASSED] - out.println(result): null

2022-01-30 17:21:47 - [TEST_STEP][PASSED] - takeScreenshot(): Taking screenshot successfully

2022-01-30 17:21:47 - [MESSAGE][PASSED] - Taking screenshot successfully
[[ATTACHMENT|/home/knoldus/git/Universal-Auto/Reports/20220130_171958/Login/Login/20220130_171959/1643543507143.png]]]]></system-out>
         <system-err><![CDATA[]]></system-err>
      </testcase>
      <testcase name="Test Cases/Universal/Login/TC-4 Login with Extra" time="29.943" classname="Test Cases/Universal/Login/TC-4 Login with Extra" status="PASSED">
         <system-out><![CDATA[2022-01-30 17:21:47 - [TEST_CASE][PASSED] - Test Cases/Universal/Login/TC-4 Login with Extra: Test Cases/Universal/Login/TC-4 Login with Extra

2022-01-30 17:21:47 - [TEST_STEP][PASSED] - openBrowser(""): Browser is opened with url: ''

2022-01-30 17:21:47 - [MESSAGE][WARNING] - A browser is already opened. Closing browser and opening a new one

2022-01-30 17:21:47 - [MESSAGE][INFO] - Starting 'Chrome (headless)' driver

2022-01-30 17:21:47 - [MESSAGE][INFO] - Action delay is set to 0 milliseconds

2022-01-30 17:21:47 - [MESSAGE][PASSED] - Browser is opened with url: ''

2022-01-30 17:21:47 - [TEST_STEP][PASSED] - setViewPortSize(1920, 1080): Viewport is set to new size with width = 1920 and height = 1080

2022-01-30 17:21:47 - [MESSAGE][PASSED] - Viewport is set to new size with width = 1920 and height = 1080

2022-01-30 17:21:47 - [TEST_STEP][PASSED] - navigateToUrl(url): Navigate to 'https://universal.3tlstaging.com/home' successfully

2022-01-30 17:22:03 - [MESSAGE][PASSED] - Navigate to 'https://universal.3tlstaging.com/home' successfully

2022-01-30 17:22:03 - [TEST_STEP][PASSED] - delay(5): Delayed 5 second(s)

2022-01-30 17:22:08 - [MESSAGE][PASSED] - Delayed 5 second(s)

2022-01-30 17:22:08 - [TEST_STEP][PASSED] - maximizeWindow(): Current window maximized

2022-01-30 17:22:08 - [MESSAGE][PASSED] - Current window maximized

2022-01-30 17:22:08 - [TEST_STEP][PASSED] - if (verifyTextPresent("REGISTER / LOGIN", true, STOP_ON_FAILURE)): null

2022-01-30 17:22:08 - [MESSAGE][PASSED] - Text 'REGISTER / LOGIN' is present on page  using regular expression

2022-01-30 17:22:08 - [TEST_STEP][PASSED] - click(findTestObject("Universal Staging/a_Register  Login")): Object: 'Object Repository/Universal Staging/a_Register  Login' is clicked on

2022-01-30 17:22:09 - [MESSAGE][PASSED] - Object: 'Object Repository/Universal Staging/a_Register  Login' is clicked on

2022-01-30 17:22:09 - [TEST_STEP][PASSED] - setText(findTestObject("Universal Staging/input_USERNAME OR EMAIL_mat-input-0"), Email): Text 'soniatest@yopmail.com' is set on object 'Object Repository/Universal Staging/input_USERNAME OR EMAIL_mat-input-0'

2022-01-30 17:22:09 - [MESSAGE][PASSED] - Text 'soniatest@yopmail.com' is set on object 'Object Repository/Universal Staging/input_USERNAME OR EMAIL_mat-input-0'

2022-01-30 17:22:09 - [TEST_STEP][PASSED] - setText(findTestObject("Universal Staging/input_PASSWORD_mat-input-1"), Pswrd): Text 'Test@123' is set on object 'Object Repository/Universal Staging/input_PASSWORD_mat-input-1'

2022-01-30 17:22:09 - [MESSAGE][PASSED] - Text 'Test@123' is set on object 'Object Repository/Universal Staging/input_PASSWORD_mat-input-1'

2022-01-30 17:22:09 - [TEST_STEP][PASSED] - click(findTestObject("Universal Staging/button_Login")): Object: 'Object Repository/Universal Staging/button_Login' is clicked on

2022-01-30 17:22:09 - [MESSAGE][PASSED] - Object: 'Object Repository/Universal Staging/button_Login' is clicked on

2022-01-30 17:22:09 - [TEST_STEP][PASSED] - delay(2): Delayed 2 second(s)

2022-01-30 17:22:11 - [MESSAGE][PASSED] - Delayed 2 second(s)

2022-01-30 17:22:11 - [TEST_STEP][PASSED] - result = getText(findTestObject("Object Repository/Universal Staging/Tier Name")): Text of object 'Object Repository/Universal Staging/Tier Name' is: 'Sonia Rai'

2022-01-30 17:22:11 - [MESSAGE][PASSED] - Text of object 'Object Repository/Universal Staging/Tier Name' is: 'Sonia Rai'

2022-01-30 17:22:11 - [TEST_STEP][PASSED] - out.println(result): null

2022-01-30 17:22:11 - [TEST_STEP][PASSED] - takeScreenshot(): Taking screenshot successfully

2022-01-30 17:22:12 - [MESSAGE][PASSED] - Taking screenshot successfully
[[ATTACHMENT|/home/knoldus/git/Universal-Auto/Reports/20220130_171958/Login/Login/20220130_171959/1643543531728.png]]

2022-01-30 17:22:12 - [TEST_STEP][PASSED] - delay(5): Delayed 5 second(s)

2022-01-30 17:22:17 - [MESSAGE][PASSED] - Delayed 5 second(s)

2022-01-30 17:22:17 - [TEST_STEP][PASSED] - takeScreenshot("/home/knoldus/Katalon Studio/Login.png"): Taking screenshot successfully

2022-01-30 17:22:17 - [MESSAGE][PASSED] - Taking screenshot successfully
[[ATTACHMENT|/home/knoldus/Katalon Studio/Login.png]]]]></system-out>
         <system-err><![CDATA[]]></system-err>
      </testcase>
      <system-out><![CDATA[2022-01-30 17:20:24 - [TEST_SUITE][PASSED] - Login: Test Cases/Universal/Login/TC-4 Login with Extra]]></system-out>
      <system-err><![CDATA[]]></system-err>
   </testsuite>
</testsuites>
