<?xml version="1.0" encoding="UTF-8"?>
<testsuites name="Physical reward" time="2.735" tests="1" failures="0" errors="0">
   <testsuite name="Physical reward" tests="1" failures="0" errors="0" time="2.735" skipped="0" timestamp="2022-02-02 12:46:07" hostname="knoldus - knoldus-Latitude-3520" id="Test Suites/Physical rewards/Physical reward">
      <properties>
         <property name="deviceName" value=""/>
         <property name="devicePlatform" value=""/>
         <property name="logFolder" value="/home/knoldus/git/Universal-Auto/Reports/20220202_124544/Physical rewards/Physical reward/20220202_124545"/>
         <property name="logFiles" value="/home/knoldus/git/Universal-Auto/Reports/20220202_124544/Physical rewards/Physical reward/20220202_124545/execution0.log"/>
         <property name="attachments" value=""/>
         <property name="hostName" value="knoldus - knoldus-Latitude-3520"/>
         <property name="os" value="Linux 64bit"/>
         <property name="katalonVersion" value="8.2.0.208"/>
         <property name="browser" value="Firefox 96.0"/>
         <property name="hostAddress" value="127.0.1.1"/>
         <property name="sessionId" value="99127937-2046-45d5-b4a8-f92b46ba43a3"/>
         <property name="seleniumVersion" value="3.141.59"/>
         <property name="proxyInformation" value="ProxyInformation { proxyOption=NO_PROXY, proxyServerType=HTTP, username=, password=********, proxyServerAddress=, proxyServerPort=0, executionList=&quot;&quot;, isApplyToDesiredCapabilities=true }"/>
         <property name="platform" value="Linux"/>
      </properties>
      <testcase name="Test Cases/Universal/Tc-2 Verify the Physical rewards on reward page" time="2.541" classname="Test Cases/Universal/Tc-2 Verify the Physical rewards on reward page" status="INCOMPLETE">
         <system-out><![CDATA[2022-02-02 12:46:07 - [TEST_CASE][INCOMPLETE] - Test Cases/Universal/Tc-2 Verify the Physical rewards on reward page: null

2022-02-02 12:46:08 - [TEST_STEP][INCOMPLETE] - callTestCase(findTestCase("Universal/Login/TC-3 Login with Director"), ["Email":"test3004@yopmail.com", "Pswrd":"3tl@testing"], OPTIONAL): null

2022-02-02 12:46:08 - [TEST_CASE][INCOMPLETE] - Test Cases/Universal/Login/TC-3 Login with Director: null

2022-02-02 12:46:08 - [TEST_STEP][PASSED] - openBrowser(""): Browser is opened with url: ''

2022-02-02 12:46:08 - [MESSAGE][INFO] - Starting 'Firefox (headless)' driver

2022-02-02 12:46:08 - [MESSAGE][INFO] - Action delay is set to 0 milliseconds

2022-02-02 12:46:10 - [MESSAGE][PASSED] - Browser is opened with url: ''

2022-02-02 12:46:10 - [TEST_STEP][PASSED] - setViewPortSize(1920, 1080): Viewport is set to new size with width = 1920 and height = 1080

2022-02-02 12:46:10 - [MESSAGE][PASSED] - Viewport is set to new size with width = 1920 and height = 1080

2022-02-02 12:46:10 - [TEST_STEP][INCOMPLETE] - navigateToUrl(url): null]]></system-out>
         <system-err><![CDATA[2022-02-02 12:46:07 - [TEST_CASE][INCOMPLETE] - Test Cases/Universal/Tc-2 Verify the Physical rewards on reward page: null]]></system-err>
      </testcase>
      <system-out><![CDATA[2022-02-02 12:46:07 - [TEST_SUITE][INCOMPLETE] - Physical reward: null]]></system-out>
      <system-err><![CDATA[2022-02-02 12:46:07 - [TEST_SUITE][INCOMPLETE] - Physical reward: null]]></system-err>
   </testsuite>
</testsuites>
