<?xml version="1.0" encoding="UTF-8"?>
<testsuites name="Test collection 2" time="440.116" tests="9" failures="0" errors="0">
   <testsuite name="Login" tests="4" failures="0" errors="0" time="112.192" skipped="0" timestamp="2022-02-11 16:17:36" hostname="knoldus - knoldus-Latitude-3520" id="Test Suites/Login/Login">
      <properties>
         <property name="deviceName" value=""/>
         <property name="devicePlatform" value=""/>
         <property name="logFolder" value="/home/knoldus/git/Universal-Auto/Reports/20220211_161715/Login/Login/20220211_161716"/>
         <property name="logFiles" value="/home/knoldus/git/Universal-Auto/Reports/20220211_161715/Login/Login/20220211_161716/execution0.log"/>
         <property name="attachments" value="/home/knoldus/git/Universal-Auto/Reports/20220211_161715/Login/Login/20220211_161716/1644576487767.png, /home/knoldus/git/Universal-Auto/Reports/20220211_161715/Login/Login/20220211_161716/1644576509682.png, /home/knoldus/git/Universal-Auto/Reports/20220211_161715/Login/Login/20220211_161716/1644576538290.png, /home/knoldus/git/Universal-Auto/Reports/20220211_161715/Login/Login/20220211_161716/1644576567951.png"/>
         <property name="hostName" value="knoldus - knoldus-Latitude-3520"/>
         <property name="os" value="Linux 64bit"/>
         <property name="katalonVersion" value="8.2.0.208"/>
         <property name="browser" value="Firefox 96.0"/>
         <property name="hostAddress" value="127.0.1.1"/>
         <property name="sessionId" value="dedaebfc-8b9a-4a91-a4ec-ebd544e3396a"/>
         <property name="seleniumVersion" value="3.141.59"/>
         <property name="proxyInformation" value="ProxyInformation { proxyOption=NO_PROXY, proxyServerType=HTTP, username=, password=********, proxyServerAddress=, proxyServerPort=0, executionList=&quot;&quot;, isApplyToDesiredCapabilities=true }"/>
         <property name="platform" value="Linux"/>
      </properties>
      <testcase name="Test Cases/Universal/Login/TC-1 Login with Moviestar" time="31.246" classname="Test Cases/Universal/Login/TC-1 Login with Moviestar" status="PASSED">
         <system-out><![CDATA[2022-02-11 16:17:36 - [TEST_CASE][PASSED] - Test Cases/Universal/Login/TC-1 Login with Moviestar: Test Cases/Universal/Login/TC-1 Login with Moviestar

2022-02-11 16:17:37 - [TEST_STEP][PASSED] - openBrowser(""): Browser is opened with url: ''

2022-02-11 16:17:37 - [MESSAGE][INFO] - Starting 'Firefox (headless)' driver

2022-02-11 16:17:37 - [MESSAGE][INFO] - Action delay is set to 0 milliseconds

2022-02-11 16:17:39 - [MESSAGE][PASSED] - Browser is opened with url: ''

2022-02-11 16:17:39 - [TEST_STEP][PASSED] - setViewPortSize(1920, 1080): Viewport is set to new size with width = 1920 and height = 1080

2022-02-11 16:17:39 - [MESSAGE][PASSED] - Viewport is set to new size with width = 1920 and height = 1080

2022-02-11 16:17:39 - [TEST_STEP][PASSED] - navigateToUrl(url): Navigate to 'https://universal.3tlstaging.com/home' successfully

2022-02-11 16:17:58 - [MESSAGE][PASSED] - Navigate to 'https://universal.3tlstaging.com/home' successfully

2022-02-11 16:17:58 - [TEST_STEP][PASSED] - delay(5): Delayed 5 second(s)

2022-02-11 16:18:03 - [MESSAGE][PASSED] - Delayed 5 second(s)

2022-02-11 16:18:03 - [TEST_STEP][PASSED] - maximizeWindow(): Current window maximized

2022-02-11 16:18:04 - [MESSAGE][PASSED] - Current window maximized

2022-02-11 16:18:04 - [TEST_STEP][PASSED] - if (verifyTextPresent("REGISTER / LOGIN", true, STOP_ON_FAILURE)): Taking screenshot successfully

2022-02-11 16:18:04 - [MESSAGE][PASSED] - Text 'REGISTER / LOGIN' is present on page  using regular expression

2022-02-11 16:18:04 - [TEST_STEP][PASSED] - click(findTestObject("Universal Staging/a_Register  Login")): Object: 'Object Repository/Universal Staging/a_Register  Login' is clicked on

2022-02-11 16:18:05 - [MESSAGE][PASSED] - Object: 'Object Repository/Universal Staging/a_Register  Login' is clicked on

2022-02-11 16:18:05 - [TEST_STEP][PASSED] - setText(findTestObject("Universal Staging/input_USERNAME OR EMAIL_mat-input-0"), Email): Text 'testing12345@yopmail.com' is set on object 'Object Repository/Universal Staging/input_USERNAME OR EMAIL_mat-input-0'

2022-02-11 16:18:05 - [MESSAGE][PASSED] - Text 'testing12345@yopmail.com' is set on object 'Object Repository/Universal Staging/input_USERNAME OR EMAIL_mat-input-0'

2022-02-11 16:18:05 - [TEST_STEP][PASSED] - setText(findTestObject("Universal Staging/input_PASSWORD_mat-input-1"), Pswrd): Text '3TL@testing' is set on object 'Object Repository/Universal Staging/input_PASSWORD_mat-input-1'

2022-02-11 16:18:05 - [MESSAGE][PASSED] - Text '3TL@testing' is set on object 'Object Repository/Universal Staging/input_PASSWORD_mat-input-1'

2022-02-11 16:18:05 - [TEST_STEP][PASSED] - click(findTestObject("Universal Staging/button_Login")): Object: 'Object Repository/Universal Staging/button_Login' is clicked on

2022-02-11 16:18:05 - [MESSAGE][PASSED] - Object: 'Object Repository/Universal Staging/button_Login' is clicked on

2022-02-11 16:18:05 - [TEST_STEP][PASSED] - delay(2): Delayed 2 second(s)

2022-02-11 16:18:07 - [MESSAGE][PASSED] - Delayed 2 second(s)

2022-02-11 16:18:07 - [TEST_STEP][PASSED] - User_name = getText(findTestObject("Object Repository/Universal Staging/Tier Name")): Text of object 'Object Repository/Universal Staging/Tier Name' is: 'Ankit Kumar'

2022-02-11 16:18:07 - [MESSAGE][PASSED] - Text of object 'Object Repository/Universal Staging/Tier Name' is: 'Ankit Kumar'

2022-02-11 16:18:07 - [TEST_STEP][PASSED] - Tier_name = getText(findTestObject("Object Repository/Universal Staging/Tier Namee"), CONTINUE_ON_FAILURE): Text of object 'Object Repository/Universal Staging/Tier Namee' is: 'MOVIE STAR'

2022-02-11 16:18:07 - [MESSAGE][PASSED] - Text of object 'Object Repository/Universal Staging/Tier Namee' is: 'MOVIE STAR'

2022-02-11 16:18:07 - [TEST_STEP][PASSED] - out.println("Welcome " + User_name): null

2022-02-11 16:18:07 - [TEST_STEP][PASSED] - out.println("you are in " + Tier_name): null

2022-02-11 16:18:07 - [TEST_STEP][PASSED] - takeScreenshot(): Taking screenshot successfully

2022-02-11 16:18:07 - [MESSAGE][PASSED] - Taking screenshot successfully
[[ATTACHMENT|/home/knoldus/git/Universal-Auto/Reports/20220211_161715/Login/Login/20220211_161716/1644576487767.png]]]]></system-out>
         <system-err><![CDATA[]]></system-err>
      </testcase>
      <testcase name="Test Cases/Universal/Login/TC-3 Login with Director" time="21.878" classname="Test Cases/Universal/Login/TC-3 Login with Director" status="PASSED">
         <system-out><![CDATA[2022-02-11 16:18:07 - [TEST_CASE][PASSED] - Test Cases/Universal/Login/TC-3 Login with Director: Test Cases/Universal/Login/TC-3 Login with Director

2022-02-11 16:18:08 - [TEST_STEP][PASSED] - openBrowser(""): Browser is opened with url: ''

2022-02-11 16:18:08 - [MESSAGE][WARNING] - A browser is already opened. Closing browser and opening a new one

2022-02-11 16:18:08 - [MESSAGE][INFO] - Starting 'Firefox (headless)' driver

2022-02-11 16:18:08 - [MESSAGE][INFO] - Action delay is set to 0 milliseconds

2022-02-11 16:18:10 - [MESSAGE][PASSED] - Browser is opened with url: ''

2022-02-11 16:18:10 - [TEST_STEP][PASSED] - setViewPortSize(1920, 1080): Viewport is set to new size with width = 1920 and height = 1080

2022-02-11 16:18:10 - [MESSAGE][PASSED] - Viewport is set to new size with width = 1920 and height = 1080

2022-02-11 16:18:10 - [TEST_STEP][PASSED] - navigateToUrl(url): Navigate to 'https://universal.3tlstaging.com/home' successfully

2022-02-11 16:18:20 - [MESSAGE][PASSED] - Navigate to 'https://universal.3tlstaging.com/home' successfully

2022-02-11 16:18:20 - [TEST_STEP][PASSED] - delay(5): Delayed 5 second(s)

2022-02-11 16:18:25 - [MESSAGE][PASSED] - Delayed 5 second(s)

2022-02-11 16:18:25 - [TEST_STEP][PASSED] - maximizeWindow(): Current window maximized

2022-02-11 16:18:26 - [MESSAGE][PASSED] - Current window maximized

2022-02-11 16:18:26 - [TEST_STEP][PASSED] - if (verifyTextPresent("REGISTER / LOGIN", true, STOP_ON_FAILURE)): Taking screenshot successfully

2022-02-11 16:18:26 - [MESSAGE][PASSED] - Text 'REGISTER / LOGIN' is present on page  using regular expression

2022-02-11 16:18:26 - [TEST_STEP][PASSED] - click(findTestObject("Universal Staging/a_Register  Login")): Object: 'Object Repository/Universal Staging/a_Register  Login' is clicked on

2022-02-11 16:18:26 - [MESSAGE][PASSED] - Object: 'Object Repository/Universal Staging/a_Register  Login' is clicked on

2022-02-11 16:18:26 - [TEST_STEP][PASSED] - setText(findTestObject("Universal Staging/input_USERNAME OR EMAIL_mat-input-0"), Email): Text 'test3004@yopmail.com' is set on object 'Object Repository/Universal Staging/input_USERNAME OR EMAIL_mat-input-0'

2022-02-11 16:18:27 - [MESSAGE][PASSED] - Text 'test3004@yopmail.com' is set on object 'Object Repository/Universal Staging/input_USERNAME OR EMAIL_mat-input-0'

2022-02-11 16:18:27 - [TEST_STEP][PASSED] - setText(findTestObject("Universal Staging/input_PASSWORD_mat-input-1"), Pswrd): Text '3tl@testing' is set on object 'Object Repository/Universal Staging/input_PASSWORD_mat-input-1'

2022-02-11 16:18:27 - [MESSAGE][PASSED] - Text '3tl@testing' is set on object 'Object Repository/Universal Staging/input_PASSWORD_mat-input-1'

2022-02-11 16:18:27 - [TEST_STEP][PASSED] - click(findTestObject("Universal Staging/button_Login")): Object: 'Object Repository/Universal Staging/button_Login' is clicked on

2022-02-11 16:18:27 - [MESSAGE][PASSED] - Object: 'Object Repository/Universal Staging/button_Login' is clicked on

2022-02-11 16:18:27 - [TEST_STEP][PASSED] - delay(2): Delayed 2 second(s)

2022-02-11 16:18:29 - [MESSAGE][PASSED] - Delayed 2 second(s)

2022-02-11 16:18:29 - [TEST_STEP][PASSED] - User_name = getText(findTestObject("Object Repository/Universal Staging/Tier Name")): Text of object 'Object Repository/Universal Staging/Tier Name' is: 'Gargi Sanadhya'

2022-02-11 16:18:29 - [MESSAGE][PASSED] - Text of object 'Object Repository/Universal Staging/Tier Name' is: 'Gargi Sanadhya'

2022-02-11 16:18:29 - [TEST_STEP][PASSED] - Tier_name = getText(findTestObject("Object Repository/Universal Staging/Tier Namee"), CONTINUE_ON_FAILURE): Text of object 'Object Repository/Universal Staging/Tier Namee' is: 'DIRECTOR'

2022-02-11 16:18:29 - [MESSAGE][PASSED] - Text of object 'Object Repository/Universal Staging/Tier Namee' is: 'DIRECTOR'

2022-02-11 16:18:29 - [TEST_STEP][PASSED] - out.println("Welcome " + User_name): null

2022-02-11 16:18:29 - [TEST_STEP][PASSED] - out.println("you are in " + Tier_name): null

2022-02-11 16:18:29 - [TEST_STEP][PASSED] - takeScreenshot(): Taking screenshot successfully

2022-02-11 16:18:29 - [MESSAGE][PASSED] - Taking screenshot successfully
[[ATTACHMENT|/home/knoldus/git/Universal-Auto/Reports/20220211_161715/Login/Login/20220211_161716/1644576509682.png]]]]></system-out>
         <system-err><![CDATA[]]></system-err>
      </testcase>
      <testcase name="Test Cases/Universal/Login/TC-2 Login with Screenwriter" time="28.572" classname="Test Cases/Universal/Login/TC-2 Login with Screenwriter" status="PASSED">
         <system-out><![CDATA[2022-02-11 16:18:29 - [TEST_CASE][PASSED] - Test Cases/Universal/Login/TC-2 Login with Screenwriter: Test Cases/Universal/Login/TC-2 Login with Screenwriter

2022-02-11 16:18:30 - [TEST_STEP][PASSED] - openBrowser(""): Browser is opened with url: ''

2022-02-11 16:18:30 - [MESSAGE][WARNING] - A browser is already opened. Closing browser and opening a new one

2022-02-11 16:18:30 - [MESSAGE][INFO] - Starting 'Firefox (headless)' driver

2022-02-11 16:18:30 - [MESSAGE][INFO] - Action delay is set to 0 milliseconds

2022-02-11 16:18:32 - [MESSAGE][PASSED] - Browser is opened with url: ''

2022-02-11 16:18:32 - [TEST_STEP][PASSED] - setViewPortSize(1920, 1080): Viewport is set to new size with width = 1920 and height = 1080

2022-02-11 16:18:32 - [MESSAGE][PASSED] - Viewport is set to new size with width = 1920 and height = 1080

2022-02-11 16:18:32 - [TEST_STEP][PASSED] - navigateToUrl(url): Navigate to 'https://universal.3tlstaging.com/home' successfully

2022-02-11 16:18:49 - [MESSAGE][PASSED] - Navigate to 'https://universal.3tlstaging.com/home' successfully

2022-02-11 16:18:49 - [TEST_STEP][PASSED] - delay(5): Delayed 5 second(s)

2022-02-11 16:18:54 - [MESSAGE][PASSED] - Delayed 5 second(s)

2022-02-11 16:18:54 - [TEST_STEP][PASSED] - maximizeWindow(): Current window maximized

2022-02-11 16:18:54 - [MESSAGE][PASSED] - Current window maximized

2022-02-11 16:18:54 - [TEST_STEP][PASSED] - if (verifyTextPresent("REGISTER / LOGIN", true, STOP_ON_FAILURE)): Taking screenshot successfully

2022-02-11 16:18:55 - [MESSAGE][PASSED] - Text 'REGISTER / LOGIN' is present on page  using regular expression

2022-02-11 16:18:55 - [TEST_STEP][PASSED] - click(findTestObject("Universal Staging/a_Register  Login")): Object: 'Object Repository/Universal Staging/a_Register  Login' is clicked on

2022-02-11 16:18:55 - [MESSAGE][PASSED] - Object: 'Object Repository/Universal Staging/a_Register  Login' is clicked on

2022-02-11 16:18:55 - [TEST_STEP][PASSED] - setText(findTestObject("Universal Staging/input_USERNAME OR EMAIL_mat-input-0"), Email): Text 'ankit248@yopmail.com' is set on object 'Object Repository/Universal Staging/input_USERNAME OR EMAIL_mat-input-0'

2022-02-11 16:18:55 - [MESSAGE][PASSED] - Text 'ankit248@yopmail.com' is set on object 'Object Repository/Universal Staging/input_USERNAME OR EMAIL_mat-input-0'

2022-02-11 16:18:55 - [TEST_STEP][PASSED] - setText(findTestObject("Universal Staging/input_PASSWORD_mat-input-1"), Pswrd): Text '3TL@testing' is set on object 'Object Repository/Universal Staging/input_PASSWORD_mat-input-1'

2022-02-11 16:18:55 - [MESSAGE][PASSED] - Text '3TL@testing' is set on object 'Object Repository/Universal Staging/input_PASSWORD_mat-input-1'

2022-02-11 16:18:55 - [TEST_STEP][PASSED] - click(findTestObject("Universal Staging/button_Login")): Object: 'Object Repository/Universal Staging/button_Login' is clicked on

2022-02-11 16:18:56 - [MESSAGE][PASSED] - Object: 'Object Repository/Universal Staging/button_Login' is clicked on

2022-02-11 16:18:56 - [TEST_STEP][PASSED] - delay(2): Delayed 2 second(s)

2022-02-11 16:18:58 - [MESSAGE][PASSED] - Delayed 2 second(s)

2022-02-11 16:18:58 - [TEST_STEP][PASSED] - User_name = getText(findTestObject("Object Repository/Universal Staging/Tier Name")): Text of object 'Object Repository/Universal Staging/Tier Name' is: 'Ankit Kumar'

2022-02-11 16:18:58 - [MESSAGE][PASSED] - Text of object 'Object Repository/Universal Staging/Tier Name' is: 'Ankit Kumar'

2022-02-11 16:18:58 - [TEST_STEP][PASSED] - Tier_name = getText(findTestObject("Object Repository/Universal Staging/Tier Namee"), CONTINUE_ON_FAILURE): Text of object 'Object Repository/Universal Staging/Tier Namee' is: 'SCREENWRITER'

2022-02-11 16:18:58 - [MESSAGE][PASSED] - Text of object 'Object Repository/Universal Staging/Tier Namee' is: 'SCREENWRITER'

2022-02-11 16:18:58 - [TEST_STEP][PASSED] - out.println("Welcome " + User_name): null

2022-02-11 16:18:58 - [TEST_STEP][PASSED] - out.println("you are in " + Tier_name): null

2022-02-11 16:18:58 - [TEST_STEP][PASSED] - takeScreenshot(): Taking screenshot successfully

2022-02-11 16:18:58 - [MESSAGE][PASSED] - Taking screenshot successfully
[[ATTACHMENT|/home/knoldus/git/Universal-Auto/Reports/20220211_161715/Login/Login/20220211_161716/1644576538290.png]]]]></system-out>
         <system-err><![CDATA[]]></system-err>
      </testcase>
      <testcase name="Test Cases/Universal/Login/TC-4 Login with Extra" time="30.189" classname="Test Cases/Universal/Login/TC-4 Login with Extra" status="PASSED">
         <system-out><![CDATA[2022-02-11 16:18:58 - [TEST_CASE][PASSED] - Test Cases/Universal/Login/TC-4 Login with Extra: Test Cases/Universal/Login/TC-4 Login with Extra

2022-02-11 16:18:58 - [TEST_STEP][PASSED] - openBrowser(""): Browser is opened with url: ''

2022-02-11 16:18:58 - [MESSAGE][WARNING] - A browser is already opened. Closing browser and opening a new one

2022-02-11 16:18:59 - [MESSAGE][INFO] - Starting 'Firefox (headless)' driver

2022-02-11 16:18:59 - [MESSAGE][INFO] - Action delay is set to 0 milliseconds

2022-02-11 16:19:01 - [MESSAGE][PASSED] - Browser is opened with url: ''

2022-02-11 16:19:01 - [TEST_STEP][PASSED] - setViewPortSize(1920, 1080): Viewport is set to new size with width = 1920 and height = 1080

2022-02-11 16:19:01 - [MESSAGE][PASSED] - Viewport is set to new size with width = 1920 and height = 1080

2022-02-11 16:19:01 - [TEST_STEP][PASSED] - navigateToUrl(url): Navigate to 'https://universal.3tlstaging.com/home' successfully

2022-02-11 16:19:19 - [MESSAGE][PASSED] - Navigate to 'https://universal.3tlstaging.com/home' successfully

2022-02-11 16:19:19 - [TEST_STEP][PASSED] - delay(5): Delayed 5 second(s)

2022-02-11 16:19:24 - [MESSAGE][PASSED] - Delayed 5 second(s)

2022-02-11 16:19:24 - [TEST_STEP][PASSED] - maximizeWindow(): Current window maximized

2022-02-11 16:19:24 - [MESSAGE][PASSED] - Current window maximized

2022-02-11 16:19:24 - [TEST_STEP][PASSED] - if (verifyTextPresent("REGISTER / LOGIN", true, STOP_ON_FAILURE)): Browser is closed

2022-02-11 16:19:24 - [MESSAGE][PASSED] - Text 'REGISTER / LOGIN' is present on page  using regular expression

2022-02-11 16:19:24 - [TEST_STEP][PASSED] - click(findTestObject("Universal Staging/a_Register  Login")): Object: 'Object Repository/Universal Staging/a_Register  Login' is clicked on

2022-02-11 16:19:25 - [MESSAGE][PASSED] - Object: 'Object Repository/Universal Staging/a_Register  Login' is clicked on

2022-02-11 16:19:25 - [TEST_STEP][PASSED] - setText(findTestObject("Universal Staging/input_USERNAME OR EMAIL_mat-input-0"), Email): Text 'soniatest@yopmail.com' is set on object 'Object Repository/Universal Staging/input_USERNAME OR EMAIL_mat-input-0'

2022-02-11 16:19:25 - [MESSAGE][PASSED] - Text 'soniatest@yopmail.com' is set on object 'Object Repository/Universal Staging/input_USERNAME OR EMAIL_mat-input-0'

2022-02-11 16:19:25 - [TEST_STEP][PASSED] - setText(findTestObject("Universal Staging/input_PASSWORD_mat-input-1"), Pswrd): Text 'Test@123' is set on object 'Object Repository/Universal Staging/input_PASSWORD_mat-input-1'

2022-02-11 16:19:25 - [MESSAGE][PASSED] - Text 'Test@123' is set on object 'Object Repository/Universal Staging/input_PASSWORD_mat-input-1'

2022-02-11 16:19:25 - [TEST_STEP][PASSED] - click(findTestObject("Universal Staging/button_Login")): Object: 'Object Repository/Universal Staging/button_Login' is clicked on

2022-02-11 16:19:25 - [MESSAGE][PASSED] - Object: 'Object Repository/Universal Staging/button_Login' is clicked on

2022-02-11 16:19:25 - [TEST_STEP][PASSED] - delay(2): Delayed 2 second(s)

2022-02-11 16:19:27 - [MESSAGE][PASSED] - Delayed 2 second(s)

2022-02-11 16:19:27 - [TEST_STEP][PASSED] - User_name = getText(findTestObject("Object Repository/Universal Staging/Tier Name")): Text of object 'Object Repository/Universal Staging/Tier Name' is: 'Sonia Rai'

2022-02-11 16:19:27 - [MESSAGE][PASSED] - Text of object 'Object Repository/Universal Staging/Tier Name' is: 'Sonia Rai'

2022-02-11 16:19:27 - [TEST_STEP][PASSED] - Tier_name = getText(findTestObject("Object Repository/Universal Staging/Tier Namee"), CONTINUE_ON_FAILURE): Text of object 'Object Repository/Universal Staging/Tier Namee' is: 'EXTRA'

2022-02-11 16:19:27 - [MESSAGE][PASSED] - Text of object 'Object Repository/Universal Staging/Tier Namee' is: 'EXTRA'

2022-02-11 16:19:27 - [TEST_STEP][PASSED] - out.println("Welcome" + User_name): null

2022-02-11 16:19:27 - [TEST_STEP][PASSED] - out.println("you are in" + Tier_name): null

2022-02-11 16:19:27 - [TEST_STEP][PASSED] - takeScreenshot(): Taking screenshot successfully

2022-02-11 16:19:28 - [MESSAGE][PASSED] - Taking screenshot successfully
[[ATTACHMENT|/home/knoldus/git/Universal-Auto/Reports/20220211_161715/Login/Login/20220211_161716/1644576567951.png]]

2022-02-11 16:19:28 - [TEST_STEP][PASSED] - closeBrowser(): Browser is closed

2022-02-11 16:19:28 - [MESSAGE][PASSED] - Browser is closed

2022-02-11 16:19:28 - [TEST_STEP][PASSED] - closeBrowser(): Browser is closed

2022-02-11 16:19:28 - [MESSAGE][PASSED] - Browser is closed]]></system-out>
         <system-err><![CDATA[]]></system-err>
      </testcase>
      <system-out><![CDATA[2022-02-11 16:17:36 - [TEST_SUITE][PASSED] - Login: Test Cases/Universal/Login/TC-4 Login with Extra]]></system-out>
      <system-err><![CDATA[]]></system-err>
   </testsuite>
   <testsuite name="Movie" tests="1" failures="0" errors="0" time="41.04" skipped="0" timestamp="2022-02-11 16:19:48" hostname="knoldus - knoldus-Latitude-3520" id="Test Suites/Movie Rewards/Movie">
      <properties>
         <property name="deviceName" value=""/>
         <property name="devicePlatform" value=""/>
         <property name="logFolder" value="/home/knoldus/git/Universal-Auto/Reports/20220211_161715/Movie Rewards/Movie/20220211_161718"/>
         <property name="logFiles" value="/home/knoldus/git/Universal-Auto/Reports/20220211_161715/Movie Rewards/Movie/20220211_161718/execution0.log"/>
         <property name="attachments" value="/home/knoldus/git/Universal-Auto/Reports/20220211_161715/Movie Rewards/Movie/20220211_161718/1644576618208.png, /home/knoldus/git/Universal-Auto/Reports/20220211_161715/Movie Rewards/Movie/20220211_161718/1644576629099.png"/>
         <property name="hostName" value="knoldus - knoldus-Latitude-3520"/>
         <property name="os" value="Linux 64bit"/>
         <property name="katalonVersion" value="8.2.0.208"/>
         <property name="browser" value="Firefox 96.0"/>
         <property name="hostAddress" value="127.0.1.1"/>
         <property name="sessionId" value="6553edaa-56c6-44b3-b933-f85eae8028bb"/>
         <property name="seleniumVersion" value="3.141.59"/>
         <property name="proxyInformation" value="ProxyInformation { proxyOption=NO_PROXY, proxyServerType=HTTP, username=, password=********, proxyServerAddress=, proxyServerPort=0, executionList=&quot;&quot;, isApplyToDesiredCapabilities=true }"/>
         <property name="platform" value="Linux"/>
      </properties>
      <testcase name="Test Cases/Universal/Tc-1 Verify the movies on movie ticket page" time="40.793" classname="Test Cases/Universal/Tc-1 Verify the movies on movie ticket page" status="PASSED">
         <system-out><![CDATA[2022-02-11 16:19:48 - [TEST_CASE][PASSED] - Test Cases/Universal/Tc-1 Verify the movies on movie ticket page: Test Cases/Universal/Tc-1 Verify the movies on movie ticket page

2022-02-11 16:19:48 - [TEST_STEP][PASSED] - callTestCase(findTestCase("Universal/Login/TC-1 Login with Moviestar"), ["Email":"testing12345@yopmail.com", "Pswrd":"3TL@testing"], STOP_ON_FAILURE): Call Test Case 'Test Cases/Universal/Login/TC-1 Login with Moviestar' successfully

2022-02-11 16:19:49 - [TEST_CASE][PASSED] - Test Cases/Universal/Login/TC-1 Login with Moviestar: Test Cases/Universal/Login/TC-1 Login with Moviestar

2022-02-11 16:19:49 - [TEST_STEP][PASSED] - openBrowser(""): Browser is opened with url: ''

2022-02-11 16:19:49 - [MESSAGE][INFO] - Starting 'Firefox (headless)' driver

2022-02-11 16:19:49 - [MESSAGE][INFO] - Action delay is set to 0 milliseconds

2022-02-11 16:19:51 - [MESSAGE][PASSED] - Browser is opened with url: ''

2022-02-11 16:19:51 - [TEST_STEP][PASSED] - setViewPortSize(1920, 1080): Viewport is set to new size with width = 1920 and height = 1080

2022-02-11 16:19:51 - [MESSAGE][PASSED] - Viewport is set to new size with width = 1920 and height = 1080

2022-02-11 16:19:51 - [TEST_STEP][PASSED] - navigateToUrl(url): Navigate to 'https://universal.3tlstaging.com/home' successfully

2022-02-11 16:20:09 - [MESSAGE][PASSED] - Navigate to 'https://universal.3tlstaging.com/home' successfully

2022-02-11 16:20:09 - [TEST_STEP][PASSED] - delay(5): Delayed 5 second(s)

2022-02-11 16:20:14 - [MESSAGE][PASSED] - Delayed 5 second(s)

2022-02-11 16:20:14 - [TEST_STEP][PASSED] - maximizeWindow(): Current window maximized

2022-02-11 16:20:14 - [MESSAGE][PASSED] - Current window maximized

2022-02-11 16:20:14 - [TEST_STEP][PASSED] - if (verifyTextPresent("REGISTER / LOGIN", true, STOP_ON_FAILURE)): Taking screenshot successfully

2022-02-11 16:20:15 - [MESSAGE][PASSED] - Text 'REGISTER / LOGIN' is present on page  using regular expression

2022-02-11 16:20:15 - [TEST_STEP][PASSED] - click(findTestObject("Universal Staging/a_Register  Login")): Object: 'Object Repository/Universal Staging/a_Register  Login' is clicked on

2022-02-11 16:20:15 - [MESSAGE][PASSED] - Object: 'Object Repository/Universal Staging/a_Register  Login' is clicked on

2022-02-11 16:20:15 - [TEST_STEP][PASSED] - setText(findTestObject("Universal Staging/input_USERNAME OR EMAIL_mat-input-0"), Email): Text 'testing12345@yopmail.com' is set on object 'Object Repository/Universal Staging/input_USERNAME OR EMAIL_mat-input-0'

2022-02-11 16:20:15 - [MESSAGE][PASSED] - Text 'testing12345@yopmail.com' is set on object 'Object Repository/Universal Staging/input_USERNAME OR EMAIL_mat-input-0'

2022-02-11 16:20:15 - [TEST_STEP][PASSED] - setText(findTestObject("Universal Staging/input_PASSWORD_mat-input-1"), Pswrd): Text '3TL@testing' is set on object 'Object Repository/Universal Staging/input_PASSWORD_mat-input-1'

2022-02-11 16:20:15 - [MESSAGE][PASSED] - Text '3TL@testing' is set on object 'Object Repository/Universal Staging/input_PASSWORD_mat-input-1'

2022-02-11 16:20:15 - [TEST_STEP][PASSED] - click(findTestObject("Universal Staging/button_Login")): Object: 'Object Repository/Universal Staging/button_Login' is clicked on

2022-02-11 16:20:16 - [MESSAGE][PASSED] - Object: 'Object Repository/Universal Staging/button_Login' is clicked on

2022-02-11 16:20:16 - [TEST_STEP][PASSED] - delay(2): Delayed 2 second(s)

2022-02-11 16:20:18 - [MESSAGE][PASSED] - Delayed 2 second(s)

2022-02-11 16:20:18 - [TEST_STEP][PASSED] - User_name = getText(findTestObject("Object Repository/Universal Staging/Tier Name")): Text of object 'Object Repository/Universal Staging/Tier Name' is: 'Ankit Kumar'

2022-02-11 16:20:18 - [MESSAGE][PASSED] - Text of object 'Object Repository/Universal Staging/Tier Name' is: 'Ankit Kumar'

2022-02-11 16:20:18 - [TEST_STEP][PASSED] - Tier_name = getText(findTestObject("Object Repository/Universal Staging/Tier Namee"), CONTINUE_ON_FAILURE): Text of object 'Object Repository/Universal Staging/Tier Namee' is: 'MOVIE STAR'

2022-02-11 16:20:18 - [MESSAGE][PASSED] - Text of object 'Object Repository/Universal Staging/Tier Namee' is: 'MOVIE STAR'

2022-02-11 16:20:18 - [TEST_STEP][PASSED] - out.println("Welcome " + User_name): null

2022-02-11 16:20:18 - [TEST_STEP][PASSED] - out.println("you are in " + Tier_name): null

2022-02-11 16:20:18 - [TEST_STEP][PASSED] - takeScreenshot(): Taking screenshot successfully

2022-02-11 16:20:18 - [MESSAGE][PASSED] - Taking screenshot successfully
[[ATTACHMENT|/home/knoldus/git/Universal-Auto/Reports/20220211_161715/Movie Rewards/Movie/20220211_161718/1644576618208.png]]

2022-02-11 16:20:18 - [MESSAGE][PASSED] - Call Test Case 'Test Cases/Universal/Login/TC-1 Login with Moviestar' successfully

2022-02-11 16:20:18 - [TEST_STEP][PASSED] - delay(5): Delayed 5 second(s)

2022-02-11 16:20:23 - [MESSAGE][PASSED] - Delayed 5 second(s)

2022-02-11 16:20:23 - [TEST_STEP][PASSED] - mouseOver(findTestObject("Object Repository/Universal Staging/a_Validate Purchase")): Object: 'Object Repository/Universal Staging/a_Validate Purchase' is hovered

2022-02-11 16:20:23 - [MESSAGE][PASSED] - Object: 'Object Repository/Universal Staging/a_Validate Purchase' is hovered

2022-02-11 16:20:23 - [TEST_STEP][PASSED] - click(findTestObject("Object Repository/Universal Staging/a_Movie Ticket")): Object: 'Object Repository/Universal Staging/a_Movie Ticket' is clicked on

2022-02-11 16:20:23 - [MESSAGE][PASSED] - Object: 'Object Repository/Universal Staging/a_Movie Ticket' is clicked on

2022-02-11 16:20:23 - [TEST_STEP][PASSED] - scrollToPosition(999, 999, STOP_ON_FAILURE): Browser is scrolled to position x = 999, y = 999

2022-02-11 16:20:24 - [MESSAGE][PASSED] - Browser is scrolled to position x = 999, y = 999

2022-02-11 16:20:24 - [TEST_STEP][PASSED] - delay(5): Delayed 5 second(s)

2022-02-11 16:20:29 - [MESSAGE][PASSED] - Delayed 5 second(s)

2022-02-11 16:20:29 - [TEST_STEP][PASSED] - listofelements = findWebElements(findTestObject("Object Repository/Universal Staging/Movies images"), 10): null

2022-02-11 16:20:29 - [TEST_STEP][PASSED] - for (org.openqa.selenium.WebElement element : listofelements): null

2022-02-11 16:20:29 - [TEST_STEP][PASSED] - out.println("movie" + element.getAttribute("alt") + element.getAttribute("src")): null

2022-02-11 16:20:29 - [TEST_STEP][PASSED] - out.println("movie" + element.getAttribute("alt") + element.getAttribute("src")): null

2022-02-11 16:20:29 - [TEST_STEP][PASSED] - takeScreenshot(): Taking screenshot successfully

2022-02-11 16:20:29 - [MESSAGE][PASSED] - Taking screenshot successfully
[[ATTACHMENT|/home/knoldus/git/Universal-Auto/Reports/20220211_161715/Movie Rewards/Movie/20220211_161718/1644576629099.png]]]]></system-out>
         <system-err><![CDATA[]]></system-err>
      </testcase>
      <system-out><![CDATA[2022-02-11 16:19:48 - [TEST_SUITE][PASSED] - Movie: Test Cases/Universal/Tc-1 Verify the movies on movie ticket page]]></system-out>
      <system-err><![CDATA[]]></system-err>
   </testsuite>
   <testsuite name="Contest Entry" tests="1" failures="0" errors="0" time="42.821" skipped="0" timestamp="2022-02-11 16:20:49" hostname="knoldus - knoldus-Latitude-3520" id="Test Suites/Contest Entry/Contest Entry">
      <properties>
         <property name="deviceName" value=""/>
         <property name="devicePlatform" value=""/>
         <property name="logFolder" value="/home/knoldus/git/Universal-Auto/Reports/20220211_161715/Contest Entry/Contest Entry/20220211_161720"/>
         <property name="logFiles" value="/home/knoldus/git/Universal-Auto/Reports/20220211_161715/Contest Entry/Contest Entry/20220211_161720/execution0.log"/>
         <property name="attachments" value="/home/knoldus/git/Universal-Auto/Reports/20220211_161715/Contest Entry/Contest Entry/20220211_161720/1644576680204.png"/>
         <property name="hostName" value="knoldus - knoldus-Latitude-3520"/>
         <property name="os" value="Linux 64bit"/>
         <property name="katalonVersion" value="8.2.0.208"/>
         <property name="browser" value="Firefox 96.0"/>
         <property name="hostAddress" value="127.0.1.1"/>
         <property name="sessionId" value="5e674d32-fa4e-4175-99fa-045dc7985335"/>
         <property name="seleniumVersion" value="3.141.59"/>
         <property name="proxyInformation" value="ProxyInformation { proxyOption=NO_PROXY, proxyServerType=HTTP, username=, password=********, proxyServerAddress=, proxyServerPort=0, executionList=&quot;&quot;, isApplyToDesiredCapabilities=true }"/>
         <property name="platform" value="Linux"/>
      </properties>
      <testcase name="Test Cases/Universal/Tc-6- Verify the Contest entry on reward page" time="42.608" classname="Test Cases/Universal/Tc-6- Verify the Contest entry on reward page" status="PASSED">
         <system-out><![CDATA[2022-02-11 16:20:50 - [TEST_CASE][PASSED] - Test Cases/Universal/Tc-6- Verify the Contest entry on reward page: Test Cases/Universal/Tc-6- Verify the Contest entry on reward page

2022-02-11 16:20:50 - [TEST_STEP][PASSED] - callTestCase(findTestCase("Universal/Login/TC-1 Login with Moviestar"), ["Email":"testing12345@yopmail.com", "Pswrd":"3TL@testing", "url":"https://universal.3tlstaging.com/home"], CONTINUE_ON_FAILURE): Call Test Case 'Test Cases/Universal/Login/TC-1 Login with Moviestar' successfully

2022-02-11 16:20:50 - [TEST_CASE][PASSED] - Test Cases/Universal/Login/TC-1 Login with Moviestar: Test Cases/Universal/Login/TC-1 Login with Moviestar

2022-02-11 16:20:50 - [TEST_STEP][PASSED] - openBrowser(""): Browser is opened with url: ''

2022-02-11 16:20:51 - [MESSAGE][INFO] - Starting 'Firefox (headless)' driver

2022-02-11 16:20:51 - [MESSAGE][INFO] - Action delay is set to 0 milliseconds

2022-02-11 16:20:53 - [MESSAGE][PASSED] - Browser is opened with url: ''

2022-02-11 16:20:53 - [TEST_STEP][PASSED] - setViewPortSize(1920, 1080): Viewport is set to new size with width = 1920 and height = 1080

2022-02-11 16:20:53 - [MESSAGE][PASSED] - Viewport is set to new size with width = 1920 and height = 1080

2022-02-11 16:20:53 - [TEST_STEP][PASSED] - navigateToUrl(url): Navigate to 'https://universal.3tlstaging.com/home' successfully

2022-02-11 16:21:11 - [MESSAGE][PASSED] - Navigate to 'https://universal.3tlstaging.com/home' successfully

2022-02-11 16:21:11 - [TEST_STEP][PASSED] - delay(5): Delayed 5 second(s)

2022-02-11 16:21:16 - [MESSAGE][PASSED] - Delayed 5 second(s)

2022-02-11 16:21:16 - [TEST_STEP][PASSED] - maximizeWindow(): Current window maximized

2022-02-11 16:21:16 - [MESSAGE][PASSED] - Current window maximized

2022-02-11 16:21:16 - [TEST_STEP][PASSED] - if (verifyTextPresent("REGISTER / LOGIN", true, STOP_ON_FAILURE)): Taking screenshot successfully

2022-02-11 16:21:17 - [MESSAGE][PASSED] - Text 'REGISTER / LOGIN' is present on page  using regular expression

2022-02-11 16:21:17 - [TEST_STEP][PASSED] - click(findTestObject("Universal Staging/a_Register  Login")): Object: 'Object Repository/Universal Staging/a_Register  Login' is clicked on

2022-02-11 16:21:17 - [MESSAGE][PASSED] - Object: 'Object Repository/Universal Staging/a_Register  Login' is clicked on

2022-02-11 16:21:17 - [TEST_STEP][PASSED] - setText(findTestObject("Universal Staging/input_USERNAME OR EMAIL_mat-input-0"), Email): Text 'testing12345@yopmail.com' is set on object 'Object Repository/Universal Staging/input_USERNAME OR EMAIL_mat-input-0'

2022-02-11 16:21:17 - [MESSAGE][PASSED] - Text 'testing12345@yopmail.com' is set on object 'Object Repository/Universal Staging/input_USERNAME OR EMAIL_mat-input-0'

2022-02-11 16:21:17 - [TEST_STEP][PASSED] - setText(findTestObject("Universal Staging/input_PASSWORD_mat-input-1"), Pswrd): Text '3TL@testing' is set on object 'Object Repository/Universal Staging/input_PASSWORD_mat-input-1'

2022-02-11 16:21:17 - [MESSAGE][PASSED] - Text '3TL@testing' is set on object 'Object Repository/Universal Staging/input_PASSWORD_mat-input-1'

2022-02-11 16:21:17 - [TEST_STEP][PASSED] - click(findTestObject("Universal Staging/button_Login")): Object: 'Object Repository/Universal Staging/button_Login' is clicked on

2022-02-11 16:21:18 - [MESSAGE][PASSED] - Object: 'Object Repository/Universal Staging/button_Login' is clicked on

2022-02-11 16:21:18 - [TEST_STEP][PASSED] - delay(2): Delayed 2 second(s)

2022-02-11 16:21:20 - [MESSAGE][PASSED] - Delayed 2 second(s)

2022-02-11 16:21:20 - [TEST_STEP][PASSED] - User_name = getText(findTestObject("Object Repository/Universal Staging/Tier Name")): Text of object 'Object Repository/Universal Staging/Tier Name' is: 'Ankit Kumar'

2022-02-11 16:21:20 - [MESSAGE][PASSED] - Text of object 'Object Repository/Universal Staging/Tier Name' is: 'Ankit Kumar'

2022-02-11 16:21:20 - [TEST_STEP][PASSED] - Tier_name = getText(findTestObject("Object Repository/Universal Staging/Tier Namee"), CONTINUE_ON_FAILURE): Text of object 'Object Repository/Universal Staging/Tier Namee' is: 'MOVIE STAR'

2022-02-11 16:21:20 - [MESSAGE][PASSED] - Text of object 'Object Repository/Universal Staging/Tier Namee' is: 'MOVIE STAR'

2022-02-11 16:21:20 - [TEST_STEP][PASSED] - out.println("Welcome " + User_name): null

2022-02-11 16:21:20 - [TEST_STEP][PASSED] - out.println("you are in " + Tier_name): null

2022-02-11 16:21:20 - [TEST_STEP][PASSED] - takeScreenshot(): Taking screenshot successfully

2022-02-11 16:21:20 - [MESSAGE][PASSED] - Taking screenshot successfully
[[ATTACHMENT|/home/knoldus/git/Universal-Auto/Reports/20220211_161715/Contest Entry/Contest Entry/20220211_161720/1644576680204.png]]

2022-02-11 16:21:20 - [MESSAGE][PASSED] - Call Test Case 'Test Cases/Universal/Login/TC-1 Login with Moviestar' successfully

2022-02-11 16:21:20 - [TEST_STEP][PASSED] - delay(5): Delayed 5 second(s)

2022-02-11 16:21:25 - [MESSAGE][PASSED] - Delayed 5 second(s)

2022-02-11 16:21:25 - [TEST_STEP][PASSED] - click(findTestObject("Object Repository/Universal Staging/a_Rewards")): Object: 'Object Repository/Universal Staging/a_Rewards' is clicked on

2022-02-11 16:21:25 - [MESSAGE][PASSED] - Object: 'Object Repository/Universal Staging/a_Rewards' is clicked on

2022-02-11 16:21:25 - [TEST_STEP][PASSED] - scrollToElement(findTestObject("Object Repository/Reward page/Page_Universal All-Access Rewards  Get Rewa_700d57/div_Show All"), 0, STOP_ON_FAILURE): Scroll to object 'Object Repository/Reward page/Page_Universal All-Access Rewards  Get Rewa_700d57/div_Show All' successfully

2022-02-11 16:21:25 - [MESSAGE][WARNING] - Timeout '0' is invalid. Using default page load timeout: '30'

2022-02-11 16:21:25 - [MESSAGE][PASSED] - Scroll to object 'Object Repository/Reward page/Page_Universal All-Access Rewards  Get Rewa_700d57/div_Show All' successfully

2022-02-11 16:21:25 - [TEST_STEP][PASSED] - click(findTestObject("Object Repository/Reward page/Page_Universal All-Access Rewards  Get Rewa_700d57/div_Show All")): Object: 'Object Repository/Reward page/Page_Universal All-Access Rewards  Get Rewa_700d57/div_Show All' is clicked on

2022-02-11 16:21:27 - [MESSAGE][PASSED] - Object: 'Object Repository/Reward page/Page_Universal All-Access Rewards  Get Rewa_700d57/div_Show All' is clicked on

2022-02-11 16:21:27 - [TEST_STEP][PASSED] - click(findTestObject("Object Repository/Reward page/Page_Universal All-Access Rewards  Get Rewa_700d57/span_Digital")): Object: 'Object Repository/Reward page/Page_Universal All-Access Rewards  Get Rewa_700d57/span_Digital' is clicked on

2022-02-11 16:21:27 - [MESSAGE][PASSED] - Object: 'Object Repository/Reward page/Page_Universal All-Access Rewards  Get Rewa_700d57/span_Digital' is clicked on

2022-02-11 16:21:27 - [TEST_STEP][PASSED] - scrollToPosition(999, 999, CONTINUE_ON_FAILURE): Browser is scrolled to position x = 999, y = 999

2022-02-11 16:21:27 - [MESSAGE][PASSED] - Browser is scrolled to position x = 999, y = 999

2022-02-11 16:21:27 - [TEST_STEP][PASSED] - if (verifyTextPresent(short_des, true, CONTINUE_ON_FAILURE)): null

2022-02-11 16:21:28 - [MESSAGE][PASSED] - Text 'F9: The Fast Saga' is present on page  using regular expression

2022-02-11 16:21:28 - [TEST_STEP][PASSED] - if (verifyTextPresent(long_des, true, CONTINUE_ON_FAILURE)): null

2022-02-11 16:21:29 - [MESSAGE][PASSED] - Text '"The Armadillo" Video Conferencing Background' is present on page  using regular expression

2022-02-11 16:21:29 - [TEST_STEP][PASSED] - click(findTestObject("Object Repository/Universal-Contest entry/Reedem now button")): Object: 'Object Repository/Universal-Contest entry/Reedem now button' is clicked on

2022-02-11 16:21:29 - [MESSAGE][PASSED] - Object: 'Object Repository/Universal-Contest entry/Reedem now button' is clicked on

2022-02-11 16:21:29 - [TEST_STEP][PASSED] - result = getText(findTestObject("Object Repository/Universal Staging/Get movie name")): Text of object 'Object Repository/Universal Staging/Get movie name' is: 'Spirit Untamed'

2022-02-11 16:21:30 - [MESSAGE][PASSED] - Text of object 'Object Repository/Universal Staging/Get movie name' is: 'Spirit Untamed'

2022-02-11 16:21:30 - [TEST_STEP][PASSED] - out.println(result): null

2022-02-11 16:21:30 - [TEST_STEP][PASSED] - scrollToElement(findTestObject("Object Repository/Universal Staging/Redeem Now button"), 0, CONTINUE_ON_FAILURE): Scroll to object 'Object Repository/Universal Staging/Redeem Now button' successfully

2022-02-11 16:21:30 - [MESSAGE][WARNING] - Timeout '0' is invalid. Using default page load timeout: '30'

2022-02-11 16:21:30 - [MESSAGE][PASSED] - Scroll to object 'Object Repository/Universal Staging/Redeem Now button' successfully

2022-02-11 16:21:30 - [TEST_STEP][PASSED] - click(findTestObject("Object Repository/Universal Staging/Redeem Now button")): Object: 'Object Repository/Universal Staging/Redeem Now button' is clicked on

2022-02-11 16:21:31 - [MESSAGE][PASSED] - Object: 'Object Repository/Universal Staging/Redeem Now button' is clicked on

2022-02-11 16:21:31 - [TEST_STEP][PASSED] - if (verifyElementPresent(findTestObject("Object Repository/Universal Staging/Toast message"), 0, CONTINUE_ON_FAILURE)): null

2022-02-11 16:21:31 - [MESSAGE][WARNING] - Timeout '0' is invalid. Using default page load timeout: '30'

2022-02-11 16:21:32 - [MESSAGE][PASSED] - Object 'Object Repository/Universal Staging/Toast message' is present

2022-02-11 16:21:32 - [TEST_STEP][PASSED] - Toastmessage = getText(findTestObject("Object Repository/Universal Staging/Toast message"), CONTINUE_ON_FAILURE): Text of object 'Object Repository/Universal Staging/Toast message' is: 'Sorry! You’ve already redeemed this reward.'

2022-02-11 16:21:32 - [MESSAGE][PASSED] - Text of object 'Object Repository/Universal Staging/Toast message' is: 'Sorry! You’ve already redeemed this reward.'

2022-02-11 16:21:32 - [TEST_STEP][PASSED] - out.println("Already reedemed  " + Toastmessage): null

2022-02-11 16:21:32 - [TEST_STEP][PASSED] - closeBrowser(): Browser is closed

2022-02-11 16:21:32 - [MESSAGE][PASSED] - Browser is closed]]></system-out>
         <system-err><![CDATA[]]></system-err>
      </testcase>
      <system-out><![CDATA[2022-02-11 16:20:49 - [TEST_SUITE][PASSED] - Contest Entry: Test Cases/Universal/Tc-6- Verify the Contest entry on reward page]]></system-out>
      <system-err><![CDATA[]]></system-err>
   </testsuite>
   <testsuite name="Digital Rewards" tests="1" failures="0" errors="0" time="53.351" skipped="0" timestamp="2022-02-11 16:21:51" hostname="knoldus - knoldus-Latitude-3520" id="Test Suites/Digital Rewards/Digital Rewards">
      <properties>
         <property name="deviceName" value=""/>
         <property name="devicePlatform" value=""/>
         <property name="logFolder" value="/home/knoldus/git/Universal-Auto/Reports/20220211_161715/Digital Rewards/Digital Rewards/20220211_161722"/>
         <property name="logFiles" value="/home/knoldus/git/Universal-Auto/Reports/20220211_161715/Digital Rewards/Digital Rewards/20220211_161722/execution0.log"/>
         <property name="attachments" value="/home/knoldus/git/Universal-Auto/Reports/20220211_161715/Digital Rewards/Digital Rewards/20220211_161722/1644576739663.png"/>
         <property name="hostName" value="knoldus - knoldus-Latitude-3520"/>
         <property name="os" value="Linux 64bit"/>
         <property name="katalonVersion" value="8.2.0.208"/>
         <property name="browser" value="Firefox 96.0"/>
         <property name="hostAddress" value="127.0.1.1"/>
         <property name="sessionId" value="bb5047e2-0cdf-49a7-b393-eced2f7d9347"/>
         <property name="seleniumVersion" value="3.141.59"/>
         <property name="proxyInformation" value="ProxyInformation { proxyOption=NO_PROXY, proxyServerType=HTTP, username=, password=********, proxyServerAddress=, proxyServerPort=0, executionList=&quot;&quot;, isApplyToDesiredCapabilities=true }"/>
         <property name="platform" value="Linux"/>
      </properties>
      <testcase name="Test Cases/Universal/Tc-3 Verify the Digital rewards on reward page" time="53.117" classname="Test Cases/Universal/Tc-3 Verify the Digital rewards on reward page" status="PASSED">
         <system-out><![CDATA[2022-02-11 16:21:51 - [TEST_CASE][PASSED] - Test Cases/Universal/Tc-3 Verify the Digital rewards on reward page: Test Cases/Universal/Tc-3 Verify the Digital rewards on reward page

2022-02-11 16:21:51 - [TEST_STEP][PASSED] - callTestCase(findTestCase("Universal/Login/TC-3 Login with Director"), ["Email":"test3004@yopmail.com", "Pswrd":"3tl@testing"], CONTINUE_ON_FAILURE): Call Test Case 'Test Cases/Universal/Login/TC-3 Login with Director' successfully

2022-02-11 16:21:52 - [TEST_CASE][PASSED] - Test Cases/Universal/Login/TC-3 Login with Director: Test Cases/Universal/Login/TC-3 Login with Director

2022-02-11 16:21:52 - [TEST_STEP][PASSED] - openBrowser(""): Browser is opened with url: ''

2022-02-11 16:21:52 - [MESSAGE][INFO] - Starting 'Firefox (headless)' driver

2022-02-11 16:21:52 - [MESSAGE][INFO] - Action delay is set to 0 milliseconds

2022-02-11 16:21:54 - [MESSAGE][PASSED] - Browser is opened with url: ''

2022-02-11 16:21:54 - [TEST_STEP][PASSED] - setViewPortSize(1920, 1080): Viewport is set to new size with width = 1920 and height = 1080

2022-02-11 16:21:54 - [MESSAGE][PASSED] - Viewport is set to new size with width = 1920 and height = 1080

2022-02-11 16:21:54 - [TEST_STEP][PASSED] - navigateToUrl(url): Navigate to 'https://universal.3tlstaging.com/home' successfully

2022-02-11 16:22:10 - [MESSAGE][PASSED] - Navigate to 'https://universal.3tlstaging.com/home' successfully

2022-02-11 16:22:10 - [TEST_STEP][PASSED] - delay(5): Delayed 5 second(s)

2022-02-11 16:22:15 - [MESSAGE][PASSED] - Delayed 5 second(s)

2022-02-11 16:22:15 - [TEST_STEP][PASSED] - maximizeWindow(): Current window maximized

2022-02-11 16:22:16 - [MESSAGE][PASSED] - Current window maximized

2022-02-11 16:22:16 - [TEST_STEP][PASSED] - if (verifyTextPresent("REGISTER / LOGIN", true, STOP_ON_FAILURE)): Taking screenshot successfully

2022-02-11 16:22:16 - [MESSAGE][PASSED] - Text 'REGISTER / LOGIN' is present on page  using regular expression

2022-02-11 16:22:16 - [TEST_STEP][PASSED] - click(findTestObject("Universal Staging/a_Register  Login")): Object: 'Object Repository/Universal Staging/a_Register  Login' is clicked on

2022-02-11 16:22:16 - [MESSAGE][PASSED] - Object: 'Object Repository/Universal Staging/a_Register  Login' is clicked on

2022-02-11 16:22:16 - [TEST_STEP][PASSED] - setText(findTestObject("Universal Staging/input_USERNAME OR EMAIL_mat-input-0"), Email): Text 'test3004@yopmail.com' is set on object 'Object Repository/Universal Staging/input_USERNAME OR EMAIL_mat-input-0'

2022-02-11 16:22:17 - [MESSAGE][PASSED] - Text 'test3004@yopmail.com' is set on object 'Object Repository/Universal Staging/input_USERNAME OR EMAIL_mat-input-0'

2022-02-11 16:22:17 - [TEST_STEP][PASSED] - setText(findTestObject("Universal Staging/input_PASSWORD_mat-input-1"), Pswrd): Text '3tl@testing' is set on object 'Object Repository/Universal Staging/input_PASSWORD_mat-input-1'

2022-02-11 16:22:17 - [MESSAGE][PASSED] - Text '3tl@testing' is set on object 'Object Repository/Universal Staging/input_PASSWORD_mat-input-1'

2022-02-11 16:22:17 - [TEST_STEP][PASSED] - click(findTestObject("Universal Staging/button_Login")): Object: 'Object Repository/Universal Staging/button_Login' is clicked on

2022-02-11 16:22:17 - [MESSAGE][PASSED] - Object: 'Object Repository/Universal Staging/button_Login' is clicked on

2022-02-11 16:22:17 - [TEST_STEP][PASSED] - delay(2): Delayed 2 second(s)

2022-02-11 16:22:19 - [MESSAGE][PASSED] - Delayed 2 second(s)

2022-02-11 16:22:19 - [TEST_STEP][PASSED] - User_name = getText(findTestObject("Object Repository/Universal Staging/Tier Name")): Text of object 'Object Repository/Universal Staging/Tier Name' is: 'Gargi Sanadhya'

2022-02-11 16:22:19 - [MESSAGE][PASSED] - Text of object 'Object Repository/Universal Staging/Tier Name' is: 'Gargi Sanadhya'

2022-02-11 16:22:19 - [TEST_STEP][PASSED] - Tier_name = getText(findTestObject("Object Repository/Universal Staging/Tier Namee"), CONTINUE_ON_FAILURE): Text of object 'Object Repository/Universal Staging/Tier Namee' is: 'DIRECTOR'

2022-02-11 16:22:19 - [MESSAGE][PASSED] - Text of object 'Object Repository/Universal Staging/Tier Namee' is: 'DIRECTOR'

2022-02-11 16:22:19 - [TEST_STEP][PASSED] - out.println("Welcome " + User_name): null

2022-02-11 16:22:19 - [TEST_STEP][PASSED] - out.println("you are in " + Tier_name): null

2022-02-11 16:22:19 - [TEST_STEP][PASSED] - takeScreenshot(): Taking screenshot successfully

2022-02-11 16:22:19 - [MESSAGE][PASSED] - Taking screenshot successfully
[[ATTACHMENT|/home/knoldus/git/Universal-Auto/Reports/20220211_161715/Digital Rewards/Digital Rewards/20220211_161722/1644576739663.png]]

2022-02-11 16:22:19 - [MESSAGE][PASSED] - Call Test Case 'Test Cases/Universal/Login/TC-3 Login with Director' successfully

2022-02-11 16:22:19 - [TEST_STEP][PASSED] - delay(5): Delayed 5 second(s)

2022-02-11 16:22:24 - [MESSAGE][PASSED] - Delayed 5 second(s)

2022-02-11 16:22:24 - [TEST_STEP][PASSED] - click(findTestObject("Object Repository/Reward page/Page_Universal All-Access Rewards  Get Rewa_700d57/a_Rewards")): Object: 'Object Repository/Reward page/Page_Universal All-Access Rewards  Get Rewa_700d57/a_Rewards' is clicked on

2022-02-11 16:22:25 - [MESSAGE][PASSED] - Object: 'Object Repository/Reward page/Page_Universal All-Access Rewards  Get Rewa_700d57/a_Rewards' is clicked on

2022-02-11 16:22:25 - [TEST_STEP][PASSED] - scrollToElement(findTestObject("Object Repository/Reward page/Page_Universal All-Access Rewards  Get Rewa_700d57/div_Show All"), 0, STOP_ON_FAILURE): Scroll to object 'Object Repository/Reward page/Page_Universal All-Access Rewards  Get Rewa_700d57/div_Show All' successfully

2022-02-11 16:22:25 - [MESSAGE][WARNING] - Timeout '0' is invalid. Using default page load timeout: '30'

2022-02-11 16:22:25 - [MESSAGE][PASSED] - Scroll to object 'Object Repository/Reward page/Page_Universal All-Access Rewards  Get Rewa_700d57/div_Show All' successfully

2022-02-11 16:22:25 - [TEST_STEP][PASSED] - click(findTestObject("Object Repository/Reward page/Page_Universal All-Access Rewards  Get Rewa_700d57/div_Show All")): Object: 'Object Repository/Reward page/Page_Universal All-Access Rewards  Get Rewa_700d57/div_Show All' is clicked on

2022-02-11 16:22:26 - [MESSAGE][PASSED] - Object: 'Object Repository/Reward page/Page_Universal All-Access Rewards  Get Rewa_700d57/div_Show All' is clicked on

2022-02-11 16:22:26 - [TEST_STEP][PASSED] - click(findTestObject("Object Repository/Reward page/Page_Universal All-Access Rewards  Get Rewa_700d57/span_Digital")): Object: 'Object Repository/Reward page/Page_Universal All-Access Rewards  Get Rewa_700d57/span_Digital' is clicked on

2022-02-11 16:22:27 - [MESSAGE][PASSED] - Object: 'Object Repository/Reward page/Page_Universal All-Access Rewards  Get Rewa_700d57/span_Digital' is clicked on

2022-02-11 16:22:27 - [TEST_STEP][PASSED] - scrollToPosition(999, 999, STOP_ON_FAILURE): Browser is scrolled to position x = 999, y = 999

2022-02-11 16:22:27 - [MESSAGE][PASSED] - Browser is scrolled to position x = 999, y = 999

2022-02-11 16:22:27 - [TEST_STEP][PASSED] - click(findTestObject("Object Repository/Reward page/Page_Universal All-Access Rewards  Get Rewa_700d57/div_1K PointsBeethovens Big BreakDigital Mo_cf5511")): Object: 'Object Repository/Reward page/Page_Universal All-Access Rewards  Get Rewa_700d57/div_1K PointsBeethovens Big BreakDigital Mo_cf5511' is clicked on

2022-02-11 16:22:27 - [MESSAGE][PASSED] - Object: 'Object Repository/Reward page/Page_Universal All-Access Rewards  Get Rewa_700d57/div_1K PointsBeethovens Big BreakDigital Mo_cf5511' is clicked on

2022-02-11 16:22:27 - [TEST_STEP][PASSED] - delay(3): Delayed 3 second(s)

2022-02-11 16:22:30 - [MESSAGE][PASSED] - Delayed 3 second(s)

2022-02-11 16:22:30 - [TEST_STEP][PASSED] - if (verifyTextPresent(Title, true, OPTIONAL)): null

2022-02-11 16:22:31 - [MESSAGE][PASSED] - Text 'Kicking and Screaming' is present on page  using regular expression

2022-02-11 16:22:31 - [TEST_STEP][PASSED] - if (verifyTextPresent(Short_des, true, CONTINUE_ON_FAILURE)): null

2022-02-11 16:22:32 - [MESSAGE][PASSED] - Text 'Digital Movie' is present on page  using regular expression

2022-02-11 16:22:32 - [TEST_STEP][PASSED] - navigateToUrl(url + behavior_id): Navigate to 'https://universal.3tlstaging.com/reward-preview/8be1c7b396cf9d694babd31c3202f0bc-b4be01f3ba2f6de759738fb625d165da' successfully

2022-02-11 16:22:38 - [MESSAGE][PASSED] - Navigate to 'https://universal.3tlstaging.com/reward-preview/8be1c7b396cf9d694babd31c3202f0bc-b4be01f3ba2f6de759738fb625d165da' successfully

2022-02-11 16:22:38 - [TEST_STEP][PASSED] - result = getText(findTestObject("Object Repository/Universal Staging/Get movie name")): Text of object 'Object Repository/Universal Staging/Get movie name' is: 'Kicking and Screaming'

2022-02-11 16:22:38 - [MESSAGE][PASSED] - Text of object 'Object Repository/Universal Staging/Get movie name' is: 'Kicking and Screaming'

2022-02-11 16:22:38 - [TEST_STEP][PASSED] - out.println("Movie Name is" + result): null

2022-02-11 16:22:38 - [TEST_STEP][PASSED] - scrollToElement(findTestObject("Object Repository/Universal Staging/Redeem Now button"), 0, CONTINUE_ON_FAILURE): Scroll to object 'Object Repository/Universal Staging/Redeem Now button' successfully

2022-02-11 16:22:38 - [MESSAGE][WARNING] - Timeout '0' is invalid. Using default page load timeout: '30'

2022-02-11 16:22:38 - [MESSAGE][PASSED] - Scroll to object 'Object Repository/Universal Staging/Redeem Now button' successfully

2022-02-11 16:22:38 - [TEST_STEP][PASSED] - click(findTestObject("Object Repository/Universal Staging/Redeem Now button")): Object: 'Object Repository/Universal Staging/Redeem Now button' is clicked on

2022-02-11 16:22:39 - [MESSAGE][PASSED] - Object: 'Object Repository/Universal Staging/Redeem Now button' is clicked on

2022-02-11 16:22:39 - [TEST_STEP][PASSED] - delay(5): Delayed 5 second(s)

2022-02-11 16:22:44 - [MESSAGE][PASSED] - Delayed 5 second(s)

2022-02-11 16:22:44 - [TEST_STEP][PASSED] - if (verifyElementPresent(findTestObject("Object Repository/Universal Staging/Toast message"), 0, CONTINUE_ON_FAILURE)): null

2022-02-11 16:22:44 - [MESSAGE][WARNING] - Timeout '0' is invalid. Using default page load timeout: '30'

2022-02-11 16:22:44 - [MESSAGE][PASSED] - Object 'Object Repository/Universal Staging/Toast message' is present

2022-02-11 16:22:44 - [TEST_STEP][PASSED] - Toastmessage = getText(findTestObject("Object Repository/Universal Staging/Toast message"), CONTINUE_ON_FAILURE): Text of object 'Object Repository/Universal Staging/Toast message' is: 'Sorry! You’ve already redeemed this reward.'

2022-02-11 16:22:44 - [MESSAGE][PASSED] - Text of object 'Object Repository/Universal Staging/Toast message' is: 'Sorry! You’ve already redeemed this reward.'

2022-02-11 16:22:44 - [TEST_STEP][PASSED] - out.println("Already reedemed  " + Toastmessage): null

2022-02-11 16:22:44 - [TEST_STEP][PASSED] - closeBrowser(): Browser is closed

2022-02-11 16:22:44 - [MESSAGE][PASSED] - Browser is closed]]></system-out>
         <system-err><![CDATA[]]></system-err>
      </testcase>
      <system-out><![CDATA[2022-02-11 16:21:51 - [TEST_SUITE][PASSED] - Digital Rewards: Test Cases/Universal/Tc-3 Verify the Digital rewards on reward page]]></system-out>
      <system-err><![CDATA[]]></system-err>
   </testsuite>
   <testsuite name="Eligible movie" tests="1" failures="0" errors="0" time="37.957" skipped="0" timestamp="2022-02-11 16:23:02" hostname="knoldus - knoldus-Latitude-3520" id="Test Suites/Eligible Movie/Eligible movie">
      <properties>
         <property name="deviceName" value=""/>
         <property name="devicePlatform" value=""/>
         <property name="logFolder" value="/home/knoldus/git/Universal-Auto/Reports/20220211_161715/Eligible Movie/Eligible movie/20220211_161724"/>
         <property name="logFiles" value="/home/knoldus/git/Universal-Auto/Reports/20220211_161715/Eligible Movie/Eligible movie/20220211_161724/execution0.log"/>
         <property name="attachments" value="/home/knoldus/git/Universal-Auto/Reports/20220211_161715/Eligible Movie/Eligible movie/20220211_161724/1644576814975.png, /home/knoldus/git/Universal-Auto/Reports/20220211_161715/Eligible Movie/Eligible movie/20220211_161724/1644576819880.png"/>
         <property name="hostName" value="knoldus - knoldus-Latitude-3520"/>
         <property name="os" value="Linux 64bit"/>
         <property name="katalonVersion" value="8.2.0.208"/>
         <property name="browser" value="Firefox 96.0"/>
         <property name="hostAddress" value="127.0.1.1"/>
         <property name="sessionId" value="cecbf69d-f2bd-4c4c-b65d-98f6580d44b0"/>
         <property name="seleniumVersion" value="3.141.59"/>
         <property name="proxyInformation" value="ProxyInformation { proxyOption=NO_PROXY, proxyServerType=HTTP, username=, password=********, proxyServerAddress=, proxyServerPort=0, executionList=&quot;&quot;, isApplyToDesiredCapabilities=true }"/>
         <property name="platform" value="Linux"/>
      </properties>
      <testcase name="Test Cases/Universal/Tc-5 Verify the movies on Eligible page" time="37.697" classname="Test Cases/Universal/Tc-5 Verify the movies on Eligible page" status="PASSED">
         <system-out><![CDATA[2022-02-11 16:23:02 - [TEST_CASE][PASSED] - Test Cases/Universal/Tc-5 Verify the movies on Eligible page: Test Cases/Universal/Tc-5 Verify the movies on Eligible page

2022-02-11 16:23:03 - [TEST_STEP][PASSED] - callTestCase(findTestCase("Universal/Login/TC-2 Login with Screenwriter"), ["Email":"ankit248@yopmail.com", "Pswrd":"3TL@testing"], STOP_ON_FAILURE): Call Test Case 'Test Cases/Universal/Login/TC-2 Login with Screenwriter' successfully

2022-02-11 16:23:03 - [TEST_CASE][PASSED] - Test Cases/Universal/Login/TC-2 Login with Screenwriter: Test Cases/Universal/Login/TC-2 Login with Screenwriter

2022-02-11 16:23:03 - [TEST_STEP][PASSED] - openBrowser(""): Browser is opened with url: ''

2022-02-11 16:23:03 - [MESSAGE][INFO] - Starting 'Firefox (headless)' driver

2022-02-11 16:23:03 - [MESSAGE][INFO] - Action delay is set to 0 milliseconds

2022-02-11 16:23:05 - [MESSAGE][PASSED] - Browser is opened with url: ''

2022-02-11 16:23:05 - [TEST_STEP][PASSED] - setViewPortSize(1920, 1080): Viewport is set to new size with width = 1920 and height = 1080

2022-02-11 16:23:05 - [MESSAGE][PASSED] - Viewport is set to new size with width = 1920 and height = 1080

2022-02-11 16:23:05 - [TEST_STEP][PASSED] - navigateToUrl(url): Navigate to 'https://universal.3tlstaging.com/home' successfully

2022-02-11 16:23:26 - [MESSAGE][PASSED] - Navigate to 'https://universal.3tlstaging.com/home' successfully

2022-02-11 16:23:26 - [TEST_STEP][PASSED] - delay(5): Delayed 5 second(s)

2022-02-11 16:23:31 - [MESSAGE][PASSED] - Delayed 5 second(s)

2022-02-11 16:23:31 - [TEST_STEP][PASSED] - maximizeWindow(): Current window maximized

2022-02-11 16:23:31 - [MESSAGE][PASSED] - Current window maximized

2022-02-11 16:23:31 - [TEST_STEP][PASSED] - if (verifyTextPresent("REGISTER / LOGIN", true, STOP_ON_FAILURE)): Taking screenshot successfully

2022-02-11 16:23:31 - [MESSAGE][PASSED] - Text 'REGISTER / LOGIN' is present on page  using regular expression

2022-02-11 16:23:31 - [TEST_STEP][PASSED] - click(findTestObject("Universal Staging/a_Register  Login")): Object: 'Object Repository/Universal Staging/a_Register  Login' is clicked on

2022-02-11 16:23:32 - [MESSAGE][PASSED] - Object: 'Object Repository/Universal Staging/a_Register  Login' is clicked on

2022-02-11 16:23:32 - [TEST_STEP][PASSED] - setText(findTestObject("Universal Staging/input_USERNAME OR EMAIL_mat-input-0"), Email): Text 'ankit248@yopmail.com' is set on object 'Object Repository/Universal Staging/input_USERNAME OR EMAIL_mat-input-0'

2022-02-11 16:23:32 - [MESSAGE][PASSED] - Text 'ankit248@yopmail.com' is set on object 'Object Repository/Universal Staging/input_USERNAME OR EMAIL_mat-input-0'

2022-02-11 16:23:32 - [TEST_STEP][PASSED] - setText(findTestObject("Universal Staging/input_PASSWORD_mat-input-1"), Pswrd): Text '3TL@testing' is set on object 'Object Repository/Universal Staging/input_PASSWORD_mat-input-1'

2022-02-11 16:23:32 - [MESSAGE][PASSED] - Text '3TL@testing' is set on object 'Object Repository/Universal Staging/input_PASSWORD_mat-input-1'

2022-02-11 16:23:32 - [TEST_STEP][PASSED] - click(findTestObject("Universal Staging/button_Login")): Object: 'Object Repository/Universal Staging/button_Login' is clicked on

2022-02-11 16:23:32 - [MESSAGE][PASSED] - Object: 'Object Repository/Universal Staging/button_Login' is clicked on

2022-02-11 16:23:32 - [TEST_STEP][PASSED] - delay(2): Delayed 2 second(s)

2022-02-11 16:23:34 - [MESSAGE][PASSED] - Delayed 2 second(s)

2022-02-11 16:23:34 - [TEST_STEP][PASSED] - User_name = getText(findTestObject("Object Repository/Universal Staging/Tier Name")): Text of object 'Object Repository/Universal Staging/Tier Name' is: 'Ankit Kumar'

2022-02-11 16:23:34 - [MESSAGE][PASSED] - Text of object 'Object Repository/Universal Staging/Tier Name' is: 'Ankit Kumar'

2022-02-11 16:23:34 - [TEST_STEP][PASSED] - Tier_name = getText(findTestObject("Object Repository/Universal Staging/Tier Namee"), CONTINUE_ON_FAILURE): Text of object 'Object Repository/Universal Staging/Tier Namee' is: 'SCREENWRITER'

2022-02-11 16:23:34 - [MESSAGE][PASSED] - Text of object 'Object Repository/Universal Staging/Tier Namee' is: 'SCREENWRITER'

2022-02-11 16:23:34 - [TEST_STEP][PASSED] - out.println("Welcome " + User_name): null

2022-02-11 16:23:34 - [TEST_STEP][PASSED] - out.println("you are in " + Tier_name): null

2022-02-11 16:23:34 - [TEST_STEP][PASSED] - takeScreenshot(): Taking screenshot successfully

2022-02-11 16:23:35 - [MESSAGE][PASSED] - Taking screenshot successfully
[[ATTACHMENT|/home/knoldus/git/Universal-Auto/Reports/20220211_161715/Eligible Movie/Eligible movie/20220211_161724/1644576814975.png]]

2022-02-11 16:23:35 - [MESSAGE][PASSED] - Call Test Case 'Test Cases/Universal/Login/TC-2 Login with Screenwriter' successfully

2022-02-11 16:23:35 - [TEST_STEP][PASSED] - mouseOver(findTestObject("Object Repository/eligible movie/Page_Universal All-Access Rewards  Get Rewa_700d57/a_Validate Purchase")): Object: 'Object Repository/eligible movie/Page_Universal All-Access Rewards  Get Rewa_700d57/a_Validate Purchase' is hovered

2022-02-11 16:23:35 - [MESSAGE][PASSED] - Object: 'Object Repository/eligible movie/Page_Universal All-Access Rewards  Get Rewa_700d57/a_Validate Purchase' is hovered

2022-02-11 16:23:35 - [TEST_STEP][PASSED] - click(findTestObject("Object Repository/eligible movie/Page_Universal All-Access Rewards  Get Rewa_700d57/a_Eligible Movies")): Object: 'Object Repository/eligible movie/Page_Universal All-Access Rewards  Get Rewa_700d57/a_Eligible Movies' is clicked on

2022-02-11 16:23:35 - [MESSAGE][PASSED] - Object: 'Object Repository/eligible movie/Page_Universal All-Access Rewards  Get Rewa_700d57/a_Eligible Movies' is clicked on

2022-02-11 16:23:35 - [TEST_STEP][PASSED] - delay(2): Delayed 2 second(s)

2022-02-11 16:23:37 - [MESSAGE][PASSED] - Delayed 2 second(s)

2022-02-11 16:23:37 - [TEST_STEP][PASSED] - scrollToPosition(999, 999, CONTINUE_ON_FAILURE): Browser is scrolled to position x = 999, y = 999

2022-02-11 16:23:37 - [MESSAGE][PASSED] - Browser is scrolled to position x = 999, y = 999

2022-02-11 16:23:37 - [TEST_STEP][PASSED] - if (verifyTextPresent(title, true)): Browser is closed

2022-02-11 16:23:38 - [MESSAGE][PASSED] - Text 'Halloween Kills' is present on page  using regular expression

2022-02-11 16:23:38 - [TEST_STEP][PASSED] - Movie_validation = verifyTextPresent(Validation_type, true): Text 'Product Insert Code' is present on page  using regular expression

2022-02-11 16:23:38 - [MESSAGE][PASSED] - Text 'Product Insert Code' is present on page  using regular expression

2022-02-11 16:23:38 - [TEST_STEP][PASSED] - Movie_format = verifyTextPresent(format, true): Text '4K' is present on page  using regular expression

2022-02-11 16:23:39 - [MESSAGE][PASSED] - Text '4K' is present on page  using regular expression

2022-02-11 16:23:39 - [TEST_STEP][PASSED] - Movie_UPC = verifyTextPresent(UPC, true): Text '1-9132-92112-5-0' is present on page  using regular expression

2022-02-11 16:23:39 - [MESSAGE][PASSED] - Text '1-9132-92112-5-0' is present on page  using regular expression

2022-02-11 16:23:39 - [TEST_STEP][PASSED] - Movie_name = getText(findTestObject("Object Repository/Universal Staging/Eligible movie name")): Text of object 'Object Repository/Universal Staging/Eligible movie name' is: 'Halloween Kills
Product Insert Code
4K
1-9132-92112-5-0'

2022-02-11 16:23:39 - [MESSAGE][PASSED] - Text of object 'Object Repository/Universal Staging/Eligible movie name' is: 'Halloween Kills
Product Insert Code
4K
1-9132-92112-5-0'

2022-02-11 16:23:39 - [TEST_STEP][PASSED] - out.println("Eligible movie name " + Movie_name): null

2022-02-11 16:23:39 - [TEST_STEP][PASSED] - takeScreenshot(): Taking screenshot successfully

2022-02-11 16:23:40 - [MESSAGE][PASSED] - Taking screenshot successfully
[[ATTACHMENT|/home/knoldus/git/Universal-Auto/Reports/20220211_161715/Eligible Movie/Eligible movie/20220211_161724/1644576819880.png]]

2022-02-11 16:23:40 - [TEST_STEP][PASSED] - closeBrowser(): Browser is closed

2022-02-11 16:23:40 - [MESSAGE][PASSED] - Browser is closed]]></system-out>
         <system-err><![CDATA[]]></system-err>
      </testcase>
      <system-out><![CDATA[2022-02-11 16:23:02 - [TEST_SUITE][PASSED] - Eligible movie: Test Cases/Universal/Tc-5 Verify the movies on Eligible page]]></system-out>
      <system-err><![CDATA[]]></system-err>
   </testsuite>
   <testsuite name="Physical reward" tests="1" failures="0" errors="0" time="51.352" skipped="0" timestamp="2022-02-11 16:24:00" hostname="knoldus - knoldus-Latitude-3520" id="Test Suites/Physical rewards/Physical reward">
      <properties>
         <property name="deviceName" value=""/>
         <property name="devicePlatform" value=""/>
         <property name="logFolder" value="/home/knoldus/git/Universal-Auto/Reports/20220211_161715/Physical rewards/Physical reward/20220211_161726"/>
         <property name="logFiles" value="/home/knoldus/git/Universal-Auto/Reports/20220211_161715/Physical rewards/Physical reward/20220211_161726/execution0.log"/>
         <property name="attachments" value="/home/knoldus/git/Universal-Auto/Reports/20220211_161715/Physical rewards/Physical reward/20220211_161726/1644576871990.png"/>
         <property name="hostName" value="knoldus - knoldus-Latitude-3520"/>
         <property name="os" value="Linux 64bit"/>
         <property name="katalonVersion" value="8.2.0.208"/>
         <property name="browser" value="Firefox 96.0"/>
         <property name="hostAddress" value="127.0.1.1"/>
         <property name="sessionId" value="ad4dc202-839d-497e-a0bc-830f3a5555fd"/>
         <property name="seleniumVersion" value="3.141.59"/>
         <property name="proxyInformation" value="ProxyInformation { proxyOption=NO_PROXY, proxyServerType=HTTP, username=, password=********, proxyServerAddress=, proxyServerPort=0, executionList=&quot;&quot;, isApplyToDesiredCapabilities=true }"/>
         <property name="platform" value="Linux"/>
      </properties>
      <testcase name="Test Cases/Universal/Tc-2 Verify the Physical rewards on reward page" time="51.08" classname="Test Cases/Universal/Tc-2 Verify the Physical rewards on reward page" status="PASSED">
         <system-out><![CDATA[2022-02-11 16:24:00 - [TEST_CASE][PASSED] - Test Cases/Universal/Tc-2 Verify the Physical rewards on reward page: Test Cases/Universal/Tc-2 Verify the Physical rewards on reward page

2022-02-11 16:24:00 - [TEST_STEP][PASSED] - callTestCase(findTestCase("Universal/Login/TC-3 Login with Director"), ["Email":"test3004@yopmail.com", "Pswrd":"3tl@testing"], OPTIONAL): Call Test Case 'Test Cases/Universal/Login/TC-3 Login with Director' successfully

2022-02-11 16:24:01 - [TEST_CASE][PASSED] - Test Cases/Universal/Login/TC-3 Login with Director: Test Cases/Universal/Login/TC-3 Login with Director

2022-02-11 16:24:01 - [TEST_STEP][PASSED] - openBrowser(""): Browser is opened with url: ''

2022-02-11 16:24:01 - [MESSAGE][INFO] - Starting 'Firefox (headless)' driver

2022-02-11 16:24:01 - [MESSAGE][INFO] - Action delay is set to 0 milliseconds

2022-02-11 16:24:03 - [MESSAGE][PASSED] - Browser is opened with url: ''

2022-02-11 16:24:03 - [TEST_STEP][PASSED] - setViewPortSize(1920, 1080): Viewport is set to new size with width = 1920 and height = 1080

2022-02-11 16:24:03 - [MESSAGE][PASSED] - Viewport is set to new size with width = 1920 and height = 1080

2022-02-11 16:24:03 - [TEST_STEP][PASSED] - navigateToUrl(url): Navigate to 'https://universal.3tlstaging.com/home' successfully

2022-02-11 16:24:23 - [MESSAGE][PASSED] - Navigate to 'https://universal.3tlstaging.com/home' successfully

2022-02-11 16:24:23 - [TEST_STEP][PASSED] - delay(5): Delayed 5 second(s)

2022-02-11 16:24:28 - [MESSAGE][PASSED] - Delayed 5 second(s)

2022-02-11 16:24:28 - [TEST_STEP][PASSED] - maximizeWindow(): Current window maximized

2022-02-11 16:24:28 - [MESSAGE][PASSED] - Current window maximized

2022-02-11 16:24:28 - [TEST_STEP][PASSED] - if (verifyTextPresent("REGISTER / LOGIN", true, STOP_ON_FAILURE)): Taking screenshot successfully

2022-02-11 16:24:28 - [MESSAGE][PASSED] - Text 'REGISTER / LOGIN' is present on page  using regular expression

2022-02-11 16:24:28 - [TEST_STEP][PASSED] - click(findTestObject("Universal Staging/a_Register  Login")): Object: 'Object Repository/Universal Staging/a_Register  Login' is clicked on

2022-02-11 16:24:29 - [MESSAGE][PASSED] - Object: 'Object Repository/Universal Staging/a_Register  Login' is clicked on

2022-02-11 16:24:29 - [TEST_STEP][PASSED] - setText(findTestObject("Universal Staging/input_USERNAME OR EMAIL_mat-input-0"), Email): Text 'test3004@yopmail.com' is set on object 'Object Repository/Universal Staging/input_USERNAME OR EMAIL_mat-input-0'

2022-02-11 16:24:29 - [MESSAGE][PASSED] - Text 'test3004@yopmail.com' is set on object 'Object Repository/Universal Staging/input_USERNAME OR EMAIL_mat-input-0'

2022-02-11 16:24:29 - [TEST_STEP][PASSED] - setText(findTestObject("Universal Staging/input_PASSWORD_mat-input-1"), Pswrd): Text '3tl@testing' is set on object 'Object Repository/Universal Staging/input_PASSWORD_mat-input-1'

2022-02-11 16:24:29 - [MESSAGE][PASSED] - Text '3tl@testing' is set on object 'Object Repository/Universal Staging/input_PASSWORD_mat-input-1'

2022-02-11 16:24:29 - [TEST_STEP][PASSED] - click(findTestObject("Universal Staging/button_Login")): Object: 'Object Repository/Universal Staging/button_Login' is clicked on

2022-02-11 16:24:29 - [MESSAGE][PASSED] - Object: 'Object Repository/Universal Staging/button_Login' is clicked on

2022-02-11 16:24:29 - [TEST_STEP][PASSED] - delay(2): Delayed 2 second(s)

2022-02-11 16:24:31 - [MESSAGE][PASSED] - Delayed 2 second(s)

2022-02-11 16:24:31 - [TEST_STEP][PASSED] - User_name = getText(findTestObject("Object Repository/Universal Staging/Tier Name")): Text of object 'Object Repository/Universal Staging/Tier Name' is: 'Gargi Sanadhya'

2022-02-11 16:24:31 - [MESSAGE][PASSED] - Text of object 'Object Repository/Universal Staging/Tier Name' is: 'Gargi Sanadhya'

2022-02-11 16:24:31 - [TEST_STEP][PASSED] - Tier_name = getText(findTestObject("Object Repository/Universal Staging/Tier Namee"), CONTINUE_ON_FAILURE): Text of object 'Object Repository/Universal Staging/Tier Namee' is: 'DIRECTOR'

2022-02-11 16:24:31 - [MESSAGE][PASSED] - Text of object 'Object Repository/Universal Staging/Tier Namee' is: 'DIRECTOR'

2022-02-11 16:24:31 - [TEST_STEP][PASSED] - out.println("Welcome " + User_name): null

2022-02-11 16:24:31 - [TEST_STEP][PASSED] - out.println("you are in " + Tier_name): null

2022-02-11 16:24:31 - [TEST_STEP][PASSED] - takeScreenshot(): Taking screenshot successfully

2022-02-11 16:24:32 - [MESSAGE][PASSED] - Taking screenshot successfully
[[ATTACHMENT|/home/knoldus/git/Universal-Auto/Reports/20220211_161715/Physical rewards/Physical reward/20220211_161726/1644576871990.png]]

2022-02-11 16:24:32 - [MESSAGE][PASSED] - Call Test Case 'Test Cases/Universal/Login/TC-3 Login with Director' successfully

2022-02-11 16:24:32 - [TEST_STEP][PASSED] - delay(5): Delayed 5 second(s)

2022-02-11 16:24:37 - [MESSAGE][PASSED] - Delayed 5 second(s)

2022-02-11 16:24:37 - [TEST_STEP][PASSED] - click(findTestObject("Object Repository/Universal Staging/a_Rewards")): Object: 'Object Repository/Universal Staging/a_Rewards' is clicked on

2022-02-11 16:24:37 - [MESSAGE][PASSED] - Object: 'Object Repository/Universal Staging/a_Rewards' is clicked on

2022-02-11 16:24:37 - [TEST_STEP][PASSED] - waitForPageLoad(2): Wait for page load successfully

2022-02-11 16:24:37 - [MESSAGE][PASSED] - Wait for page load successfully

2022-02-11 16:24:37 - [TEST_STEP][PASSED] - scrollToElement(findTestObject("Object Repository/Reward page/Page_Universal All-Access Rewards  Get Rewa_700d57/div_Show All"), 0, STOP_ON_FAILURE): Scroll to object 'Object Repository/Reward page/Page_Universal All-Access Rewards  Get Rewa_700d57/div_Show All' successfully

2022-02-11 16:24:37 - [MESSAGE][WARNING] - Timeout '0' is invalid. Using default page load timeout: '30'

2022-02-11 16:24:37 - [MESSAGE][PASSED] - Scroll to object 'Object Repository/Reward page/Page_Universal All-Access Rewards  Get Rewa_700d57/div_Show All' successfully

2022-02-11 16:24:37 - [TEST_STEP][PASSED] - click(findTestObject("Object Repository/Universal Staging/div_Show All")): Object: 'Object Repository/Universal Staging/div_Show All' is clicked on

2022-02-11 16:24:39 - [MESSAGE][PASSED] - Object: 'Object Repository/Universal Staging/div_Show All' is clicked on

2022-02-11 16:24:39 - [TEST_STEP][PASSED] - delay(2): Delayed 2 second(s)

2022-02-11 16:24:41 - [MESSAGE][PASSED] - Delayed 2 second(s)

2022-02-11 16:24:41 - [TEST_STEP][PASSED] - click(findTestObject("Object Repository/Universal Staging/span_Physical")): Object: 'Object Repository/Universal Staging/span_Physical' is clicked on

2022-02-11 16:24:41 - [MESSAGE][PASSED] - Object: 'Object Repository/Universal Staging/span_Physical' is clicked on

2022-02-11 16:24:41 - [TEST_STEP][PASSED] - if (verifyTextPresent(short_des, true, CONTINUE_ON_FAILURE)): Delayed 2 second(s)

2022-02-11 16:24:42 - [MESSAGE][PASSED] - Text 'Pitch Perfect 3' is present on page  using regular expression

2022-02-11 16:24:42 - [TEST_STEP][PASSED] - navigateToUrl(url + reward_cat + behavior_id): Navigate to 'https://universal.3tlstaging.com/reward-preview/8be1c7b396cf9d694babd31c3202f0bc-e16ffd26f782c90ebafdc4a6aa0674df' successfully

2022-02-11 16:24:48 - [MESSAGE][PASSED] - Navigate to 'https://universal.3tlstaging.com/reward-preview/8be1c7b396cf9d694babd31c3202f0bc-e16ffd26f782c90ebafdc4a6aa0674df' successfully

2022-02-11 16:24:48 - [TEST_STEP][PASSED] - result = getText(findTestObject("Object Repository/Universal Staging/Get movie name")): Text of object 'Object Repository/Universal Staging/Get movie name' is: 'Pitch Perfect 3'

2022-02-11 16:24:48 - [MESSAGE][PASSED] - Text of object 'Object Repository/Universal Staging/Get movie name' is: 'Pitch Perfect 3'

2022-02-11 16:24:48 - [TEST_STEP][PASSED] - out.println("Movie Name is" + result): null

2022-02-11 16:24:48 - [TEST_STEP][PASSED] - scrollToElement(findTestObject("Object Repository/Universal Staging/Redeem Now button"), 0, CONTINUE_ON_FAILURE): Scroll to object 'Object Repository/Universal Staging/Redeem Now button' successfully

2022-02-11 16:24:48 - [MESSAGE][WARNING] - Timeout '0' is invalid. Using default page load timeout: '30'

2022-02-11 16:24:48 - [MESSAGE][PASSED] - Scroll to object 'Object Repository/Universal Staging/Redeem Now button' successfully

2022-02-11 16:24:48 - [TEST_STEP][PASSED] - click(findTestObject("Object Repository/Universal Staging/Redeem Now button")): Object: 'Object Repository/Universal Staging/Redeem Now button' is clicked on

2022-02-11 16:24:49 - [MESSAGE][PASSED] - Object: 'Object Repository/Universal Staging/Redeem Now button' is clicked on

2022-02-11 16:24:49 - [TEST_STEP][PASSED] - delay(2): Delayed 2 second(s)

2022-02-11 16:24:51 - [MESSAGE][PASSED] - Delayed 2 second(s)

2022-02-11 16:24:51 - [TEST_STEP][PASSED] - out.println("Your testcase has been failed"): null

2022-02-11 16:24:51 - [TEST_STEP][PASSED] - closeBrowser(): Browser is closed

2022-02-11 16:24:51 - [MESSAGE][PASSED] - Browser is closed]]></system-out>
         <system-err><![CDATA[]]></system-err>
      </testcase>
      <system-out><![CDATA[2022-02-11 16:24:00 - [TEST_SUITE][PASSED] - Physical reward: Test Cases/Universal/Tc-2 Verify the Physical rewards on reward page]]></system-out>
      <system-err><![CDATA[]]></system-err>
   </testsuite>
</testsuites>
