<?xml version="1.0" encoding="UTF-8"?>
<testsuites name="Movie" time="43.228" tests="1" failures="0" errors="0">
   <testsuite name="Movie" tests="1" failures="0" errors="0" time="43.228" skipped="0" timestamp="2022-02-02 11:05:40" hostname="knoldus - knoldus-Latitude-3520" id="Test Suites/Movie/Movie">
      <properties>
         <property name="deviceName" value=""/>
         <property name="devicePlatform" value=""/>
         <property name="logFolder" value="/home/knoldus/git/Universal-Auto/Reports/20220202_110133/Movie/Movie/20220202_110138"/>
         <property name="logFiles" value="/home/knoldus/git/Universal-Auto/Reports/20220202_110133/Movie/Movie/20220202_110138/execution0.log"/>
         <property name="attachments" value="/home/knoldus/git/Universal-Auto/Reports/20220202_110133/Movie/Movie/20220202_110138/1643780172497.png"/>
         <property name="hostName" value="knoldus - knoldus-Latitude-3520"/>
         <property name="os" value="Linux 64bit"/>
         <property name="katalonVersion" value="8.2.0.208"/>
         <property name="browser" value="Firefox 96.0"/>
         <property name="hostAddress" value="127.0.1.1"/>
         <property name="sessionId" value="8d545fd0-8595-4ea5-9109-5788d0993a3b"/>
         <property name="seleniumVersion" value="3.141.59"/>
         <property name="proxyInformation" value="ProxyInformation { proxyOption=NO_PROXY, proxyServerType=HTTP, username=, password=********, proxyServerAddress=, proxyServerPort=0, executionList=&quot;&quot;, isApplyToDesiredCapabilities=true }"/>
         <property name="platform" value="Linux"/>
      </properties>
      <testcase name="Test Cases/Universal/Tc-1 Verify the movies on movie ticket page" time="42.89" classname="Test Cases/Universal/Tc-1 Verify the movies on movie ticket page" status="PASSED">
         <system-out><![CDATA[2022-02-02 11:05:40 - [TEST_CASE][PASSED] - Test Cases/Universal/Tc-1 Verify the movies on movie ticket page: Test Cases/Universal/Tc-1 Verify the movies on movie ticket page

2022-02-02 11:05:41 - [TEST_STEP][PASSED] - callTestCase(findTestCase("Universal/Login/TC-1 Login with Moviestar"), ["Email":"testing12345@yopmail.com", "Pswrd":"3TL@testing"], STOP_ON_FAILURE): Call Test Case 'Test Cases/Universal/Login/TC-1 Login with Moviestar' successfully

2022-02-02 11:05:41 - [TEST_CASE][PASSED] - Test Cases/Universal/Login/TC-1 Login with Moviestar: Test Cases/Universal/Login/TC-1 Login with Moviestar

2022-02-02 11:05:41 - [TEST_STEP][PASSED] - openBrowser(""): Browser is opened with url: ''

2022-02-02 11:05:41 - [MESSAGE][INFO] - Starting 'Firefox (headless)' driver

2022-02-02 11:05:41 - [MESSAGE][INFO] - Action delay is set to 0 milliseconds

2022-02-02 11:05:44 - [MESSAGE][PASSED] - Browser is opened with url: ''

2022-02-02 11:05:44 - [TEST_STEP][PASSED] - setViewPortSize(1920, 1080): Viewport is set to new size with width = 1920 and height = 1080

2022-02-02 11:05:44 - [MESSAGE][PASSED] - Viewport is set to new size with width = 1920 and height = 1080

2022-02-02 11:05:44 - [TEST_STEP][PASSED] - navigateToUrl(url): Navigate to 'https://universal.3tlstaging.com/home' successfully

2022-02-02 11:06:03 - [MESSAGE][PASSED] - Navigate to 'https://universal.3tlstaging.com/home' successfully

2022-02-02 11:06:03 - [TEST_STEP][PASSED] - delay(5): Delayed 5 second(s)

2022-02-02 11:06:08 - [MESSAGE][PASSED] - Delayed 5 second(s)

2022-02-02 11:06:08 - [TEST_STEP][PASSED] - maximizeWindow(): Current window maximized

2022-02-02 11:06:08 - [MESSAGE][PASSED] - Current window maximized

2022-02-02 11:06:08 - [TEST_STEP][PASSED] - if (verifyTextPresent("REGISTER / LOGIN", true, STOP_ON_FAILURE)): null

2022-02-02 11:06:08 - [MESSAGE][PASSED] - Text 'REGISTER / LOGIN' is present on page  using regular expression

2022-02-02 11:06:08 - [TEST_STEP][PASSED] - click(findTestObject("Universal Staging/a_Register  Login")): Object: 'Object Repository/Universal Staging/a_Register  Login' is clicked on

2022-02-02 11:06:09 - [MESSAGE][PASSED] - Object: 'Object Repository/Universal Staging/a_Register  Login' is clicked on

2022-02-02 11:06:09 - [TEST_STEP][PASSED] - setText(findTestObject("Universal Staging/input_USERNAME OR EMAIL_mat-input-0"), Email): Text 'testing12345@yopmail.com' is set on object 'Object Repository/Universal Staging/input_USERNAME OR EMAIL_mat-input-0'

2022-02-02 11:06:09 - [MESSAGE][PASSED] - Text 'testing12345@yopmail.com' is set on object 'Object Repository/Universal Staging/input_USERNAME OR EMAIL_mat-input-0'

2022-02-02 11:06:09 - [TEST_STEP][PASSED] - setText(findTestObject("Universal Staging/input_PASSWORD_mat-input-1"), Pswrd): Text '3TL@testing' is set on object 'Object Repository/Universal Staging/input_PASSWORD_mat-input-1'

2022-02-02 11:06:09 - [MESSAGE][PASSED] - Text '3TL@testing' is set on object 'Object Repository/Universal Staging/input_PASSWORD_mat-input-1'

2022-02-02 11:06:09 - [TEST_STEP][PASSED] - click(findTestObject("Universal Staging/button_Login")): Object: 'Object Repository/Universal Staging/button_Login' is clicked on

2022-02-02 11:06:10 - [MESSAGE][PASSED] - Object: 'Object Repository/Universal Staging/button_Login' is clicked on

2022-02-02 11:06:10 - [TEST_STEP][PASSED] - delay(2): Delayed 2 second(s)

2022-02-02 11:06:12 - [MESSAGE][PASSED] - Delayed 2 second(s)

2022-02-02 11:06:12 - [TEST_STEP][PASSED] - User_name = getText(findTestObject("Object Repository/Universal Staging/Tier Name")): Text of object 'Object Repository/Universal Staging/Tier Name' is: 'Ankit Kumar'

2022-02-02 11:06:12 - [MESSAGE][PASSED] - Text of object 'Object Repository/Universal Staging/Tier Name' is: 'Ankit Kumar'

2022-02-02 11:06:12 - [TEST_STEP][PASSED] - Tier_name = getText(findTestObject("Object Repository/Universal Staging/Tier Namee"), CONTINUE_ON_FAILURE): Text of object 'Object Repository/Universal Staging/Tier Namee' is: 'MOVIE STAR'

2022-02-02 11:06:12 - [MESSAGE][PASSED] - Text of object 'Object Repository/Universal Staging/Tier Namee' is: 'MOVIE STAR'

2022-02-02 11:06:12 - [TEST_STEP][PASSED] - out.println("Welcome " + User_name): null

2022-02-02 11:06:12 - [TEST_STEP][PASSED] - out.println("you are in " + Tier_name): null

2022-02-02 11:06:12 - [TEST_STEP][PASSED] - takeScreenshot(): Taking screenshot successfully

2022-02-02 11:06:12 - [MESSAGE][PASSED] - Taking screenshot successfully
[[ATTACHMENT|/home/knoldus/git/Universal-Auto/Reports/20220202_110133/Movie/Movie/20220202_110138/1643780172497.png]]

2022-02-02 11:06:12 - [MESSAGE][PASSED] - Call Test Case 'Test Cases/Universal/Login/TC-1 Login with Moviestar' successfully

2022-02-02 11:06:12 - [TEST_STEP][PASSED] - delay(5): Delayed 5 second(s)

2022-02-02 11:06:17 - [MESSAGE][PASSED] - Delayed 5 second(s)

2022-02-02 11:06:17 - [TEST_STEP][PASSED] - mouseOver(findTestObject("Object Repository/Universal Staging/a_Validate Purchase")): Object: 'Object Repository/Universal Staging/a_Validate Purchase' is hovered

2022-02-02 11:06:18 - [MESSAGE][PASSED] - Object: 'Object Repository/Universal Staging/a_Validate Purchase' is hovered

2022-02-02 11:06:18 - [TEST_STEP][PASSED] - click(findTestObject("Object Repository/Universal Staging/a_Movie Ticket")): Object: 'Object Repository/Universal Staging/a_Movie Ticket' is clicked on

2022-02-02 11:06:18 - [MESSAGE][PASSED] - Object: 'Object Repository/Universal Staging/a_Movie Ticket' is clicked on

2022-02-02 11:06:18 - [TEST_STEP][PASSED] - scrollToPosition(999, 999, STOP_ON_FAILURE): Browser is scrolled to position x = 999, y = 999

2022-02-02 11:06:18 - [MESSAGE][PASSED] - Browser is scrolled to position x = 999, y = 999

2022-02-02 11:06:18 - [TEST_STEP][PASSED] - delay(5): Delayed 5 second(s)

2022-02-02 11:06:23 - [MESSAGE][PASSED] - Delayed 5 second(s)

2022-02-02 11:06:23 - [TEST_STEP][PASSED] - listofelements = findWebElements(findTestObject("Object Repository/Universal Staging/Movies images"), 10): null

2022-02-02 11:06:23 - [TEST_STEP][PASSED] - for (org.openqa.selenium.WebElement element : listofelements): null

2022-02-02 11:06:23 - [TEST_STEP][PASSED] - out.println("movie" + element.getAttribute("alt") + element.getAttribute("src")): null

2022-02-02 11:06:23 - [TEST_STEP][PASSED] - out.println("movie" + element.getAttribute("alt") + element.getAttribute("src")): null]]></system-out>
         <system-err><![CDATA[]]></system-err>
      </testcase>
      <system-out><![CDATA[2022-02-02 11:05:40 - [TEST_SUITE][PASSED] - Movie: Test Cases/Universal/Tc-1 Verify the movies on movie ticket page]]></system-out>
      <system-err><![CDATA[]]></system-err>
   </testsuite>
</testsuites>
