<?xml version="1.0" encoding="UTF-8"?>
<testsuites name="TS-1" time="36.264" tests="1" failures="0" errors="0">
   <testsuite name="TS-1" tests="1" failures="0" errors="0" time="36.264" skipped="0" timestamp="2022-01-21 13:59:53" hostname="knoldus - knoldus-Latitude-3520" id="Test Suites/Universal/TS-1">
      <properties>
         <property name="deviceName" value=""/>
         <property name="devicePlatform" value=""/>
         <property name="logFolder" value="/home/knoldus/git/Universal-Auto/Reports/20220121_135951/Universal/TS-1/20220121_135951"/>
         <property name="logFiles" value="/home/knoldus/git/Universal-Auto/Reports/20220121_135951/Universal/TS-1/20220121_135951/execution0.log"/>
         <property name="attachments" value="/home/knoldus/Katalon Studio/Login.png"/>
         <property name="hostName" value="knoldus - knoldus-Latitude-3520"/>
         <property name="os" value="Linux 64bit"/>
         <property name="katalonVersion" value="8.2.0.208"/>
         <property name="browser" value="Chrome 95.0.4638.69"/>
         <property name="hostAddress" value="127.0.1.1"/>
         <property name="sessionId" value="7c28355381e5a9a63f2b751339df8838"/>
         <property name="seleniumVersion" value="3.141.59"/>
         <property name="proxyInformation" value="ProxyInformation { proxyOption=NO_PROXY, proxyServerType=HTTP, username=, password=********, proxyServerAddress=, proxyServerPort=0, executionList=&quot;&quot;, isApplyToDesiredCapabilities=true }"/>
         <property name="platform" value="Linux"/>
      </properties>
      <testcase name="Test Cases/Universal/Login/TC-1 Login with Moviestar" time="35.999" classname="Test Cases/Universal/Login/TC-1 Login with Moviestar" status="PASSED">
         <system-out><![CDATA[2022-01-21 13:59:53 - [TEST_CASE][PASSED] - Test Cases/Universal/Login/TC-1 Login with Moviestar: Test Cases/Universal/Login/TC-1 Login with Moviestar

2022-01-21 13:59:53 - [TEST_STEP][PASSED] - openBrowser(""): Browser is opened with url: ''

2022-01-21 13:59:53 - [MESSAGE][INFO] - Starting 'Chrome (headless)' driver

2022-01-21 13:59:53 - [MESSAGE][INFO] - Action delay is set to 0 milliseconds

2022-01-21 13:59:54 - [MESSAGE][PASSED] - Browser is opened with url: ''

2022-01-21 13:59:54 - [TEST_STEP][PASSED] - setViewPortSize(1920, 1080): Viewport is set to new size with width = 1920 and height = 1080

2022-01-21 13:59:54 - [MESSAGE][PASSED] - Viewport is set to new size with width = 1920 and height = 1080

2022-01-21 13:59:54 - [TEST_STEP][PASSED] - navigateToUrl("https://universal.3tlstaging.com/home"): Navigate to 'https://universal.3tlstaging.com/home' successfully

2022-01-21 14:00:18 - [MESSAGE][PASSED] - Navigate to 'https://universal.3tlstaging.com/home' successfully

2022-01-21 14:00:18 - [TEST_STEP][PASSED] - delay(5): Delayed 5 second(s)

2022-01-21 14:00:23 - [MESSAGE][PASSED] - Delayed 5 second(s)

2022-01-21 14:00:23 - [TEST_STEP][PASSED] - maximizeWindow(): Current window maximized

2022-01-21 14:00:23 - [MESSAGE][PASSED] - Current window maximized

2022-01-21 14:00:23 - [TEST_STEP][PASSED] - waitForPageLoad(5): Wait for page load successfully

2022-01-21 14:00:23 - [MESSAGE][PASSED] - Wait for page load successfully

2022-01-21 14:00:23 - [TEST_STEP][PASSED] - if (verifyTextPresent("REGISTER / LOGIN", true, STOP_ON_FAILURE)): null

2022-01-21 14:00:23 - [MESSAGE][PASSED] - Text 'REGISTER / LOGIN' is present on page  using regular expression

2022-01-21 14:00:23 - [TEST_STEP][PASSED] - click(findTestObject("Universal Staging/a_Register  Login")): Object: 'Object Repository/Universal Staging/a_Register  Login' is clicked on

2022-01-21 14:00:23 - [MESSAGE][PASSED] - Object: 'Object Repository/Universal Staging/a_Register  Login' is clicked on

2022-01-21 14:00:23 - [TEST_STEP][PASSED] - setText(findTestObject("Universal Staging/input_USERNAME OR EMAIL_mat-input-0"), Email): Text 'testing12345@yopmail.com' is set on object 'Object Repository/Universal Staging/input_USERNAME OR EMAIL_mat-input-0'

2022-01-21 14:00:23 - [MESSAGE][PASSED] - Text 'testing12345@yopmail.com' is set on object 'Object Repository/Universal Staging/input_USERNAME OR EMAIL_mat-input-0'

2022-01-21 14:00:23 - [TEST_STEP][PASSED] - setText(findTestObject("Universal Staging/input_PASSWORD_mat-input-1"), Pswrd): Text '3TL@testing' is set on object 'Object Repository/Universal Staging/input_PASSWORD_mat-input-1'

2022-01-21 14:00:23 - [MESSAGE][PASSED] - Text '3TL@testing' is set on object 'Object Repository/Universal Staging/input_PASSWORD_mat-input-1'

2022-01-21 14:00:23 - [TEST_STEP][PASSED] - click(findTestObject("Universal Staging/button_Login")): Object: 'Object Repository/Universal Staging/button_Login' is clicked on

2022-01-21 14:00:24 - [MESSAGE][PASSED] - Object: 'Object Repository/Universal Staging/button_Login' is clicked on

2022-01-21 14:00:24 - [TEST_STEP][PASSED] - delay(5): Delayed 5 second(s)

2022-01-21 14:00:29 - [MESSAGE][PASSED] - Delayed 5 second(s)

2022-01-21 14:00:29 - [TEST_STEP][PASSED] - takeScreenshot("/home/knoldus/Katalon Studio/Login.png"): Taking screenshot successfully

2022-01-21 14:00:29 - [MESSAGE][PASSED] - Taking screenshot successfully
[[ATTACHMENT|/home/knoldus/Katalon Studio/Login.png]]]]></system-out>
         <system-err><![CDATA[]]></system-err>
      </testcase>
      <system-out><![CDATA[2022-01-21 13:59:53 - [TEST_SUITE][PASSED] - TS-1: Test Cases/Universal/Login/TC-1 Login with Moviestar]]></system-out>
      <system-err><![CDATA[]]></system-err>
   </testsuite>
</testsuites>
