<?xml version="1.0" encoding="UTF-8"?>
<testsuites name="Login" time="154.698" tests="4" failures="0" errors="0">
   <testsuite name="Login" tests="4" failures="0" errors="0" time="154.698" skipped="0" timestamp="2022-01-31 17:45:27" hostname="knoldus - knoldus-Latitude-3520" id="Test Suites/Login/Login">
      <properties>
         <property name="deviceName" value=""/>
         <property name="devicePlatform" value=""/>
         <property name="logFolder" value="/home/knoldus/git/Universal-Auto/Reports/20220131_174503/Login/Login/20220131_174504"/>
         <property name="logFiles" value="/home/knoldus/git/Universal-Auto/Reports/20220131_174503/Login/Login/20220131_174504/execution0.log"/>
         <property name="attachments" value="/home/knoldus/git/Universal-Auto/Reports/20220131_174503/Login/Login/20220131_174504/1643631361242.png, /home/knoldus/git/Universal-Auto/Reports/20220131_174503/Login/Login/20220131_174504/1643631402818.png, /home/knoldus/git/Universal-Auto/Reports/20220131_174503/Login/Login/20220131_174504/1643631440410.png, /home/knoldus/git/Universal-Auto/Reports/20220131_174503/Login/Login/20220131_174504/1643631476937.png, /home/knoldus/Katalon Studio/Login.png"/>
         <property name="hostName" value="knoldus - knoldus-Latitude-3520"/>
         <property name="os" value="Linux 64bit"/>
         <property name="katalonVersion" value="8.2.0.208"/>
         <property name="browser" value="Firefox 96.0"/>
         <property name="hostAddress" value="127.0.1.1"/>
         <property name="sessionId" value="5aca6290-f96f-495d-8dec-85a30546761a"/>
         <property name="seleniumVersion" value="3.141.59"/>
         <property name="proxyInformation" value="ProxyInformation { proxyOption=NO_PROXY, proxyServerType=HTTP, username=, password=********, proxyServerAddress=, proxyServerPort=0, executionList=&quot;&quot;, isApplyToDesiredCapabilities=true }"/>
         <property name="platform" value="Linux"/>
      </properties>
      <testcase name="Test Cases/Universal/Login/TC-1 Login with Moviestar" time="33.565" classname="Test Cases/Universal/Login/TC-1 Login with Moviestar" status="PASSED">
         <system-out><![CDATA[2022-01-31 17:45:27 - [TEST_CASE][PASSED] - Test Cases/Universal/Login/TC-1 Login with Moviestar: Test Cases/Universal/Login/TC-1 Login with Moviestar

2022-01-31 17:45:28 - [TEST_STEP][PASSED] - openBrowser(""): Browser is opened with url: ''

2022-01-31 17:45:28 - [MESSAGE][INFO] - Starting 'Firefox (headless)' driver

2022-01-31 17:45:28 - [MESSAGE][INFO] - Action delay is set to 0 milliseconds

2022-01-31 17:45:30 - [MESSAGE][PASSED] - Browser is opened with url: ''

2022-01-31 17:45:30 - [TEST_STEP][PASSED] - setViewPortSize(1920, 1080): Viewport is set to new size with width = 1920 and height = 1080

2022-01-31 17:45:30 - [MESSAGE][PASSED] - Viewport is set to new size with width = 1920 and height = 1080

2022-01-31 17:45:30 - [TEST_STEP][PASSED] - navigateToUrl(url): Navigate to 'https://universal.3tlstaging.com/home' successfully

2022-01-31 17:45:52 - [MESSAGE][PASSED] - Navigate to 'https://universal.3tlstaging.com/home' successfully

2022-01-31 17:45:52 - [TEST_STEP][PASSED] - delay(5): Delayed 5 second(s)

2022-01-31 17:45:57 - [MESSAGE][PASSED] - Delayed 5 second(s)

2022-01-31 17:45:57 - [TEST_STEP][PASSED] - maximizeWindow(): Current window maximized

2022-01-31 17:45:57 - [MESSAGE][PASSED] - Current window maximized

2022-01-31 17:45:57 - [TEST_STEP][PASSED] - if (verifyTextPresent("REGISTER / LOGIN", true, STOP_ON_FAILURE)): null

2022-01-31 17:45:57 - [MESSAGE][PASSED] - Text 'REGISTER / LOGIN' is present on page  using regular expression

2022-01-31 17:45:57 - [TEST_STEP][PASSED] - click(findTestObject("Universal Staging/a_Register  Login")): Object: 'Object Repository/Universal Staging/a_Register  Login' is clicked on

2022-01-31 17:45:58 - [MESSAGE][PASSED] - Object: 'Object Repository/Universal Staging/a_Register  Login' is clicked on

2022-01-31 17:45:58 - [TEST_STEP][PASSED] - setText(findTestObject("Universal Staging/input_USERNAME OR EMAIL_mat-input-0"), Email): Text 'testing12345@yopmail.com' is set on object 'Object Repository/Universal Staging/input_USERNAME OR EMAIL_mat-input-0'

2022-01-31 17:45:58 - [MESSAGE][PASSED] - Text 'testing12345@yopmail.com' is set on object 'Object Repository/Universal Staging/input_USERNAME OR EMAIL_mat-input-0'

2022-01-31 17:45:58 - [TEST_STEP][PASSED] - setText(findTestObject("Universal Staging/input_PASSWORD_mat-input-1"), Pswrd): Text '3TL@testing' is set on object 'Object Repository/Universal Staging/input_PASSWORD_mat-input-1'

2022-01-31 17:45:58 - [MESSAGE][PASSED] - Text '3TL@testing' is set on object 'Object Repository/Universal Staging/input_PASSWORD_mat-input-1'

2022-01-31 17:45:58 - [TEST_STEP][PASSED] - click(findTestObject("Universal Staging/button_Login")): Object: 'Object Repository/Universal Staging/button_Login' is clicked on

2022-01-31 17:45:58 - [MESSAGE][PASSED] - Object: 'Object Repository/Universal Staging/button_Login' is clicked on

2022-01-31 17:45:58 - [TEST_STEP][PASSED] - delay(2): Delayed 2 second(s)

2022-01-31 17:46:00 - [MESSAGE][PASSED] - Delayed 2 second(s)

2022-01-31 17:46:00 - [TEST_STEP][PASSED] - result = getText(findTestObject("Object Repository/Universal Staging/Tier Name")): Text of object 'Object Repository/Universal Staging/Tier Name' is: 'Ankit Kumar'

2022-01-31 17:46:01 - [MESSAGE][PASSED] - Text of object 'Object Repository/Universal Staging/Tier Name' is: 'Ankit Kumar'

2022-01-31 17:46:01 - [TEST_STEP][PASSED] - out.println("Welcome" + result): null

2022-01-31 17:46:01 - [TEST_STEP][PASSED] - takeScreenshot(): Taking screenshot successfully

2022-01-31 17:46:01 - [MESSAGE][PASSED] - Taking screenshot successfully
[[ATTACHMENT|/home/knoldus/git/Universal-Auto/Reports/20220131_174503/Login/Login/20220131_174504/1643631361242.png]]]]></system-out>
         <system-err><![CDATA[]]></system-err>
      </testcase>
      <testcase name="Test Cases/Universal/Login/TC-3 Login with Director" time="41.497" classname="Test Cases/Universal/Login/TC-3 Login with Director" status="PASSED">
         <system-out><![CDATA[2022-01-31 17:46:01 - [TEST_CASE][PASSED] - Test Cases/Universal/Login/TC-3 Login with Director: Test Cases/Universal/Login/TC-3 Login with Director

2022-01-31 17:46:01 - [TEST_STEP][PASSED] - openBrowser(""): Browser is opened with url: ''

2022-01-31 17:46:01 - [MESSAGE][WARNING] - A browser is already opened. Closing browser and opening a new one

2022-01-31 17:46:02 - [MESSAGE][INFO] - Starting 'Firefox (headless)' driver

2022-01-31 17:46:02 - [MESSAGE][INFO] - Action delay is set to 0 milliseconds

2022-01-31 17:46:03 - [MESSAGE][PASSED] - Browser is opened with url: ''

2022-01-31 17:46:03 - [TEST_STEP][PASSED] - setViewPortSize(1920, 1080): Viewport is set to new size with width = 1920 and height = 1080

2022-01-31 17:46:03 - [MESSAGE][PASSED] - Viewport is set to new size with width = 1920 and height = 1080

2022-01-31 17:46:03 - [TEST_STEP][PASSED] - navigateToUrl(url): Navigate to 'https://universal.3tlstaging.com/home' successfully

2022-01-31 17:46:33 - [MESSAGE][PASSED] - Navigate to 'https://universal.3tlstaging.com/home' successfully

2022-01-31 17:46:33 - [TEST_STEP][PASSED] - delay(5): Delayed 5 second(s)

2022-01-31 17:46:38 - [MESSAGE][PASSED] - Delayed 5 second(s)

2022-01-31 17:46:38 - [TEST_STEP][PASSED] - maximizeWindow(): Current window maximized

2022-01-31 17:46:39 - [MESSAGE][PASSED] - Current window maximized

2022-01-31 17:46:39 - [TEST_STEP][PASSED] - if (verifyTextPresent("REGISTER / LOGIN", true, STOP_ON_FAILURE)): null

2022-01-31 17:46:39 - [MESSAGE][PASSED] - Text 'REGISTER / LOGIN' is present on page  using regular expression

2022-01-31 17:46:39 - [TEST_STEP][PASSED] - click(findTestObject("Universal Staging/a_Register  Login")): Object: 'Object Repository/Universal Staging/a_Register  Login' is clicked on

2022-01-31 17:46:39 - [MESSAGE][PASSED] - Object: 'Object Repository/Universal Staging/a_Register  Login' is clicked on

2022-01-31 17:46:39 - [TEST_STEP][PASSED] - setText(findTestObject("Universal Staging/input_USERNAME OR EMAIL_mat-input-0"), Email): Text 'test3004@yopmail.com' is set on object 'Object Repository/Universal Staging/input_USERNAME OR EMAIL_mat-input-0'

2022-01-31 17:46:40 - [MESSAGE][PASSED] - Text 'test3004@yopmail.com' is set on object 'Object Repository/Universal Staging/input_USERNAME OR EMAIL_mat-input-0'

2022-01-31 17:46:40 - [TEST_STEP][PASSED] - setText(findTestObject("Universal Staging/input_PASSWORD_mat-input-1"), Pswrd): Text '3tl@testing' is set on object 'Object Repository/Universal Staging/input_PASSWORD_mat-input-1'

2022-01-31 17:46:40 - [MESSAGE][PASSED] - Text '3tl@testing' is set on object 'Object Repository/Universal Staging/input_PASSWORD_mat-input-1'

2022-01-31 17:46:40 - [TEST_STEP][PASSED] - click(findTestObject("Universal Staging/button_Login")): Object: 'Object Repository/Universal Staging/button_Login' is clicked on

2022-01-31 17:46:40 - [MESSAGE][PASSED] - Object: 'Object Repository/Universal Staging/button_Login' is clicked on

2022-01-31 17:46:40 - [TEST_STEP][PASSED] - delay(2): Delayed 2 second(s)

2022-01-31 17:46:42 - [MESSAGE][PASSED] - Delayed 2 second(s)

2022-01-31 17:46:42 - [TEST_STEP][PASSED] - result = getText(findTestObject("Object Repository/Universal Staging/Tier Name")): Text of object 'Object Repository/Universal Staging/Tier Name' is: ''

2022-01-31 17:46:42 - [MESSAGE][PASSED] - Text of object 'Object Repository/Universal Staging/Tier Name' is: ''

2022-01-31 17:46:42 - [TEST_STEP][PASSED] - out.println("Welcome " + result): null

2022-01-31 17:46:42 - [TEST_STEP][PASSED] - takeScreenshot(): Taking screenshot successfully

2022-01-31 17:46:42 - [MESSAGE][PASSED] - Taking screenshot successfully
[[ATTACHMENT|/home/knoldus/git/Universal-Auto/Reports/20220131_174503/Login/Login/20220131_174504/1643631402818.png]]]]></system-out>
         <system-err><![CDATA[]]></system-err>
      </testcase>
      <testcase name="Test Cases/Universal/Login/TC-2 Login with Screenwriter" time="37.56" classname="Test Cases/Universal/Login/TC-2 Login with Screenwriter" status="PASSED">
         <system-out><![CDATA[2022-01-31 17:46:42 - [TEST_CASE][PASSED] - Test Cases/Universal/Login/TC-2 Login with Screenwriter: Test Cases/Universal/Login/TC-2 Login with Screenwriter

2022-01-31 17:46:43 - [TEST_STEP][PASSED] - openBrowser(""): Browser is opened with url: ''

2022-01-31 17:46:43 - [MESSAGE][WARNING] - A browser is already opened. Closing browser and opening a new one

2022-01-31 17:46:43 - [MESSAGE][INFO] - Starting 'Firefox (headless)' driver

2022-01-31 17:46:43 - [MESSAGE][INFO] - Action delay is set to 0 milliseconds

2022-01-31 17:46:45 - [MESSAGE][PASSED] - Browser is opened with url: ''

2022-01-31 17:46:45 - [TEST_STEP][PASSED] - setViewPortSize(1920, 1080): Viewport is set to new size with width = 1920 and height = 1080

2022-01-31 17:46:45 - [MESSAGE][PASSED] - Viewport is set to new size with width = 1920 and height = 1080

2022-01-31 17:46:45 - [TEST_STEP][PASSED] - navigateToUrl(url): Navigate to 'https://universal.3tlstaging.com/home' successfully

2022-01-31 17:47:11 - [MESSAGE][PASSED] - Navigate to 'https://universal.3tlstaging.com/home' successfully

2022-01-31 17:47:11 - [TEST_STEP][PASSED] - delay(5): Delayed 5 second(s)

2022-01-31 17:47:16 - [MESSAGE][PASSED] - Delayed 5 second(s)

2022-01-31 17:47:16 - [TEST_STEP][PASSED] - maximizeWindow(): Current window maximized

2022-01-31 17:47:17 - [MESSAGE][PASSED] - Current window maximized

2022-01-31 17:47:17 - [TEST_STEP][PASSED] - if (verifyTextPresent("REGISTER / LOGIN", true, STOP_ON_FAILURE)): null

2022-01-31 17:47:17 - [MESSAGE][PASSED] - Text 'REGISTER / LOGIN' is present on page  using regular expression

2022-01-31 17:47:17 - [TEST_STEP][PASSED] - click(findTestObject("Universal Staging/a_Register  Login")): Object: 'Object Repository/Universal Staging/a_Register  Login' is clicked on

2022-01-31 17:47:17 - [MESSAGE][PASSED] - Object: 'Object Repository/Universal Staging/a_Register  Login' is clicked on

2022-01-31 17:47:17 - [TEST_STEP][PASSED] - setText(findTestObject("Universal Staging/input_USERNAME OR EMAIL_mat-input-0"), Email): Text 'ankit248@yopmail.com' is set on object 'Object Repository/Universal Staging/input_USERNAME OR EMAIL_mat-input-0'

2022-01-31 17:47:17 - [MESSAGE][PASSED] - Text 'ankit248@yopmail.com' is set on object 'Object Repository/Universal Staging/input_USERNAME OR EMAIL_mat-input-0'

2022-01-31 17:47:17 - [TEST_STEP][PASSED] - setText(findTestObject("Universal Staging/input_PASSWORD_mat-input-1"), Pswrd): Text '3TL@testing' is set on object 'Object Repository/Universal Staging/input_PASSWORD_mat-input-1'

2022-01-31 17:47:17 - [MESSAGE][PASSED] - Text '3TL@testing' is set on object 'Object Repository/Universal Staging/input_PASSWORD_mat-input-1'

2022-01-31 17:47:17 - [TEST_STEP][PASSED] - click(findTestObject("Universal Staging/button_Login")): Object: 'Object Repository/Universal Staging/button_Login' is clicked on

2022-01-31 17:47:18 - [MESSAGE][PASSED] - Object: 'Object Repository/Universal Staging/button_Login' is clicked on

2022-01-31 17:47:18 - [TEST_STEP][PASSED] - delay(2): Delayed 2 second(s)

2022-01-31 17:47:20 - [MESSAGE][PASSED] - Delayed 2 second(s)

2022-01-31 17:47:20 - [TEST_STEP][PASSED] - result = getText(findTestObject("Object Repository/Universal Staging/Tier Name")): Text of object 'Object Repository/Universal Staging/Tier Name' is: 'Ankit Kumar'

2022-01-31 17:47:20 - [MESSAGE][PASSED] - Text of object 'Object Repository/Universal Staging/Tier Name' is: 'Ankit Kumar'

2022-01-31 17:47:20 - [TEST_STEP][PASSED] - out.println("Welcome " + result): null

2022-01-31 17:47:20 - [TEST_STEP][PASSED] - takeScreenshot(): Taking screenshot successfully

2022-01-31 17:47:20 - [MESSAGE][PASSED] - Taking screenshot successfully
[[ATTACHMENT|/home/knoldus/git/Universal-Auto/Reports/20220131_174503/Login/Login/20220131_174504/1643631440410.png]]]]></system-out>
         <system-err><![CDATA[]]></system-err>
      </testcase>
      <testcase name="Test Cases/Universal/Login/TC-4 Login with Extra" time="41.764" classname="Test Cases/Universal/Login/TC-4 Login with Extra" status="PASSED">
         <system-out><![CDATA[2022-01-31 17:47:20 - [TEST_CASE][PASSED] - Test Cases/Universal/Login/TC-4 Login with Extra: Test Cases/Universal/Login/TC-4 Login with Extra

2022-01-31 17:47:20 - [TEST_STEP][PASSED] - openBrowser(""): Browser is opened with url: ''

2022-01-31 17:47:20 - [MESSAGE][WARNING] - A browser is already opened. Closing browser and opening a new one

2022-01-31 17:47:21 - [MESSAGE][INFO] - Starting 'Firefox (headless)' driver

2022-01-31 17:47:21 - [MESSAGE][INFO] - Action delay is set to 0 milliseconds

2022-01-31 17:47:22 - [MESSAGE][PASSED] - Browser is opened with url: ''

2022-01-31 17:47:22 - [TEST_STEP][PASSED] - setViewPortSize(1920, 1080): Viewport is set to new size with width = 1920 and height = 1080

2022-01-31 17:47:22 - [MESSAGE][PASSED] - Viewport is set to new size with width = 1920 and height = 1080

2022-01-31 17:47:22 - [TEST_STEP][PASSED] - navigateToUrl(url): Navigate to 'https://universal.3tlstaging.com/home' successfully

2022-01-31 17:47:48 - [MESSAGE][PASSED] - Navigate to 'https://universal.3tlstaging.com/home' successfully

2022-01-31 17:47:48 - [TEST_STEP][PASSED] - delay(5): Delayed 5 second(s)

2022-01-31 17:47:53 - [MESSAGE][PASSED] - Delayed 5 second(s)

2022-01-31 17:47:53 - [TEST_STEP][PASSED] - maximizeWindow(): Current window maximized

2022-01-31 17:47:53 - [MESSAGE][PASSED] - Current window maximized

2022-01-31 17:47:53 - [TEST_STEP][PASSED] - if (verifyTextPresent("REGISTER / LOGIN", true, STOP_ON_FAILURE)): null

2022-01-31 17:47:53 - [MESSAGE][PASSED] - Text 'REGISTER / LOGIN' is present on page  using regular expression

2022-01-31 17:47:53 - [TEST_STEP][PASSED] - click(findTestObject("Universal Staging/a_Register  Login")): Object: 'Object Repository/Universal Staging/a_Register  Login' is clicked on

2022-01-31 17:47:54 - [MESSAGE][PASSED] - Object: 'Object Repository/Universal Staging/a_Register  Login' is clicked on

2022-01-31 17:47:54 - [TEST_STEP][PASSED] - setText(findTestObject("Universal Staging/input_USERNAME OR EMAIL_mat-input-0"), Email): Text 'soniatest@yopmail.com' is set on object 'Object Repository/Universal Staging/input_USERNAME OR EMAIL_mat-input-0'

2022-01-31 17:47:54 - [MESSAGE][PASSED] - Text 'soniatest@yopmail.com' is set on object 'Object Repository/Universal Staging/input_USERNAME OR EMAIL_mat-input-0'

2022-01-31 17:47:54 - [TEST_STEP][PASSED] - setText(findTestObject("Universal Staging/input_PASSWORD_mat-input-1"), Pswrd): Text 'Test@123' is set on object 'Object Repository/Universal Staging/input_PASSWORD_mat-input-1'

2022-01-31 17:47:54 - [MESSAGE][PASSED] - Text 'Test@123' is set on object 'Object Repository/Universal Staging/input_PASSWORD_mat-input-1'

2022-01-31 17:47:54 - [TEST_STEP][PASSED] - click(findTestObject("Universal Staging/button_Login")): Object: 'Object Repository/Universal Staging/button_Login' is clicked on

2022-01-31 17:47:54 - [MESSAGE][PASSED] - Object: 'Object Repository/Universal Staging/button_Login' is clicked on

2022-01-31 17:47:54 - [TEST_STEP][PASSED] - delay(2): Delayed 2 second(s)

2022-01-31 17:47:56 - [MESSAGE][PASSED] - Delayed 2 second(s)

2022-01-31 17:47:56 - [TEST_STEP][PASSED] - result = getText(findTestObject("Object Repository/Universal Staging/Tier Name")): Text of object 'Object Repository/Universal Staging/Tier Name' is: 'Sonia Rai'

2022-01-31 17:47:56 - [MESSAGE][PASSED] - Text of object 'Object Repository/Universal Staging/Tier Name' is: 'Sonia Rai'

2022-01-31 17:47:56 - [TEST_STEP][PASSED] - out.println("Welcome " + result): null

2022-01-31 17:47:56 - [TEST_STEP][PASSED] - takeScreenshot(): Taking screenshot successfully

2022-01-31 17:47:57 - [MESSAGE][PASSED] - Taking screenshot successfully
[[ATTACHMENT|/home/knoldus/git/Universal-Auto/Reports/20220131_174503/Login/Login/20220131_174504/1643631476937.png]]

2022-01-31 17:47:57 - [TEST_STEP][PASSED] - delay(5): Delayed 5 second(s)

2022-01-31 17:48:02 - [MESSAGE][PASSED] - Delayed 5 second(s)

2022-01-31 17:48:02 - [TEST_STEP][PASSED] - takeScreenshot("/home/knoldus/Katalon Studio/Login.png"): Taking screenshot successfully

2022-01-31 17:48:02 - [MESSAGE][PASSED] - Taking screenshot successfully
[[ATTACHMENT|/home/knoldus/Katalon Studio/Login.png]]]]></system-out>
         <system-err><![CDATA[]]></system-err>
      </testcase>
      <system-out><![CDATA[2022-01-31 17:45:27 - [TEST_SUITE][PASSED] - Login: Test Cases/Universal/Login/TC-4 Login with Extra]]></system-out>
      <system-err><![CDATA[]]></system-err>
   </testsuite>
</testsuites>
